[13 de marzo de 2020 9:43:26] INFO  || ACCIÓN: VALIDAR / USUARIOS. || ESTATUS: Correcto. || DETALLES: Token de usuario generado, acceso a: Benny Yael.
---------------------------------------------------------------------------------------------------------------------------------------------------- 
[13 de marzo de 2020 9:43:26] INFO  || ACCIÓN: BUSQUEDA / CLIENTES POR USUARIO. || ESTATUS: Correcto. || DETALLES: 3 filas consultadas.
---------------------------------------------------------------------------------------------------------------------------------------------------- 
[13 de marzo de 2020 9:59:35] INFO  || ACCIÓN: BUSQUEDA / CLIENTES POR USUARIO. || ESTATUS: Correcto. || DETALLES: 3 filas consultadas.
---------------------------------------------------------------------------------------------------------------------------------------------------- 
[13 de marzo de 2020 10:14:38] INFO  || ACCIÓN: BUSQUEDA / CLIENTES POR USUARIO. || ESTATUS: Correcto. || DETALLES: 3 filas consultadas.
---------------------------------------------------------------------------------------------------------------------------------------------------- 
[13 de marzo de 2020 10:14:38] INFO  || ACCIÓN: BUSQUEDA / CLIENTES POR USUARIO. || ESTATUS: Correcto. || DETALLES: 3 filas consultadas.
---------------------------------------------------------------------------------------------------------------------------------------------------- 
[13 de marzo de 2020 10:14:38] INFO  || ACCIÓN: BUSQUEDA / CLIENTES POR USUARIO. || ESTATUS: Correcto. || DETALLES: 3 filas consultadas.
---------------------------------------------------------------------------------------------------------------------------------------------------- 
[13 de marzo de 2020 10:14:38] INFO  || ACCIÓN: BUSQUEDA / CLIENTES POR USUARIO. || ESTATUS: Correcto. || DETALLES: 3 filas consultadas.
---------------------------------------------------------------------------------------------------------------------------------------------------- 
[13 de marzo de 2020 10:41:54] INFO  || ACCIÓN: BUSQUEDA / CLIENTES POR USUARIO. || ESTATUS: Correcto. || DETALLES: 3 filas consultadas.
---------------------------------------------------------------------------------------------------------------------------------------------------- 
[13 de marzo de 2020 10:59:29] INFO  || ACCIÓN: BUSQUEDA / CLIENTES POR USUARIO. || ESTATUS: Correcto. || DETALLES: 3 filas consultadas.
---------------------------------------------------------------------------------------------------------------------------------------------------- 
[13 de marzo de 2020 10:59:29] INFO  || ACCIÓN: BUSQUEDA / CLIENTES POR USUARIO. || ESTATUS: Correcto. || DETALLES: 3 filas consultadas.
---------------------------------------------------------------------------------------------------------------------------------------------------- 
[13 de marzo de 2020 10:59:29] INFO  || ACCIÓN: BUSQUEDA / CLIENTES POR USUARIO. || ESTATUS: Correcto. || DETALLES: 3 filas consultadas.
---------------------------------------------------------------------------------------------------------------------------------------------------- 
[13 de marzo de 2020 11:20:58] INFO  || ACCIÓN: BUSQUEDA / CLIENTES POR USUARIO. || ESTATUS: Correcto. || DETALLES: 3 filas consultadas.
---------------------------------------------------------------------------------------------------------------------------------------------------- 
[13 de marzo de 2020 11:20:58] INFO  || ACCIÓN: BUSQUEDA / CLIENTES POR USUARIO. || ESTATUS: Correcto. || DETALLES: 3 filas consultadas.
---------------------------------------------------------------------------------------------------------------------------------------------------- 
[13 de marzo de 2020 11:20:58] INFO  || ACCIÓN: BUSQUEDA / CLIENTES POR USUARIO. || ESTATUS: Correcto. || DETALLES: 3 filas consultadas.
---------------------------------------------------------------------------------------------------------------------------------------------------- 
[13 de marzo de 2020 11:20:58] INFO  || ACCIÓN: BUSQUEDA / CLIENTES POR USUARIO. || ESTATUS: Correcto. || DETALLES: 3 filas consultadas.
---------------------------------------------------------------------------------------------------------------------------------------------------- 
[13 de marzo de 2020 11:20:58] INFO  || ACCIÓN: BUSQUEDA / CLIENTES POR USUARIO. || ESTATUS: Correcto. || DETALLES: 3 filas consultadas.
---------------------------------------------------------------------------------------------------------------------------------------------------- 
[13 de marzo de 2020 11:20:58] INFO  || ACCIÓN: BUSQUEDA / CLIENTES POR USUARIO. || ESTATUS: Correcto. || DETALLES: 3 filas consultadas.
---------------------------------------------------------------------------------------------------------------------------------------------------- 
[13 de marzo de 2020 11:20:58] INFO  || ACCIÓN: BUSQUEDA / CLIENTES POR USUARIO. || ESTATUS: Correcto. || DETALLES: 3 filas consultadas.
---------------------------------------------------------------------------------------------------------------------------------------------------- 
[13 de marzo de 2020 11:20:58] INFO  || ACCIÓN: BUSQUEDA / CLIENTES POR USUARIO. || ESTATUS: Correcto. || DETALLES: 3 filas consultadas.
---------------------------------------------------------------------------------------------------------------------------------------------------- 
[13 de marzo de 2020 11:20:58] INFO  || ACCIÓN: BUSQUEDA / CLIENTES POR USUARIO. || ESTATUS: Correcto. || DETALLES: 3 filas consultadas.
---------------------------------------------------------------------------------------------------------------------------------------------------- 
[13 de marzo de 2020 11:20:58] INFO  || ACCIÓN: BUSQUEDA / CLIENTES POR USUARIO. || ESTATUS: Correcto. || DETALLES: 3 filas consultadas.
---------------------------------------------------------------------------------------------------------------------------------------------------- 
[13 de marzo de 2020 11:20:58] INFO  || ACCIÓN: BUSQUEDA / CLIENTES POR USUARIO. || ESTATUS: Correcto. || DETALLES: 3 filas consultadas.
---------------------------------------------------------------------------------------------------------------------------------------------------- 
[13 de marzo de 2020 11:20:58] INFO  || ACCIÓN: BUSQUEDA / CLIENTES POR USUARIO. || ESTATUS: Correcto. || DETALLES: 3 filas consultadas.
---------------------------------------------------------------------------------------------------------------------------------------------------- 
[13 de marzo de 2020 11:20:58] INFO  || ACCIÓN: BUSQUEDA / CLIENTES POR USUARIO. || ESTATUS: Correcto. || DETALLES: 3 filas consultadas.
---------------------------------------------------------------------------------------------------------------------------------------------------- 
[13 de marzo de 2020 11:20:58] INFO  || ACCIÓN: BUSQUEDA / CLIENTES POR USUARIO. || ESTATUS: Correcto. || DETALLES: 3 filas consultadas.
---------------------------------------------------------------------------------------------------------------------------------------------------- 
[13 de marzo de 2020 11:20:58] INFO  || ACCIÓN: BUSQUEDA / CLIENTES POR USUARIO. || ESTATUS: Correcto. || DETALLES: 3 filas consultadas.
---------------------------------------------------------------------------------------------------------------------------------------------------- 
[13 de marzo de 2020 11:20:58] INFO  || ACCIÓN: BUSQUEDA / CLIENTES POR USUARIO. || ESTATUS: Correcto. || DETALLES: 3 filas consultadas.
---------------------------------------------------------------------------------------------------------------------------------------------------- 
[13 de marzo de 2020 11:49:04] INFO  || ACCIÓN: CONSULTA / PANELES. || ESTATUS: Correcto. || DETALLES: 10 filas consultadas.
---------------------------------------------------------------------------------------------------------------------------------------------------- 
[13 de marzo de 2020 11:49:04] INFO  || ACCIÓN: CONSULTA / INVERSORES. || ESTATUS: Correcto. || DETALLES: 25 filas consultadas.
---------------------------------------------------------------------------------------------------------------------------------------------------- 
[13 de marzo de 2020 12:16:32] INFO  || ACCIÓN: CONSULTA / PANELES. || ESTATUS: Correcto. || DETALLES: 10 filas consultadas.
---------------------------------------------------------------------------------------------------------------------------------------------------- 
[13 de marzo de 2020 12:16:32] INFO  || ACCIÓN: CONSULTA / INVERSORES. || ESTATUS: Correcto. || DETALLES: 25 filas consultadas.
---------------------------------------------------------------------------------------------------------------------------------------------------- 
[13 de marzo de 2020 12:23:27] INFO  || ACCIÓN: CONSULTA / PANELES. || ESTATUS: Correcto. || DETALLES: 10 filas consultadas.
---------------------------------------------------------------------------------------------------------------------------------------------------- 
[13 de marzo de 2020 12:23:27] INFO  || ACCIÓN: CONSULTA / INVERSORES. || ESTATUS: Correcto. || DETALLES: 25 filas consultadas.
---------------------------------------------------------------------------------------------------------------------------------------------------- 
[13 de marzo de 2020 12:23:27] INFO  || ACCIÓN: BUSQUEDA / CLIENTES POR USUARIO. || ESTATUS: Correcto. || DETALLES: 3 filas consultadas.
---------------------------------------------------------------------------------------------------------------------------------------------------- 
[13 de marzo de 2020 12:55:07] INFO  || ACCIÓN: CONSULTA / PANELES. || ESTATUS: Correcto. || DETALLES: 10 filas consultadas.
---------------------------------------------------------------------------------------------------------------------------------------------------- 
[13 de marzo de 2020 12:55:07] INFO  || ACCIÓN: CONSULTA / INVERSORES. || ESTATUS: Correcto. || DETALLES: 25 filas consultadas.
---------------------------------------------------------------------------------------------------------------------------------------------------- 
[13 de marzo de 2020 12:55:07] INFO  || ACCIÓN: BUSQUEDA / CLIENTES POR USUARIO. || ESTATUS: Correcto. || DETALLES: 3 filas consultadas.
---------------------------------------------------------------------------------------------------------------------------------------------------- 
[13 de marzo de 2020 13:10:29] INFO  || ACCIÓN: CONSULTA / PANELES. || ESTATUS: Correcto. || DETALLES: 10 filas consultadas.
---------------------------------------------------------------------------------------------------------------------------------------------------- 
[13 de marzo de 2020 13:10:29] INFO  || ACCIÓN: CONSULTA / INVERSORES. || ESTATUS: Correcto. || DETALLES: 25 filas consultadas.
---------------------------------------------------------------------------------------------------------------------------------------------------- 
[13 de marzo de 2020 13:10:29] INFO  || ACCIÓN: BUSQUEDA / CLIENTES POR USUARIO. || ESTATUS: Correcto. || DETALLES: 3 filas consultadas.
---------------------------------------------------------------------------------------------------------------------------------------------------- 
[13 de marzo de 2020 13:10:29] INFO  || ACCIÓN: CONSULTA / PANELES. || ESTATUS: Correcto. || DETALLES: 10 filas consultadas.
---------------------------------------------------------------------------------------------------------------------------------------------------- 
[13 de marzo de 2020 13:10:29] INFO  || ACCIÓN: CONSULTA / INVERSORES. || ESTATUS: Correcto. || DETALLES: 25 filas consultadas.
---------------------------------------------------------------------------------------------------------------------------------------------------- 
[13 de marzo de 2020 13:10:29] INFO  || ACCIÓN: BUSQUEDA / CLIENTES POR USUARIO. || ESTATUS: Correcto. || DETALLES: 3 filas consultadas.
---------------------------------------------------------------------------------------------------------------------------------------------------- 
[13 de marzo de 2020 13:10:29] INFO  || ACCIÓN: CONSULTA / PANELES. || ESTATUS: Correcto. || DETALLES: 10 filas consultadas.
---------------------------------------------------------------------------------------------------------------------------------------------------- 
[13 de marzo de 2020 13:10:29] INFO  || ACCIÓN: CONSULTA / INVERSORES. || ESTATUS: Correcto. || DETALLES: 25 filas consultadas.
---------------------------------------------------------------------------------------------------------------------------------------------------- 
[13 de marzo de 2020 13:10:29] INFO  || ACCIÓN: BUSQUEDA / CLIENTES POR USUARIO. || ESTATUS: Correcto. || DETALLES: 3 filas consultadas.
---------------------------------------------------------------------------------------------------------------------------------------------------- 
[13 de marzo de 2020 13:18:44] INFO  || ACCIÓN: CONSULTA / PANELES. || ESTATUS: Correcto. || DETALLES: 10 filas consultadas.
---------------------------------------------------------------------------------------------------------------------------------------------------- 
[13 de marzo de 2020 13:18:44] INFO  || ACCIÓN: CONSULTA / INVERSORES. || ESTATUS: Correcto. || DETALLES: 25 filas consultadas.
---------------------------------------------------------------------------------------------------------------------------------------------------- 
[13 de marzo de 2020 13:18:44] INFO  || ACCIÓN: BUSQUEDA / CLIENTES POR USUARIO. || ESTATUS: Correcto. || DETALLES: 3 filas consultadas.
---------------------------------------------------------------------------------------------------------------------------------------------------- 
[13 de marzo de 2020 13:18:44] INFO  || ACCIÓN: CONSULTA / PANELES. || ESTATUS: Correcto. || DETALLES: 10 filas consultadas.
---------------------------------------------------------------------------------------------------------------------------------------------------- 
[13 de marzo de 2020 13:18:44] INFO  || ACCIÓN: CONSULTA / INVERSORES. || ESTATUS: Correcto. || DETALLES: 25 filas consultadas.
---------------------------------------------------------------------------------------------------------------------------------------------------- 
[13 de marzo de 2020 13:18:44] INFO  || ACCIÓN: BUSQUEDA / CLIENTES POR USUARIO. || ESTATUS: Correcto. || DETALLES: 3 filas consultadas.
---------------------------------------------------------------------------------------------------------------------------------------------------- 
[13 de marzo de 2020 13:18:44] INFO  || ACCIÓN: CONSULTA / PANELES. || ESTATUS: Correcto. || DETALLES: 10 filas consultadas.
---------------------------------------------------------------------------------------------------------------------------------------------------- 
[13 de marzo de 2020 13:18:44] INFO  || ACCIÓN: CONSULTA / INVERSORES. || ESTATUS: Correcto. || DETALLES: 25 filas consultadas.
---------------------------------------------------------------------------------------------------------------------------------------------------- 
[13 de marzo de 2020 13:18:44] INFO  || ACCIÓN: BUSQUEDA / CLIENTES POR USUARIO. || ESTATUS: Correcto. || DETALLES: 3 filas consultadas.
---------------------------------------------------------------------------------------------------------------------------------------------------- 
[13 de marzo de 2020 13:18:44] INFO  || ACCIÓN: CONSULTA / PANELES. || ESTATUS: Correcto. || DETALLES: 10 filas consultadas.
---------------------------------------------------------------------------------------------------------------------------------------------------- 
[13 de marzo de 2020 13:18:44] INFO  || ACCIÓN: CONSULTA / INVERSORES. || ESTATUS: Correcto. || DETALLES: 25 filas consultadas.
---------------------------------------------------------------------------------------------------------------------------------------------------- 
[13 de marzo de 2020 13:18:44] INFO  || ACCIÓN: BUSQUEDA / CLIENTES POR USUARIO. || ESTATUS: Correcto. || DETALLES: 3 filas consultadas.
---------------------------------------------------------------------------------------------------------------------------------------------------- 
[13 de marzo de 2020 13:18:44] INFO  || ACCIÓN: CONSULTA / PANELES. || ESTATUS: Correcto. || DETALLES: 10 filas consultadas.
---------------------------------------------------------------------------------------------------------------------------------------------------- 
[13 de marzo de 2020 13:18:44] INFO  || ACCIÓN: CONSULTA / INVERSORES. || ESTATUS: Correcto. || DETALLES: 25 filas consultadas.
---------------------------------------------------------------------------------------------------------------------------------------------------- 
[13 de marzo de 2020 13:18:44] INFO  || ACCIÓN: BUSQUEDA / CLIENTES POR USUARIO. || ESTATUS: Correcto. || DETALLES: 3 filas consultadas.
---------------------------------------------------------------------------------------------------------------------------------------------------- 
[13 de marzo de 2020 13:34:10] INFO  || ACCIÓN: CONSULTA / PANELES. || ESTATUS: Correcto. || DETALLES: 10 filas consultadas.
---------------------------------------------------------------------------------------------------------------------------------------------------- 
[13 de marzo de 2020 13:34:10] INFO  || ACCIÓN: CONSULTA / INVERSORES. || ESTATUS: Correcto. || DETALLES: 25 filas consultadas.
---------------------------------------------------------------------------------------------------------------------------------------------------- 
[13 de marzo de 2020 13:34:10] INFO  || ACCIÓN: BUSQUEDA / CLIENTES POR USUARIO. || ESTATUS: Correcto. || DETALLES: 3 filas consultadas.
---------------------------------------------------------------------------------------------------------------------------------------------------- 
[13 de marzo de 2020 13:34:10] INFO  || ACCIÓN: CONSULTA / PANELES. || ESTATUS: Correcto. || DETALLES: 10 filas consultadas.
---------------------------------------------------------------------------------------------------------------------------------------------------- 
[13 de marzo de 2020 13:34:10] INFO  || ACCIÓN: CONSULTA / INVERSORES. || ESTATUS: Correcto. || DETALLES: 25 filas consultadas.
---------------------------------------------------------------------------------------------------------------------------------------------------- 
[13 de marzo de 2020 13:34:10] INFO  || ACCIÓN: BUSQUEDA / CLIENTES POR USUARIO. || ESTATUS: Correcto. || DETALLES: 3 filas consultadas.
---------------------------------------------------------------------------------------------------------------------------------------------------- 
[13 de marzo de 2020 13:34:10] INFO  || ACCIÓN: CONSULTA / PANELES. || ESTATUS: Correcto. || DETALLES: 10 filas consultadas.
---------------------------------------------------------------------------------------------------------------------------------------------------- 
[13 de marzo de 2020 13:34:10] INFO  || ACCIÓN: CONSULTA / INVERSORES. || ESTATUS: Correcto. || DETALLES: 25 filas consultadas.
---------------------------------------------------------------------------------------------------------------------------------------------------- 
[13 de marzo de 2020 13:34:10] INFO  || ACCIÓN: BUSQUEDA / CLIENTES POR USUARIO. || ESTATUS: Correcto. || DETALLES: 3 filas consultadas.
---------------------------------------------------------------------------------------------------------------------------------------------------- 
[13 de marzo de 2020 13:34:10] INFO  || ACCIÓN: CONSULTA / PANELES. || ESTATUS: Correcto. || DETALLES: 10 filas consultadas.
---------------------------------------------------------------------------------------------------------------------------------------------------- 
[13 de marzo de 2020 13:34:10] INFO  || ACCIÓN: CONSULTA / INVERSORES. || ESTATUS: Correcto. || DETALLES: 25 filas consultadas.
---------------------------------------------------------------------------------------------------------------------------------------------------- 
[13 de marzo de 2020 13:34:10] INFO  || ACCIÓN: BUSQUEDA / CLIENTES POR USUARIO. || ESTATUS: Correcto. || DETALLES: 3 filas consultadas.
---------------------------------------------------------------------------------------------------------------------------------------------------- 
[13 de marzo de 2020 13:47:26] INFO  || ACCIÓN: CONSULTA / PANELES. || ESTATUS: Correcto. || DETALLES: 10 filas consultadas.
---------------------------------------------------------------------------------------------------------------------------------------------------- 
[13 de marzo de 2020 13:47:26] INFO  || ACCIÓN: CONSULTA / INVERSORES. || ESTATUS: Correcto. || DETALLES: 25 filas consultadas.
---------------------------------------------------------------------------------------------------------------------------------------------------- 
[13 de marzo de 2020 13:47:26] INFO  || ACCIÓN: BUSQUEDA / CLIENTES POR USUARIO. || ESTATUS: Correcto. || DETALLES: 3 filas consultadas.
---------------------------------------------------------------------------------------------------------------------------------------------------- 
[13 de marzo de 2020 13:55:32] INFO  || ACCIÓN: CONSULTA / PANELES. || ESTATUS: Correcto. || DETALLES: 10 filas consultadas.
---------------------------------------------------------------------------------------------------------------------------------------------------- 
[13 de marzo de 2020 13:55:32] INFO  || ACCIÓN: CONSULTA / INVERSORES. || ESTATUS: Correcto. || DETALLES: 25 filas consultadas.
---------------------------------------------------------------------------------------------------------------------------------------------------- 
[13 de marzo de 2020 13:55:32] INFO  || ACCIÓN: BUSQUEDA / CLIENTES POR USUARIO. || ESTATUS: Correcto. || DETALLES: 3 filas consultadas.
---------------------------------------------------------------------------------------------------------------------------------------------------- 
[13 de marzo de 2020 16:18:53] INFO  || ACCIÓN: VALIDAR / USUARIOS. || ESTATUS: Correcto. || DETALLES: Token de usuario generado, acceso a: Benny Yael.
---------------------------------------------------------------------------------------------------------------------------------------------------- 
[13 de marzo de 2020 16:18:53] INFO  || ACCIÓN: BUSQUEDA / CLIENTES POR USUARIO. || ESTATUS: Correcto. || DETALLES: 3 filas consultadas.
---------------------------------------------------------------------------------------------------------------------------------------------------- 
[13 de marzo de 2020 16:18:53] INFO  || ACCIÓN: BUSQUEDA / CLIENTES POR USUARIO. || ESTATUS: Correcto. || DETALLES: 3 filas consultadas.
---------------------------------------------------------------------------------------------------------------------------------------------------- 
[13 de marzo de 2020 16:18:53] INFO  || ACCIÓN: CONSULTA / PANELES. || ESTATUS: Correcto. || DETALLES: 10 filas consultadas.
---------------------------------------------------------------------------------------------------------------------------------------------------- 
[13 de marzo de 2020 16:18:53] INFO  || ACCIÓN: CONSULTA / INVERSORES. || ESTATUS: Correcto. || DETALLES: 25 filas consultadas.
---------------------------------------------------------------------------------------------------------------------------------------------------- 
[13 de marzo de 2020 16:18:53] INFO  || ACCIÓN: BUSQUEDA / CLIENTES POR USUARIO. || ESTATUS: Correcto. || DETALLES: 3 filas consultadas.
---------------------------------------------------------------------------------------------------------------------------------------------------- 
[13 de marzo de 2020 16:18:53] INFO  || ACCIÓN: BUSQUEDA / CLIENTES POR USUARIO. || ESTATUS: Correcto. || DETALLES: 3 filas consultadas.
---------------------------------------------------------------------------------------------------------------------------------------------------- 
[13 de marzo de 2020 16:18:53] INFO  || ACCIÓN: CONSULTA / PANELES. || ESTATUS: Correcto. || DETALLES: 10 filas consultadas.
---------------------------------------------------------------------------------------------------------------------------------------------------- 
[13 de marzo de 2020 16:18:53] INFO  || ACCIÓN: CONSULTA / INVERSORES. || ESTATUS: Correcto. || DETALLES: 25 filas consultadas.
---------------------------------------------------------------------------------------------------------------------------------------------------- 
[13 de marzo de 2020 16:18:53] INFO  || ACCIÓN: BUSQUEDA / CLIENTES POR USUARIO. || ESTATUS: Correcto. || DETALLES: 3 filas consultadas.
---------------------------------------------------------------------------------------------------------------------------------------------------- 
[13 de marzo de 2020 16:18:53] INFO  || ACCIÓN: BUSQUEDA / CLIENTES POR USUARIO. || ESTATUS: Correcto. || DETALLES: 3 filas consultadas.
---------------------------------------------------------------------------------------------------------------------------------------------------- 
[13 de marzo de 2020 16:18:53] INFO  || ACCIÓN: CONSULTA / PANELES. || ESTATUS: Correcto. || DETALLES: 10 filas consultadas.
---------------------------------------------------------------------------------------------------------------------------------------------------- 
[13 de marzo de 2020 16:18:53] INFO  || ACCIÓN: CONSULTA / INVERSORES. || ESTATUS: Correcto. || DETALLES: 25 filas consultadas.
---------------------------------------------------------------------------------------------------------------------------------------------------- 
[13 de marzo de 2020 16:18:53] INFO  || ACCIÓN: BUSQUEDA / CLIENTES POR USUARIO. || ESTATUS: Correcto. || DETALLES: 3 filas consultadas.
---------------------------------------------------------------------------------------------------------------------------------------------------- 
[13 de marzo de 2020 16:18:53] INFO  || ACCIÓN: BUSQUEDA / CLIENTES POR USUARIO. || ESTATUS: Correcto. || DETALLES: 3 filas consultadas.
---------------------------------------------------------------------------------------------------------------------------------------------------- 
[13 de marzo de 2020 16:18:53] INFO  || ACCIÓN: CONSULTA / PANELES. || ESTATUS: Correcto. || DETALLES: 10 filas consultadas.
---------------------------------------------------------------------------------------------------------------------------------------------------- 
[13 de marzo de 2020 16:18:53] INFO  || ACCIÓN: CONSULTA / INVERSORES. || ESTATUS: Correcto. || DETALLES: 25 filas consultadas.
---------------------------------------------------------------------------------------------------------------------------------------------------- 
[13 de marzo de 2020 16:18:53] INFO  || ACCIÓN: BUSQUEDA / CLIENTES POR USUARIO. || ESTATUS: Correcto. || DETALLES: 3 filas consultadas.
---------------------------------------------------------------------------------------------------------------------------------------------------- 
[13 de marzo de 2020 16:18:53] INFO  || ACCIÓN: BUSQUEDA / CLIENTES POR USUARIO. || ESTATUS: Correcto. || DETALLES: 3 filas consultadas.
---------------------------------------------------------------------------------------------------------------------------------------------------- 
[13 de marzo de 2020 16:18:53] INFO  || ACCIÓN: CONSULTA / PANELES. || ESTATUS: Correcto. || DETALLES: 10 filas consultadas.
---------------------------------------------------------------------------------------------------------------------------------------------------- 
[13 de marzo de 2020 16:18:53] INFO  || ACCIÓN: CONSULTA / INVERSORES. || ESTATUS: Correcto. || DETALLES: 25 filas consultadas.
---------------------------------------------------------------------------------------------------------------------------------------------------- 
[13 de marzo de 2020 16:18:53] INFO  || ACCIÓN: BUSQUEDA / CLIENTES POR USUARIO. || ESTATUS: Correcto. || DETALLES: 3 filas consultadas.
---------------------------------------------------------------------------------------------------------------------------------------------------- 
[13 de marzo de 2020 16:18:53] INFO  || ACCIÓN: BUSQUEDA / CLIENTES POR USUARIO. || ESTATUS: Correcto. || DETALLES: 3 filas consultadas.
---------------------------------------------------------------------------------------------------------------------------------------------------- 
[13 de marzo de 2020 16:29:42] INFO  || ACCIÓN: CONSULTA / PANELES. || ESTATUS: Correcto. || DETALLES: 10 filas consultadas.
---------------------------------------------------------------------------------------------------------------------------------------------------- 
[13 de marzo de 2020 16:29:42] INFO  || ACCIÓN: CONSULTA / INVERSORES. || ESTATUS: Correcto. || DETALLES: 25 filas consultadas.
---------------------------------------------------------------------------------------------------------------------------------------------------- 
[13 de marzo de 2020 16:29:42] INFO  || ACCIÓN: BUSQUEDA / CLIENTES POR USUARIO. || ESTATUS: Correcto. || DETALLES: 3 filas consultadas.
---------------------------------------------------------------------------------------------------------------------------------------------------- 
[13 de marzo de 2020 16:29:42] INFO  || ACCIÓN: BUSQUEDA / CLIENTES POR USUARIO. || ESTATUS: Correcto. || DETALLES: 3 filas consultadas.
---------------------------------------------------------------------------------------------------------------------------------------------------- 
[13 de marzo de 2020 16:29:42] INFO  || ACCIÓN: CONSULTA / PANELES. || ESTATUS: Correcto. || DETALLES: 10 filas consultadas.
---------------------------------------------------------------------------------------------------------------------------------------------------- 
[13 de marzo de 2020 16:29:42] INFO  || ACCIÓN: CONSULTA / INVERSORES. || ESTATUS: Correcto. || DETALLES: 25 filas consultadas.
---------------------------------------------------------------------------------------------------------------------------------------------------- 
[13 de marzo de 2020 16:29:42] INFO  || ACCIÓN: BUSQUEDA / CLIENTES POR USUARIO. || ESTATUS: Correcto. || DETALLES: 3 filas consultadas.
---------------------------------------------------------------------------------------------------------------------------------------------------- 
[13 de marzo de 2020 16:29:42] INFO  || ACCIÓN: BUSQUEDA / CLIENTES POR USUARIO. || ESTATUS: Correcto. || DETALLES: 3 filas consultadas.
---------------------------------------------------------------------------------------------------------------------------------------------------- 
[13 de marzo de 2020 16:29:42] INFO  || ACCIÓN: CONSULTA / PANELES. || ESTATUS: Correcto. || DETALLES: 10 filas consultadas.
---------------------------------------------------------------------------------------------------------------------------------------------------- 
[13 de marzo de 2020 16:29:42] INFO  || ACCIÓN: CONSULTA / INVERSORES. || ESTATUS: Correcto. || DETALLES: 25 filas consultadas.
---------------------------------------------------------------------------------------------------------------------------------------------------- 
[13 de marzo de 2020 16:29:42] INFO  || ACCIÓN: BUSQUEDA / CLIENTES POR USUARIO. || ESTATUS: Correcto. || DETALLES: 3 filas consultadas.
---------------------------------------------------------------------------------------------------------------------------------------------------- 
[13 de marzo de 2020 16:29:42] INFO  || ACCIÓN: BUSQUEDA / CLIENTES POR USUARIO. || ESTATUS: Correcto. || DETALLES: 3 filas consultadas.
---------------------------------------------------------------------------------------------------------------------------------------------------- 
[13 de marzo de 2020 16:29:42] INFO  || ACCIÓN: CONSULTA / PANELES. || ESTATUS: Correcto. || DETALLES: 10 filas consultadas.
---------------------------------------------------------------------------------------------------------------------------------------------------- 
[13 de marzo de 2020 16:29:42] INFO  || ACCIÓN: CONSULTA / INVERSORES. || ESTATUS: Correcto. || DETALLES: 25 filas consultadas.
---------------------------------------------------------------------------------------------------------------------------------------------------- 
[13 de marzo de 2020 16:29:42] INFO  || ACCIÓN: BUSQUEDA / CLIENTES POR USUARIO. || ESTATUS: Correcto. || DETALLES: 3 filas consultadas.
---------------------------------------------------------------------------------------------------------------------------------------------------- 
[13 de marzo de 2020 16:29:42] INFO  || ACCIÓN: BUSQUEDA / CLIENTES POR USUARIO. || ESTATUS: Correcto. || DETALLES: 3 filas consultadas.
---------------------------------------------------------------------------------------------------------------------------------------------------- 
[13 de marzo de 2020 16:29:42] INFO  || ACCIÓN: CONSULTA / PANELES. || ESTATUS: Correcto. || DETALLES: 10 filas consultadas.
---------------------------------------------------------------------------------------------------------------------------------------------------- 
[13 de marzo de 2020 16:29:42] INFO  || ACCIÓN: CONSULTA / INVERSORES. || ESTATUS: Correcto. || DETALLES: 25 filas consultadas.
---------------------------------------------------------------------------------------------------------------------------------------------------- 
[13 de marzo de 2020 16:29:42] INFO  || ACCIÓN: BUSQUEDA / CLIENTES POR USUARIO. || ESTATUS: Correcto. || DETALLES: 3 filas consultadas.
---------------------------------------------------------------------------------------------------------------------------------------------------- 
[13 de marzo de 2020 16:29:42] INFO  || ACCIÓN: BUSQUEDA / CLIENTES POR USUARIO. || ESTATUS: Correcto. || DETALLES: 3 filas consultadas.
---------------------------------------------------------------------------------------------------------------------------------------------------- 
[13 de marzo de 2020 16:29:42] INFO  || ACCIÓN: CONSULTA / PANELES. || ESTATUS: Correcto. || DETALLES: 10 filas consultadas.
---------------------------------------------------------------------------------------------------------------------------------------------------- 
[13 de marzo de 2020 16:29:42] INFO  || ACCIÓN: CONSULTA / INVERSORES. || ESTATUS: Correcto. || DETALLES: 25 filas consultadas.
---------------------------------------------------------------------------------------------------------------------------------------------------- 
[13 de marzo de 2020 16:29:42] INFO  || ACCIÓN: BUSQUEDA / CLIENTES POR USUARIO. || ESTATUS: Correcto. || DETALLES: 3 filas consultadas.
---------------------------------------------------------------------------------------------------------------------------------------------------- 
[13 de marzo de 2020 16:29:42] INFO  || ACCIÓN: BUSQUEDA / CLIENTES POR USUARIO. || ESTATUS: Correcto. || DETALLES: 3 filas consultadas.
---------------------------------------------------------------------------------------------------------------------------------------------------- 
[13 de marzo de 2020 16:29:42] INFO  || ACCIÓN: CONSULTA / PANELES. || ESTATUS: Correcto. || DETALLES: 10 filas consultadas.
---------------------------------------------------------------------------------------------------------------------------------------------------- 
[13 de marzo de 2020 16:29:42] INFO  || ACCIÓN: CONSULTA / INVERSORES. || ESTATUS: Correcto. || DETALLES: 25 filas consultadas.
---------------------------------------------------------------------------------------------------------------------------------------------------- 
[13 de marzo de 2020 16:29:42] INFO  || ACCIÓN: BUSQUEDA / CLIENTES POR USUARIO. || ESTATUS: Correcto. || DETALLES: 3 filas consultadas.
---------------------------------------------------------------------------------------------------------------------------------------------------- 
[13 de marzo de 2020 16:29:42] INFO  || ACCIÓN: BUSQUEDA / CLIENTES POR USUARIO. || ESTATUS: Correcto. || DETALLES: 3 filas consultadas.
---------------------------------------------------------------------------------------------------------------------------------------------------- 
[13 de marzo de 2020 16:29:42] INFO  || ACCIÓN: CONSULTA / PANELES. || ESTATUS: Correcto. || DETALLES: 10 filas consultadas.
---------------------------------------------------------------------------------------------------------------------------------------------------- 
[13 de marzo de 2020 16:29:42] INFO  || ACCIÓN: CONSULTA / INVERSORES. || ESTATUS: Correcto. || DETALLES: 25 filas consultadas.
---------------------------------------------------------------------------------------------------------------------------------------------------- 
[13 de marzo de 2020 16:29:42] INFO  || ACCIÓN: BUSQUEDA / CLIENTES POR USUARIO. || ESTATUS: Correcto. || DETALLES: 3 filas consultadas.
---------------------------------------------------------------------------------------------------------------------------------------------------- 
[13 de marzo de 2020 16:29:42] INFO  || ACCIÓN: BUSQUEDA / CLIENTES POR USUARIO. || ESTATUS: Correcto. || DETALLES: 3 filas consultadas.
---------------------------------------------------------------------------------------------------------------------------------------------------- 
[13 de marzo de 2020 16:29:42] INFO  || ACCIÓN: CONSULTA / PANELES. || ESTATUS: Correcto. || DETALLES: 10 filas consultadas.
---------------------------------------------------------------------------------------------------------------------------------------------------- 
[13 de marzo de 2020 16:29:42] INFO  || ACCIÓN: CONSULTA / INVERSORES. || ESTATUS: Correcto. || DETALLES: 25 filas consultadas.
---------------------------------------------------------------------------------------------------------------------------------------------------- 
[13 de marzo de 2020 16:29:42] INFO  || ACCIÓN: BUSQUEDA / CLIENTES POR USUARIO. || ESTATUS: Correcto. || DETALLES: 3 filas consultadas.
---------------------------------------------------------------------------------------------------------------------------------------------------- 
[13 de marzo de 2020 16:29:42] INFO  || ACCIÓN: BUSQUEDA / CLIENTES POR USUARIO. || ESTATUS: Correcto. || DETALLES: 3 filas consultadas.
---------------------------------------------------------------------------------------------------------------------------------------------------- 
[13 de marzo de 2020 16:29:42] INFO  || ACCIÓN: CONSULTA / PANELES. || ESTATUS: Correcto. || DETALLES: 10 filas consultadas.
---------------------------------------------------------------------------------------------------------------------------------------------------- 
[13 de marzo de 2020 16:29:42] INFO  || ACCIÓN: CONSULTA / INVERSORES. || ESTATUS: Correcto. || DETALLES: 25 filas consultadas.
---------------------------------------------------------------------------------------------------------------------------------------------------- 
[13 de marzo de 2020 16:29:42] INFO  || ACCIÓN: BUSQUEDA / CLIENTES POR USUARIO. || ESTATUS: Correcto. || DETALLES: 3 filas consultadas.
---------------------------------------------------------------------------------------------------------------------------------------------------- 
[13 de marzo de 2020 16:29:42] INFO  || ACCIÓN: BUSQUEDA / CLIENTES POR USUARIO. || ESTATUS: Correcto. || DETALLES: 3 filas consultadas.
---------------------------------------------------------------------------------------------------------------------------------------------------- 
[13 de marzo de 2020 16:44:25] INFO  || ACCIÓN: CONSULTA / PANELES. || ESTATUS: Correcto. || DETALLES: 10 filas consultadas.
---------------------------------------------------------------------------------------------------------------------------------------------------- 
[13 de marzo de 2020 16:44:25] INFO  || ACCIÓN: CONSULTA / INVERSORES. || ESTATUS: Correcto. || DETALLES: 25 filas consultadas.
---------------------------------------------------------------------------------------------------------------------------------------------------- 
[13 de marzo de 2020 16:44:25] INFO  || ACCIÓN: BUSQUEDA / CLIENTES POR USUARIO. || ESTATUS: Correcto. || DETALLES: 3 filas consultadas.
---------------------------------------------------------------------------------------------------------------------------------------------------- 
[13 de marzo de 2020 16:44:25] INFO  || ACCIÓN: BUSQUEDA / CLIENTES POR USUARIO. || ESTATUS: Correcto. || DETALLES: 3 filas consultadas.
---------------------------------------------------------------------------------------------------------------------------------------------------- 
[13 de marzo de 2020 16:44:25] INFO  || ACCIÓN: CONSULTA / PANELES. || ESTATUS: Correcto. || DETALLES: 10 filas consultadas.
---------------------------------------------------------------------------------------------------------------------------------------------------- 
[13 de marzo de 2020 16:44:25] INFO  || ACCIÓN: CONSULTA / INVERSORES. || ESTATUS: Correcto. || DETALLES: 25 filas consultadas.
---------------------------------------------------------------------------------------------------------------------------------------------------- 
[13 de marzo de 2020 16:44:25] INFO  || ACCIÓN: BUSQUEDA / CLIENTES POR USUARIO. || ESTATUS: Correcto. || DETALLES: 3 filas consultadas.
---------------------------------------------------------------------------------------------------------------------------------------------------- 
[13 de marzo de 2020 16:44:25] INFO  || ACCIÓN: BUSQUEDA / CLIENTES POR USUARIO. || ESTATUS: Correcto. || DETALLES: 3 filas consultadas.
---------------------------------------------------------------------------------------------------------------------------------------------------- 
[13 de marzo de 2020 16:44:25] INFO  || ACCIÓN: CONSULTA / PANELES. || ESTATUS: Correcto. || DETALLES: 10 filas consultadas.
---------------------------------------------------------------------------------------------------------------------------------------------------- 
[13 de marzo de 2020 16:44:25] INFO  || ACCIÓN: CONSULTA / INVERSORES. || ESTATUS: Correcto. || DETALLES: 25 filas consultadas.
---------------------------------------------------------------------------------------------------------------------------------------------------- 
[13 de marzo de 2020 16:44:25] INFO  || ACCIÓN: BUSQUEDA / CLIENTES POR USUARIO. || ESTATUS: Correcto. || DETALLES: 3 filas consultadas.
---------------------------------------------------------------------------------------------------------------------------------------------------- 
[13 de marzo de 2020 16:44:25] INFO  || ACCIÓN: BUSQUEDA / CLIENTES POR USUARIO. || ESTATUS: Correcto. || DETALLES: 3 filas consultadas.
---------------------------------------------------------------------------------------------------------------------------------------------------- 
[13 de marzo de 2020 16:55:07] INFO  || ACCIÓN: CONSULTA / PANELES. || ESTATUS: Correcto. || DETALLES: 10 filas consultadas.
---------------------------------------------------------------------------------------------------------------------------------------------------- 
[13 de marzo de 2020 16:55:07] INFO  || ACCIÓN: CONSULTA / INVERSORES. || ESTATUS: Correcto. || DETALLES: 25 filas consultadas.
---------------------------------------------------------------------------------------------------------------------------------------------------- 
[13 de marzo de 2020 16:55:07] INFO  || ACCIÓN: BUSQUEDA / CLIENTES POR USUARIO. || ESTATUS: Correcto. || DETALLES: 3 filas consultadas.
---------------------------------------------------------------------------------------------------------------------------------------------------- 
[13 de marzo de 2020 16:55:07] INFO  || ACCIÓN: BUSQUEDA / CLIENTES POR USUARIO. || ESTATUS: Correcto. || DETALLES: 3 filas consultadas.
---------------------------------------------------------------------------------------------------------------------------------------------------- 
[13 de marzo de 2020 17:05:27] INFO  || ACCIÓN: CONSULTA / PANELES. || ESTATUS: Correcto. || DETALLES: 10 filas consultadas.
---------------------------------------------------------------------------------------------------------------------------------------------------- 
[13 de marzo de 2020 17:05:27] INFO  || ACCIÓN: CONSULTA / INVERSORES. || ESTATUS: Correcto. || DETALLES: 25 filas consultadas.
---------------------------------------------------------------------------------------------------------------------------------------------------- 
[13 de marzo de 2020 17:05:27] INFO  || ACCIÓN: BUSQUEDA / CLIENTES POR USUARIO. || ESTATUS: Correcto. || DETALLES: 3 filas consultadas.
---------------------------------------------------------------------------------------------------------------------------------------------------- 
[13 de marzo de 2020 17:05:27] INFO  || ACCIÓN: BUSQUEDA / CLIENTES POR USUARIO. || ESTATUS: Correcto. || DETALLES: 3 filas consultadas.
---------------------------------------------------------------------------------------------------------------------------------------------------- 
[13 de marzo de 2020 17:12:59] INFO  || ACCIÓN: CONSULTA / PANELES. || ESTATUS: Correcto. || DETALLES: 10 filas consultadas.
---------------------------------------------------------------------------------------------------------------------------------------------------- 
[13 de marzo de 2020 17:12:59] INFO  || ACCIÓN: CONSULTA / INVERSORES. || ESTATUS: Correcto. || DETALLES: 25 filas consultadas.
---------------------------------------------------------------------------------------------------------------------------------------------------- 
[13 de marzo de 2020 17:12:59] INFO  || ACCIÓN: BUSQUEDA / CLIENTES POR USUARIO. || ESTATUS: Correcto. || DETALLES: 3 filas consultadas.
---------------------------------------------------------------------------------------------------------------------------------------------------- 
[13 de marzo de 2020 17:12:59] INFO  || ACCIÓN: BUSQUEDA / CLIENTES POR USUARIO. || ESTATUS: Correcto. || DETALLES: 3 filas consultadas.
---------------------------------------------------------------------------------------------------------------------------------------------------- 
[13 de marzo de 2020 17:12:59] INFO  || ACCIÓN: CONSULTA / PANELES. || ESTATUS: Correcto. || DETALLES: 10 filas consultadas.
---------------------------------------------------------------------------------------------------------------------------------------------------- 
[13 de marzo de 2020 17:12:59] INFO  || ACCIÓN: CONSULTA / INVERSORES. || ESTATUS: Correcto. || DETALLES: 25 filas consultadas.
---------------------------------------------------------------------------------------------------------------------------------------------------- 
[13 de marzo de 2020 17:12:59] INFO  || ACCIÓN: BUSQUEDA / CLIENTES POR USUARIO. || ESTATUS: Correcto. || DETALLES: 3 filas consultadas.
---------------------------------------------------------------------------------------------------------------------------------------------------- 
[13 de marzo de 2020 17:12:59] INFO  || ACCIÓN: BUSQUEDA / CLIENTES POR USUARIO. || ESTATUS: Correcto. || DETALLES: 3 filas consultadas.
---------------------------------------------------------------------------------------------------------------------------------------------------- 
[13 de marzo de 2020 17:12:59] INFO  || ACCIÓN: CONSULTA / PANELES. || ESTATUS: Correcto. || DETALLES: 10 filas consultadas.
---------------------------------------------------------------------------------------------------------------------------------------------------- 
[13 de marzo de 2020 17:12:59] INFO  || ACCIÓN: CONSULTA / INVERSORES. || ESTATUS: Correcto. || DETALLES: 25 filas consultadas.
---------------------------------------------------------------------------------------------------------------------------------------------------- 
[13 de marzo de 2020 17:12:59] INFO  || ACCIÓN: BUSQUEDA / CLIENTES POR USUARIO. || ESTATUS: Correcto. || DETALLES: 3 filas consultadas.
---------------------------------------------------------------------------------------------------------------------------------------------------- 
[13 de marzo de 2020 17:12:59] INFO  || ACCIÓN: BUSQUEDA / CLIENTES POR USUARIO. || ESTATUS: Correcto. || DETALLES: 3 filas consultadas.
---------------------------------------------------------------------------------------------------------------------------------------------------- 
[13 de marzo de 2020 17:12:59] INFO  || ACCIÓN: CONSULTA / PANELES. || ESTATUS: Correcto. || DETALLES: 10 filas consultadas.
---------------------------------------------------------------------------------------------------------------------------------------------------- 
[13 de marzo de 2020 17:12:59] INFO  || ACCIÓN: CONSULTA / INVERSORES. || ESTATUS: Correcto. || DETALLES: 25 filas consultadas.
---------------------------------------------------------------------------------------------------------------------------------------------------- 
[13 de marzo de 2020 17:12:59] INFO  || ACCIÓN: BUSQUEDA / CLIENTES POR USUARIO. || ESTATUS: Correcto. || DETALLES: 3 filas consultadas.
---------------------------------------------------------------------------------------------------------------------------------------------------- 
[13 de marzo de 2020 17:12:59] INFO  || ACCIÓN: BUSQUEDA / CLIENTES POR USUARIO. || ESTATUS: Correcto. || DETALLES: 3 filas consultadas.
---------------------------------------------------------------------------------------------------------------------------------------------------- 
[13 de marzo de 2020 17:12:59] INFO  || ACCIÓN: CONSULTA / PANELES. || ESTATUS: Correcto. || DETALLES: 10 filas consultadas.
---------------------------------------------------------------------------------------------------------------------------------------------------- 
[13 de marzo de 2020 17:12:59] INFO  || ACCIÓN: CONSULTA / INVERSORES. || ESTATUS: Correcto. || DETALLES: 25 filas consultadas.
---------------------------------------------------------------------------------------------------------------------------------------------------- 
[13 de marzo de 2020 17:12:59] INFO  || ACCIÓN: BUSQUEDA / CLIENTES POR USUARIO. || ESTATUS: Correcto. || DETALLES: 3 filas consultadas.
---------------------------------------------------------------------------------------------------------------------------------------------------- 
[13 de marzo de 2020 17:12:59] INFO  || ACCIÓN: BUSQUEDA / CLIENTES POR USUARIO. || ESTATUS: Correcto. || DETALLES: 3 filas consultadas.
---------------------------------------------------------------------------------------------------------------------------------------------------- 
[13 de marzo de 2020 17:12:59] INFO  || ACCIÓN: CONSULTA / PANELES. || ESTATUS: Correcto. || DETALLES: 10 filas consultadas.
---------------------------------------------------------------------------------------------------------------------------------------------------- 
[13 de marzo de 2020 17:12:59] INFO  || ACCIÓN: CONSULTA / INVERSORES. || ESTATUS: Correcto. || DETALLES: 25 filas consultadas.
---------------------------------------------------------------------------------------------------------------------------------------------------- 
[13 de marzo de 2020 17:12:59] INFO  || ACCIÓN: BUSQUEDA / CLIENTES POR USUARIO. || ESTATUS: Correcto. || DETALLES: 3 filas consultadas.
---------------------------------------------------------------------------------------------------------------------------------------------------- 
[13 de marzo de 2020 17:12:59] INFO  || ACCIÓN: BUSQUEDA / CLIENTES POR USUARIO. || ESTATUS: Correcto. || DETALLES: 3 filas consultadas.
---------------------------------------------------------------------------------------------------------------------------------------------------- 
[13 de marzo de 2020 17:12:59] INFO  || ACCIÓN: CONSULTA / PANELES. || ESTATUS: Correcto. || DETALLES: 10 filas consultadas.
---------------------------------------------------------------------------------------------------------------------------------------------------- 
[13 de marzo de 2020 17:12:59] INFO  || ACCIÓN: CONSULTA / INVERSORES. || ESTATUS: Correcto. || DETALLES: 25 filas consultadas.
---------------------------------------------------------------------------------------------------------------------------------------------------- 
[13 de marzo de 2020 17:12:59] INFO  || ACCIÓN: BUSQUEDA / CLIENTES POR USUARIO. || ESTATUS: Correcto. || DETALLES: 3 filas consultadas.
---------------------------------------------------------------------------------------------------------------------------------------------------- 
[13 de marzo de 2020 17:12:59] INFO  || ACCIÓN: BUSQUEDA / CLIENTES POR USUARIO. || ESTATUS: Correcto. || DETALLES: 3 filas consultadas.
---------------------------------------------------------------------------------------------------------------------------------------------------- 
[13 de marzo de 2020 17:12:59] INFO  || ACCIÓN: CONSULTA / PANELES. || ESTATUS: Correcto. || DETALLES: 10 filas consultadas.
---------------------------------------------------------------------------------------------------------------------------------------------------- 
[13 de marzo de 2020 17:12:59] INFO  || ACCIÓN: CONSULTA / INVERSORES. || ESTATUS: Correcto. || DETALLES: 25 filas consultadas.
---------------------------------------------------------------------------------------------------------------------------------------------------- 
[13 de marzo de 2020 17:12:59] INFO  || ACCIÓN: BUSQUEDA / CLIENTES POR USUARIO. || ESTATUS: Correcto. || DETALLES: 3 filas consultadas.
---------------------------------------------------------------------------------------------------------------------------------------------------- 
[13 de marzo de 2020 17:12:59] INFO  || ACCIÓN: BUSQUEDA / CLIENTES POR USUARIO. || ESTATUS: Correcto. || DETALLES: 3 filas consultadas.
---------------------------------------------------------------------------------------------------------------------------------------------------- 
[13 de marzo de 2020 17:12:59] INFO  || ACCIÓN: CONSULTA / PANELES. || ESTATUS: Correcto. || DETALLES: 10 filas consultadas.
---------------------------------------------------------------------------------------------------------------------------------------------------- 
[13 de marzo de 2020 17:12:59] INFO  || ACCIÓN: CONSULTA / INVERSORES. || ESTATUS: Correcto. || DETALLES: 25 filas consultadas.
---------------------------------------------------------------------------------------------------------------------------------------------------- 
[13 de marzo de 2020 17:12:59] INFO  || ACCIÓN: BUSQUEDA / CLIENTES POR USUARIO. || ESTATUS: Correcto. || DETALLES: 3 filas consultadas.
---------------------------------------------------------------------------------------------------------------------------------------------------- 
[13 de marzo de 2020 17:12:59] INFO  || ACCIÓN: BUSQUEDA / CLIENTES POR USUARIO. || ESTATUS: Correcto. || DETALLES: 3 filas consultadas.
---------------------------------------------------------------------------------------------------------------------------------------------------- 
[13 de marzo de 2020 17:12:59] INFO  || ACCIÓN: CONSULTA / PANELES. || ESTATUS: Correcto. || DETALLES: 10 filas consultadas.
---------------------------------------------------------------------------------------------------------------------------------------------------- 
[13 de marzo de 2020 17:12:59] INFO  || ACCIÓN: CONSULTA / INVERSORES. || ESTATUS: Correcto. || DETALLES: 25 filas consultadas.
---------------------------------------------------------------------------------------------------------------------------------------------------- 
[13 de marzo de 2020 17:12:59] INFO  || ACCIÓN: BUSQUEDA / CLIENTES POR USUARIO. || ESTATUS: Correcto. || DETALLES: 3 filas consultadas.
---------------------------------------------------------------------------------------------------------------------------------------------------- 
[13 de marzo de 2020 17:12:59] INFO  || ACCIÓN: BUSQUEDA / CLIENTES POR USUARIO. || ESTATUS: Correcto. || DETALLES: 3 filas consultadas.
---------------------------------------------------------------------------------------------------------------------------------------------------- 
[13 de marzo de 2020 17:12:59] INFO  || ACCIÓN: CONSULTA / PANELES. || ESTATUS: Correcto. || DETALLES: 10 filas consultadas.
---------------------------------------------------------------------------------------------------------------------------------------------------- 
[13 de marzo de 2020 17:12:59] INFO  || ACCIÓN: CONSULTA / INVERSORES. || ESTATUS: Correcto. || DETALLES: 25 filas consultadas.
---------------------------------------------------------------------------------------------------------------------------------------------------- 
[13 de marzo de 2020 17:12:59] INFO  || ACCIÓN: BUSQUEDA / CLIENTES POR USUARIO. || ESTATUS: Correcto. || DETALLES: 3 filas consultadas.
---------------------------------------------------------------------------------------------------------------------------------------------------- 
[13 de marzo de 2020 17:12:59] INFO  || ACCIÓN: BUSQUEDA / CLIENTES POR USUARIO. || ESTATUS: Correcto. || DETALLES: 3 filas consultadas.
---------------------------------------------------------------------------------------------------------------------------------------------------- 
[13 de marzo de 2020 17:12:59] INFO  || ACCIÓN: CONSULTA / PANELES. || ESTATUS: Correcto. || DETALLES: 10 filas consultadas.
---------------------------------------------------------------------------------------------------------------------------------------------------- 
[13 de marzo de 2020 17:12:59] INFO  || ACCIÓN: CONSULTA / INVERSORES. || ESTATUS: Correcto. || DETALLES: 25 filas consultadas.
---------------------------------------------------------------------------------------------------------------------------------------------------- 
[13 de marzo de 2020 17:12:59] INFO  || ACCIÓN: BUSQUEDA / CLIENTES POR USUARIO. || ESTATUS: Correcto. || DETALLES: 3 filas consultadas.
---------------------------------------------------------------------------------------------------------------------------------------------------- 
[13 de marzo de 2020 17:12:59] INFO  || ACCIÓN: BUSQUEDA / CLIENTES POR USUARIO. || ESTATUS: Correcto. || DETALLES: 3 filas consultadas.
---------------------------------------------------------------------------------------------------------------------------------------------------- 
[13 de marzo de 2020 17:12:59] INFO  || ACCIÓN: CONSULTA / PANELES. || ESTATUS: Correcto. || DETALLES: 10 filas consultadas.
---------------------------------------------------------------------------------------------------------------------------------------------------- 
[13 de marzo de 2020 17:12:59] INFO  || ACCIÓN: CONSULTA / INVERSORES. || ESTATUS: Correcto. || DETALLES: 25 filas consultadas.
---------------------------------------------------------------------------------------------------------------------------------------------------- 
[13 de marzo de 2020 17:12:59] INFO  || ACCIÓN: BUSQUEDA / CLIENTES POR USUARIO. || ESTATUS: Correcto. || DETALLES: 3 filas consultadas.
---------------------------------------------------------------------------------------------------------------------------------------------------- 
[13 de marzo de 2020 17:12:59] INFO  || ACCIÓN: BUSQUEDA / CLIENTES POR USUARIO. || ESTATUS: Correcto. || DETALLES: 3 filas consultadas.
---------------------------------------------------------------------------------------------------------------------------------------------------- 
[13 de marzo de 2020 17:12:59] INFO  || ACCIÓN: CONSULTA / PANELES. || ESTATUS: Correcto. || DETALLES: 10 filas consultadas.
---------------------------------------------------------------------------------------------------------------------------------------------------- 
[13 de marzo de 2020 17:12:59] INFO  || ACCIÓN: CONSULTA / INVERSORES. || ESTATUS: Correcto. || DETALLES: 25 filas consultadas.
---------------------------------------------------------------------------------------------------------------------------------------------------- 
[13 de marzo de 2020 17:12:59] INFO  || ACCIÓN: BUSQUEDA / CLIENTES POR USUARIO. || ESTATUS: Correcto. || DETALLES: 3 filas consultadas.
---------------------------------------------------------------------------------------------------------------------------------------------------- 
[13 de marzo de 2020 17:12:59] INFO  || ACCIÓN: BUSQUEDA / CLIENTES POR USUARIO. || ESTATUS: Correcto. || DETALLES: 3 filas consultadas.
---------------------------------------------------------------------------------------------------------------------------------------------------- 
[13 de marzo de 2020 17:12:59] INFO  || ACCIÓN: CONSULTA / PANELES. || ESTATUS: Correcto. || DETALLES: 10 filas consultadas.
---------------------------------------------------------------------------------------------------------------------------------------------------- 
[13 de marzo de 2020 17:12:59] INFO  || ACCIÓN: CONSULTA / INVERSORES. || ESTATUS: Correcto. || DETALLES: 25 filas consultadas.
---------------------------------------------------------------------------------------------------------------------------------------------------- 
[13 de marzo de 2020 17:12:59] INFO  || ACCIÓN: BUSQUEDA / CLIENTES POR USUARIO. || ESTATUS: Correcto. || DETALLES: 3 filas consultadas.
---------------------------------------------------------------------------------------------------------------------------------------------------- 
[13 de marzo de 2020 17:12:59] INFO  || ACCIÓN: BUSQUEDA / CLIENTES POR USUARIO. || ESTATUS: Correcto. || DETALLES: 3 filas consultadas.
---------------------------------------------------------------------------------------------------------------------------------------------------- 
[13 de marzo de 2020 17:12:59] INFO  || ACCIÓN: CONSULTA / PANELES. || ESTATUS: Correcto. || DETALLES: 10 filas consultadas.
---------------------------------------------------------------------------------------------------------------------------------------------------- 
[13 de marzo de 2020 17:12:59] INFO  || ACCIÓN: CONSULTA / INVERSORES. || ESTATUS: Correcto. || DETALLES: 25 filas consultadas.
---------------------------------------------------------------------------------------------------------------------------------------------------- 
[13 de marzo de 2020 17:12:59] INFO  || ACCIÓN: BUSQUEDA / CLIENTES POR USUARIO. || ESTATUS: Correcto. || DETALLES: 3 filas consultadas.
---------------------------------------------------------------------------------------------------------------------------------------------------- 
[13 de marzo de 2020 17:12:59] INFO  || ACCIÓN: BUSQUEDA / CLIENTES POR USUARIO. || ESTATUS: Correcto. || DETALLES: 3 filas consultadas.
---------------------------------------------------------------------------------------------------------------------------------------------------- 
[13 de marzo de 2020 17:12:59] INFO  || ACCIÓN: CONSULTA / PANELES. || ESTATUS: Correcto. || DETALLES: 10 filas consultadas.
---------------------------------------------------------------------------------------------------------------------------------------------------- 
[13 de marzo de 2020 17:12:59] INFO  || ACCIÓN: CONSULTA / INVERSORES. || ESTATUS: Correcto. || DETALLES: 25 filas consultadas.
---------------------------------------------------------------------------------------------------------------------------------------------------- 
[13 de marzo de 2020 17:12:59] INFO  || ACCIÓN: BUSQUEDA / CLIENTES POR USUARIO. || ESTATUS: Correcto. || DETALLES: 3 filas consultadas.
---------------------------------------------------------------------------------------------------------------------------------------------------- 
[13 de marzo de 2020 17:12:59] INFO  || ACCIÓN: BUSQUEDA / CLIENTES POR USUARIO. || ESTATUS: Correcto. || DETALLES: 3 filas consultadas.
---------------------------------------------------------------------------------------------------------------------------------------------------- 
[13 de marzo de 2020 17:12:59] INFO  || ACCIÓN: CONSULTA / PANELES. || ESTATUS: Correcto. || DETALLES: 10 filas consultadas.
---------------------------------------------------------------------------------------------------------------------------------------------------- 
[13 de marzo de 2020 17:12:59] INFO  || ACCIÓN: CONSULTA / INVERSORES. || ESTATUS: Correcto. || DETALLES: 25 filas consultadas.
---------------------------------------------------------------------------------------------------------------------------------------------------- 
[13 de marzo de 2020 17:12:59] INFO  || ACCIÓN: BUSQUEDA / CLIENTES POR USUARIO. || ESTATUS: Correcto. || DETALLES: 3 filas consultadas.
---------------------------------------------------------------------------------------------------------------------------------------------------- 
[13 de marzo de 2020 17:12:59] INFO  || ACCIÓN: BUSQUEDA / CLIENTES POR USUARIO. || ESTATUS: Correcto. || DETALLES: 3 filas consultadas.
---------------------------------------------------------------------------------------------------------------------------------------------------- 
[13 de marzo de 2020 17:12:59] INFO  || ACCIÓN: CONSULTA / PANELES. || ESTATUS: Correcto. || DETALLES: 10 filas consultadas.
---------------------------------------------------------------------------------------------------------------------------------------------------- 
[13 de marzo de 2020 17:12:59] INFO  || ACCIÓN: CONSULTA / INVERSORES. || ESTATUS: Correcto. || DETALLES: 25 filas consultadas.
---------------------------------------------------------------------------------------------------------------------------------------------------- 
[13 de marzo de 2020 17:12:59] INFO  || ACCIÓN: BUSQUEDA / CLIENTES POR USUARIO. || ESTATUS: Correcto. || DETALLES: 3 filas consultadas.
---------------------------------------------------------------------------------------------------------------------------------------------------- 
[13 de marzo de 2020 17:12:59] INFO  || ACCIÓN: BUSQUEDA / CLIENTES POR USUARIO. || ESTATUS: Correcto. || DETALLES: 3 filas consultadas.
---------------------------------------------------------------------------------------------------------------------------------------------------- 
[13 de marzo de 2020 17:12:59] INFO  || ACCIÓN: CONSULTA / PANELES. || ESTATUS: Correcto. || DETALLES: 10 filas consultadas.
---------------------------------------------------------------------------------------------------------------------------------------------------- 
[13 de marzo de 2020 17:12:59] INFO  || ACCIÓN: CONSULTA / INVERSORES. || ESTATUS: Correcto. || DETALLES: 25 filas consultadas.
---------------------------------------------------------------------------------------------------------------------------------------------------- 
[13 de marzo de 2020 17:12:59] INFO  || ACCIÓN: BUSQUEDA / CLIENTES POR USUARIO. || ESTATUS: Correcto. || DETALLES: 3 filas consultadas.
---------------------------------------------------------------------------------------------------------------------------------------------------- 
[13 de marzo de 2020 17:12:59] INFO  || ACCIÓN: BUSQUEDA / CLIENTES POR USUARIO. || ESTATUS: Correcto. || DETALLES: 3 filas consultadas.
---------------------------------------------------------------------------------------------------------------------------------------------------- 
[13 de marzo de 2020 17:12:59] INFO  || ACCIÓN: CONSULTA / PANELES. || ESTATUS: Correcto. || DETALLES: 10 filas consultadas.
---------------------------------------------------------------------------------------------------------------------------------------------------- 
[13 de marzo de 2020 17:12:59] INFO  || ACCIÓN: CONSULTA / INVERSORES. || ESTATUS: Correcto. || DETALLES: 25 filas consultadas.
---------------------------------------------------------------------------------------------------------------------------------------------------- 
[13 de marzo de 2020 17:12:59] INFO  || ACCIÓN: BUSQUEDA / CLIENTES POR USUARIO. || ESTATUS: Correcto. || DETALLES: 3 filas consultadas.
---------------------------------------------------------------------------------------------------------------------------------------------------- 
[13 de marzo de 2020 17:12:59] INFO  || ACCIÓN: BUSQUEDA / CLIENTES POR USUARIO. || ESTATUS: Correcto. || DETALLES: 3 filas consultadas.
---------------------------------------------------------------------------------------------------------------------------------------------------- 
[13 de marzo de 2020 17:12:59] INFO  || ACCIÓN: CONSULTA / PANELES. || ESTATUS: Correcto. || DETALLES: 10 filas consultadas.
---------------------------------------------------------------------------------------------------------------------------------------------------- 
[13 de marzo de 2020 17:12:59] INFO  || ACCIÓN: CONSULTA / INVERSORES. || ESTATUS: Correcto. || DETALLES: 25 filas consultadas.
---------------------------------------------------------------------------------------------------------------------------------------------------- 
[13 de marzo de 2020 17:12:59] INFO  || ACCIÓN: BUSQUEDA / CLIENTES POR USUARIO. || ESTATUS: Correcto. || DETALLES: 3 filas consultadas.
---------------------------------------------------------------------------------------------------------------------------------------------------- 
[13 de marzo de 2020 17:12:59] INFO  || ACCIÓN: BUSQUEDA / CLIENTES POR USUARIO. || ESTATUS: Correcto. || DETALLES: 3 filas consultadas.
---------------------------------------------------------------------------------------------------------------------------------------------------- 
[13 de marzo de 2020 17:12:59] INFO  || ACCIÓN: CONSULTA / PANELES. || ESTATUS: Correcto. || DETALLES: 10 filas consultadas.
---------------------------------------------------------------------------------------------------------------------------------------------------- 
[13 de marzo de 2020 17:12:59] INFO  || ACCIÓN: CONSULTA / INVERSORES. || ESTATUS: Correcto. || DETALLES: 25 filas consultadas.
---------------------------------------------------------------------------------------------------------------------------------------------------- 
[13 de marzo de 2020 17:12:59] INFO  || ACCIÓN: BUSQUEDA / CLIENTES POR USUARIO. || ESTATUS: Correcto. || DETALLES: 3 filas consultadas.
---------------------------------------------------------------------------------------------------------------------------------------------------- 
[13 de marzo de 2020 17:12:59] INFO  || ACCIÓN: BUSQUEDA / CLIENTES POR USUARIO. || ESTATUS: Correcto. || DETALLES: 3 filas consultadas.
---------------------------------------------------------------------------------------------------------------------------------------------------- 
[13 de marzo de 2020 17:48:52] INFO  || ACCIÓN: CONSULTA / PANELES. || ESTATUS: Correcto. || DETALLES: 10 filas consultadas.
---------------------------------------------------------------------------------------------------------------------------------------------------- 
[13 de marzo de 2020 17:48:52] INFO  || ACCIÓN: CONSULTA / INVERSORES. || ESTATUS: Correcto. || DETALLES: 25 filas consultadas.
---------------------------------------------------------------------------------------------------------------------------------------------------- 
[13 de marzo de 2020 17:48:52] INFO  || ACCIÓN: BUSQUEDA / CLIENTES POR USUARIO. || ESTATUS: Correcto. || DETALLES: 3 filas consultadas.
---------------------------------------------------------------------------------------------------------------------------------------------------- 
[13 de marzo de 2020 17:48:52] INFO  || ACCIÓN: BUSQUEDA / CLIENTES POR USUARIO. || ESTATUS: Correcto. || DETALLES: 3 filas consultadas.
---------------------------------------------------------------------------------------------------------------------------------------------------- 
[13 de marzo de 2020 17:48:52] INFO  || ACCIÓN: CONSULTA / PANELES. || ESTATUS: Correcto. || DETALLES: 10 filas consultadas.
---------------------------------------------------------------------------------------------------------------------------------------------------- 
[13 de marzo de 2020 17:48:52] INFO  || ACCIÓN: CONSULTA / INVERSORES. || ESTATUS: Correcto. || DETALLES: 25 filas consultadas.
---------------------------------------------------------------------------------------------------------------------------------------------------- 
[13 de marzo de 2020 17:48:52] INFO  || ACCIÓN: BUSQUEDA / CLIENTES POR USUARIO. || ESTATUS: Correcto. || DETALLES: 3 filas consultadas.
---------------------------------------------------------------------------------------------------------------------------------------------------- 
[13 de marzo de 2020 17:48:52] INFO  || ACCIÓN: BUSQUEDA / CLIENTES POR USUARIO. || ESTATUS: Correcto. || DETALLES: 3 filas consultadas.
---------------------------------------------------------------------------------------------------------------------------------------------------- 
[13 de marzo de 2020 18:59:00] INFO  || ACCIÓN: CONSULTA / PANELES. || ESTATUS: Correcto. || DETALLES: 10 filas consultadas.
---------------------------------------------------------------------------------------------------------------------------------------------------- 
[13 de marzo de 2020 18:59:00] INFO  || ACCIÓN: CONSULTA / INVERSORES. || ESTATUS: Correcto. || DETALLES: 25 filas consultadas.
---------------------------------------------------------------------------------------------------------------------------------------------------- 
[13 de marzo de 2020 18:59:00] INFO  || ACCIÓN: BUSQUEDA / CLIENTES POR USUARIO. || ESTATUS: Correcto. || DETALLES: 3 filas consultadas.
---------------------------------------------------------------------------------------------------------------------------------------------------- 
