<<<<<<< HEAD
[2020 M03 14 9:25:06] INFO  || ACCIÓN: CONSULTA / PANELES. || ESTATUS: Correcto. || DETALLES: 10 filas consultadas.
---------------------------------------------------------------------------------------------------------------------------------------------------- 
[2020 M03 14 9:25:06] INFO  || ACCIÓN: CONSULTA / INVERSORES. || ESTATUS: Correcto. || DETALLES: 25 filas consultadas.
---------------------------------------------------------------------------------------------------------------------------------------------------- 
[2020 M03 14 9:25:06] INFO  || ACCIÓN: CONSULTA / PANELES. || ESTATUS: Correcto. || DETALLES: 10 filas consultadas.
---------------------------------------------------------------------------------------------------------------------------------------------------- 
[2020 M03 14 9:25:06] INFO  || ACCIÓN: CONSULTA / INVERSORES. || ESTATUS: Correcto. || DETALLES: 25 filas consultadas.
---------------------------------------------------------------------------------------------------------------------------------------------------- 
[2020 M03 14 9:25:06] INFO  || ACCIÓN: CONSULTA / PANELES. || ESTATUS: Correcto. || DETALLES: 10 filas consultadas.
---------------------------------------------------------------------------------------------------------------------------------------------------- 
[2020 M03 14 9:25:06] INFO  || ACCIÓN: CONSULTA / INVERSORES. || ESTATUS: Correcto. || DETALLES: 25 filas consultadas.
---------------------------------------------------------------------------------------------------------------------------------------------------- 
[2020 M03 14 9:25:06] INFO  || ACCIÓN: CONSULTA / PANELES. || ESTATUS: Correcto. || DETALLES: 10 filas consultadas.
---------------------------------------------------------------------------------------------------------------------------------------------------- 
[2020 M03 14 9:25:06] INFO  || ACCIÓN: CONSULTA / INVERSORES. || ESTATUS: Correcto. || DETALLES: 25 filas consultadas.
---------------------------------------------------------------------------------------------------------------------------------------------------- 
[2020 M03 14 9:25:06] INFO  || ACCIÓN: CONSULTA / PANELES. || ESTATUS: Correcto. || DETALLES: 10 filas consultadas.
---------------------------------------------------------------------------------------------------------------------------------------------------- 
[2020 M03 14 9:25:06] INFO  || ACCIÓN: CONSULTA / INVERSORES. || ESTATUS: Correcto. || DETALLES: 25 filas consultadas.
---------------------------------------------------------------------------------------------------------------------------------------------------- 
[2020 M03 14 9:46:27] INFO  || ACCIÓN: CONSULTA / PANELES. || ESTATUS: Correcto. || DETALLES: 10 filas consultadas.
---------------------------------------------------------------------------------------------------------------------------------------------------- 
[2020 M03 14 9:46:27] INFO  || ACCIÓN: CONSULTA / INVERSORES. || ESTATUS: Correcto. || DETALLES: 25 filas consultadas.
---------------------------------------------------------------------------------------------------------------------------------------------------- 
[2020 M03 14 9:46:27] INFO  || ACCIÓN: CONSULTA / PANELES. || ESTATUS: Correcto. || DETALLES: 10 filas consultadas.
---------------------------------------------------------------------------------------------------------------------------------------------------- 
[2020 M03 14 9:46:27] INFO  || ACCIÓN: CONSULTA / INVERSORES. || ESTATUS: Correcto. || DETALLES: 25 filas consultadas.
---------------------------------------------------------------------------------------------------------------------------------------------------- 
[2020 M03 14 9:59:04] INFO  || ACCIÓN: CONSULTA / PANELES. || ESTATUS: Correcto. || DETALLES: 10 filas consultadas.
---------------------------------------------------------------------------------------------------------------------------------------------------- 
[2020 M03 14 9:59:04] INFO  || ACCIÓN: CONSULTA / INVERSORES. || ESTATUS: Correcto. || DETALLES: 25 filas consultadas.
---------------------------------------------------------------------------------------------------------------------------------------------------- 
[2020 M03 14 9:59:04] INFO  || ACCIÓN: CONSULTA / PANELES. || ESTATUS: Correcto. || DETALLES: 10 filas consultadas.
---------------------------------------------------------------------------------------------------------------------------------------------------- 
[2020 M03 14 9:59:04] INFO  || ACCIÓN: CONSULTA / INVERSORES. || ESTATUS: Correcto. || DETALLES: 25 filas consultadas.
---------------------------------------------------------------------------------------------------------------------------------------------------- 
[2020 M03 14 10:27:51] INFO  || ACCIÓN: CONSULTA / PANELES. || ESTATUS: Correcto. || DETALLES: 10 filas consultadas.
---------------------------------------------------------------------------------------------------------------------------------------------------- 
[2020 M03 14 10:27:51] INFO  || ACCIÓN: CONSULTA / INVERSORES. || ESTATUS: Correcto. || DETALLES: 25 filas consultadas.
---------------------------------------------------------------------------------------------------------------------------------------------------- 
[2020 M03 14 10:27:51] INFO  || ACCIÓN: CONSULTA / PANELES. || ESTATUS: Correcto. || DETALLES: 10 filas consultadas.
---------------------------------------------------------------------------------------------------------------------------------------------------- 
[2020 M03 14 10:27:51] INFO  || ACCIÓN: CONSULTA / INVERSORES. || ESTATUS: Correcto. || DETALLES: 25 filas consultadas.
---------------------------------------------------------------------------------------------------------------------------------------------------- 
[2020 M03 14 10:52:46] INFO  || ACCIÓN: CONSULTA / PANELES. || ESTATUS: Correcto. || DETALLES: 10 filas consultadas.
---------------------------------------------------------------------------------------------------------------------------------------------------- 
[2020 M03 14 10:52:46] INFO  || ACCIÓN: CONSULTA / INVERSORES. || ESTATUS: Correcto. || DETALLES: 25 filas consultadas.
---------------------------------------------------------------------------------------------------------------------------------------------------- 
[2020 M03 14 11:23:16] INFO  || ACCIÓN: CONSULTA / PANELES. || ESTATUS: Correcto. || DETALLES: 10 filas consultadas.
---------------------------------------------------------------------------------------------------------------------------------------------------- 
[2020 M03 14 11:23:16] INFO  || ACCIÓN: CONSULTA / INVERSORES. || ESTATUS: Correcto. || DETALLES: 25 filas consultadas.
---------------------------------------------------------------------------------------------------------------------------------------------------- 
[2020 M03 14 11:23:16] INFO  || ACCIÓN: CONSULTA / PANELES. || ESTATUS: Correcto. || DETALLES: 10 filas consultadas.
---------------------------------------------------------------------------------------------------------------------------------------------------- 
[2020 M03 14 11:23:16] INFO  || ACCIÓN: CONSULTA / INVERSORES. || ESTATUS: Correcto. || DETALLES: 25 filas consultadas.
---------------------------------------------------------------------------------------------------------------------------------------------------- 
[2020 M03 14 11:23:16] INFO  || ACCIÓN: CONSULTA / PANELES. || ESTATUS: Correcto. || DETALLES: 10 filas consultadas.
---------------------------------------------------------------------------------------------------------------------------------------------------- 
[2020 M03 14 11:23:16] INFO  || ACCIÓN: CONSULTA / INVERSORES. || ESTATUS: Correcto. || DETALLES: 25 filas consultadas.
---------------------------------------------------------------------------------------------------------------------------------------------------- 
[2020 M03 14 11:23:16] INFO  || ACCIÓN: CONSULTA / PANELES. || ESTATUS: Correcto. || DETALLES: 10 filas consultadas.
---------------------------------------------------------------------------------------------------------------------------------------------------- 
[2020 M03 14 11:23:16] INFO  || ACCIÓN: CONSULTA / INVERSORES. || ESTATUS: Correcto. || DETALLES: 25 filas consultadas.
---------------------------------------------------------------------------------------------------------------------------------------------------- 
[2020 M03 14 11:23:16] INFO  || ACCIÓN: CONSULTA / PANELES. || ESTATUS: Correcto. || DETALLES: 10 filas consultadas.
---------------------------------------------------------------------------------------------------------------------------------------------------- 
[2020 M03 14 11:23:16] INFO  || ACCIÓN: CONSULTA / INVERSORES. || ESTATUS: Correcto. || DETALLES: 25 filas consultadas.
---------------------------------------------------------------------------------------------------------------------------------------------------- 
[2020 M03 14 11:23:16] INFO  || ACCIÓN: CONSULTA / PANELES. || ESTATUS: Correcto. || DETALLES: 10 filas consultadas.
---------------------------------------------------------------------------------------------------------------------------------------------------- 
[2020 M03 14 11:23:16] INFO  || ACCIÓN: CONSULTA / INVERSORES. || ESTATUS: Correcto. || DETALLES: 25 filas consultadas.
---------------------------------------------------------------------------------------------------------------------------------------------------- 
[2020 M03 14 11:23:16] INFO  || ACCIÓN: CONSULTA / PANELES. || ESTATUS: Correcto. || DETALLES: 10 filas consultadas.
---------------------------------------------------------------------------------------------------------------------------------------------------- 
[2020 M03 14 11:23:16] INFO  || ACCIÓN: CONSULTA / INVERSORES. || ESTATUS: Correcto. || DETALLES: 25 filas consultadas.
---------------------------------------------------------------------------------------------------------------------------------------------------- 
[2020 M03 14 11:23:16] INFO  || ACCIÓN: CONSULTA / PANELES. || ESTATUS: Correcto. || DETALLES: 10 filas consultadas.
---------------------------------------------------------------------------------------------------------------------------------------------------- 
[2020 M03 14 11:23:16] INFO  || ACCIÓN: CONSULTA / INVERSORES. || ESTATUS: Correcto. || DETALLES: 25 filas consultadas.
---------------------------------------------------------------------------------------------------------------------------------------------------- 
[2020 M03 14 11:23:16] INFO  || ACCIÓN: CONSULTA / PANELES. || ESTATUS: Correcto. || DETALLES: 10 filas consultadas.
---------------------------------------------------------------------------------------------------------------------------------------------------- 
[2020 M03 14 11:23:16] INFO  || ACCIÓN: CONSULTA / INVERSORES. || ESTATUS: Correcto. || DETALLES: 25 filas consultadas.
---------------------------------------------------------------------------------------------------------------------------------------------------- 
[2020 M03 14 11:23:16] INFO  || ACCIÓN: CONSULTA / PANELES. || ESTATUS: Correcto. || DETALLES: 10 filas consultadas.
---------------------------------------------------------------------------------------------------------------------------------------------------- 
[2020 M03 14 11:23:16] INFO  || ACCIÓN: CONSULTA / INVERSORES. || ESTATUS: Correcto. || DETALLES: 25 filas consultadas.
---------------------------------------------------------------------------------------------------------------------------------------------------- 
[2020 M03 14 11:23:16] INFO  || ACCIÓN: CONSULTA / PANELES. || ESTATUS: Correcto. || DETALLES: 10 filas consultadas.
---------------------------------------------------------------------------------------------------------------------------------------------------- 
[2020 M03 14 11:23:16] INFO  || ACCIÓN: CONSULTA / INVERSORES. || ESTATUS: Correcto. || DETALLES: 25 filas consultadas.
---------------------------------------------------------------------------------------------------------------------------------------------------- 
[2020 M03 14 11:23:16] INFO  || ACCIÓN: CONSULTA / PANELES. || ESTATUS: Correcto. || DETALLES: 10 filas consultadas.
---------------------------------------------------------------------------------------------------------------------------------------------------- 
[2020 M03 14 11:23:16] INFO  || ACCIÓN: CONSULTA / INVERSORES. || ESTATUS: Correcto. || DETALLES: 25 filas consultadas.
---------------------------------------------------------------------------------------------------------------------------------------------------- 
[2020 M03 14 11:23:16] INFO  || ACCIÓN: CONSULTA / PANELES. || ESTATUS: Correcto. || DETALLES: 10 filas consultadas.
---------------------------------------------------------------------------------------------------------------------------------------------------- 
[2020 M03 14 11:23:16] INFO  || ACCIÓN: CONSULTA / INVERSORES. || ESTATUS: Correcto. || DETALLES: 25 filas consultadas.
---------------------------------------------------------------------------------------------------------------------------------------------------- 
[2020 M03 14 11:23:16] INFO  || ACCIÓN: CONSULTA / PANELES. || ESTATUS: Correcto. || DETALLES: 10 filas consultadas.
---------------------------------------------------------------------------------------------------------------------------------------------------- 
[2020 M03 14 11:23:16] INFO  || ACCIÓN: CONSULTA / INVERSORES. || ESTATUS: Correcto. || DETALLES: 25 filas consultadas.
---------------------------------------------------------------------------------------------------------------------------------------------------- 
[2020 M03 14 12:30:18] INFO  || ACCIÓN: CONSULTA / PANELES. || ESTATUS: Correcto. || DETALLES: 10 filas consultadas.
---------------------------------------------------------------------------------------------------------------------------------------------------- 
[2020 M03 14 12:30:18] INFO  || ACCIÓN: CONSULTA / INVERSORES. || ESTATUS: Correcto. || DETALLES: 25 filas consultadas.
---------------------------------------------------------------------------------------------------------------------------------------------------- 
[2020 M03 14 12:52:39] INFO  || ACCIÓN: CONSULTA / PANELES. || ESTATUS: Correcto. || DETALLES: 10 filas consultadas.
---------------------------------------------------------------------------------------------------------------------------------------------------- 
[2020 M03 14 12:52:39] INFO  || ACCIÓN: CONSULTA / INVERSORES. || ESTATUS: Correcto. || DETALLES: 25 filas consultadas.
=======
[2020 M03 14 9:50:09] INFO  || ACCIÓN: CONSULTA / PANELES. || ESTATUS: Correcto. || DETALLES: 10 filas consultadas.
---------------------------------------------------------------------------------------------------------------------------------------------------- 
[2020 M03 14 9:50:09] INFO  || ACCIÓN: CONSULTA / INVERSORES. || ESTATUS: Correcto. || DETALLES: 25 filas consultadas.
---------------------------------------------------------------------------------------------------------------------------------------------------- 
[2020 M03 14 9:50:09] INFO  || ACCIÓN: CONSULTA / PANELES. || ESTATUS: Correcto. || DETALLES: 10 filas consultadas.
---------------------------------------------------------------------------------------------------------------------------------------------------- 
[2020 M03 14 9:50:09] INFO  || ACCIÓN: CONSULTA / INVERSORES. || ESTATUS: Correcto. || DETALLES: 25 filas consultadas.
---------------------------------------------------------------------------------------------------------------------------------------------------- 
[2020 M03 14 10:21:20] INFO  || ACCIÓN: CONSULTA / PANELES. || ESTATUS: Correcto. || DETALLES: 10 filas consultadas.
---------------------------------------------------------------------------------------------------------------------------------------------------- 
[2020 M03 14 10:21:20] INFO  || ACCIÓN: CONSULTA / INVERSORES. || ESTATUS: Correcto. || DETALLES: 25 filas consultadas.
---------------------------------------------------------------------------------------------------------------------------------------------------- 
[2020 M03 14 10:21:20] INFO  || ACCIÓN: CONSULTA / PANELES. || ESTATUS: Correcto. || DETALLES: 10 filas consultadas.
---------------------------------------------------------------------------------------------------------------------------------------------------- 
[2020 M03 14 10:21:20] INFO  || ACCIÓN: CONSULTA / INVERSORES. || ESTATUS: Correcto. || DETALLES: 25 filas consultadas.
---------------------------------------------------------------------------------------------------------------------------------------------------- 
[2020 M03 14 10:21:20] INFO  || ACCIÓN: CONSULTA / PANELES. || ESTATUS: Correcto. || DETALLES: 10 filas consultadas.
---------------------------------------------------------------------------------------------------------------------------------------------------- 
[2020 M03 14 10:21:20] INFO  || ACCIÓN: CONSULTA / INVERSORES. || ESTATUS: Correcto. || DETALLES: 25 filas consultadas.
---------------------------------------------------------------------------------------------------------------------------------------------------- 
[2020 M03 14 10:21:20] INFO  || ACCIÓN: CONSULTA / PANELES. || ESTATUS: Correcto. || DETALLES: 10 filas consultadas.
---------------------------------------------------------------------------------------------------------------------------------------------------- 
[2020 M03 14 10:21:20] INFO  || ACCIÓN: CONSULTA / INVERSORES. || ESTATUS: Correcto. || DETALLES: 25 filas consultadas.
---------------------------------------------------------------------------------------------------------------------------------------------------- 
[2020 M03 14 10:21:20] INFO  || ACCIÓN: CONSULTA / PANELES. || ESTATUS: Correcto. || DETALLES: 10 filas consultadas.
---------------------------------------------------------------------------------------------------------------------------------------------------- 
[2020 M03 14 10:21:20] INFO  || ACCIÓN: CONSULTA / INVERSORES. || ESTATUS: Correcto. || DETALLES: 25 filas consultadas.
---------------------------------------------------------------------------------------------------------------------------------------------------- 
[2020 M03 14 10:21:20] INFO  || ACCIÓN: CONSULTA / PANELES. || ESTATUS: Correcto. || DETALLES: 10 filas consultadas.
---------------------------------------------------------------------------------------------------------------------------------------------------- 
[2020 M03 14 10:21:20] INFO  || ACCIÓN: CONSULTA / INVERSORES. || ESTATUS: Correcto. || DETALLES: 25 filas consultadas.
---------------------------------------------------------------------------------------------------------------------------------------------------- 
[2020 M03 14 10:21:20] INFO  || ACCIÓN: CONSULTA / PANELES. || ESTATUS: Correcto. || DETALLES: 10 filas consultadas.
---------------------------------------------------------------------------------------------------------------------------------------------------- 
[2020 M03 14 10:21:20] INFO  || ACCIÓN: CONSULTA / INVERSORES. || ESTATUS: Correcto. || DETALLES: 25 filas consultadas.
---------------------------------------------------------------------------------------------------------------------------------------------------- 
[2020 M03 14 10:21:20] INFO  || ACCIÓN: CONSULTA / PANELES. || ESTATUS: Correcto. || DETALLES: 10 filas consultadas.
---------------------------------------------------------------------------------------------------------------------------------------------------- 
[2020 M03 14 10:21:20] INFO  || ACCIÓN: CONSULTA / INVERSORES. || ESTATUS: Correcto. || DETALLES: 25 filas consultadas.
---------------------------------------------------------------------------------------------------------------------------------------------------- 
[2020 M03 14 10:21:20] INFO  || ACCIÓN: CONSULTA / PANELES. || ESTATUS: Correcto. || DETALLES: 10 filas consultadas.
---------------------------------------------------------------------------------------------------------------------------------------------------- 
[2020 M03 14 10:21:20] INFO  || ACCIÓN: CONSULTA / INVERSORES. || ESTATUS: Correcto. || DETALLES: 25 filas consultadas.
---------------------------------------------------------------------------------------------------------------------------------------------------- 
[2020 M03 14 10:21:20] INFO  || ACCIÓN: CONSULTA / PANELES. || ESTATUS: Correcto. || DETALLES: 10 filas consultadas.
---------------------------------------------------------------------------------------------------------------------------------------------------- 
[2020 M03 14 10:21:20] INFO  || ACCIÓN: CONSULTA / INVERSORES. || ESTATUS: Correcto. || DETALLES: 25 filas consultadas.
---------------------------------------------------------------------------------------------------------------------------------------------------- 
[2020 M03 14 10:21:20] INFO  || ACCIÓN: CONSULTA / PANELES. || ESTATUS: Correcto. || DETALLES: 10 filas consultadas.
---------------------------------------------------------------------------------------------------------------------------------------------------- 
[2020 M03 14 10:21:20] INFO  || ACCIÓN: CONSULTA / INVERSORES. || ESTATUS: Correcto. || DETALLES: 25 filas consultadas.
---------------------------------------------------------------------------------------------------------------------------------------------------- 
[2020 M03 14 10:21:20] INFO  || ACCIÓN: CONSULTA / PANELES. || ESTATUS: Correcto. || DETALLES: 10 filas consultadas.
---------------------------------------------------------------------------------------------------------------------------------------------------- 
[2020 M03 14 10:21:20] INFO  || ACCIÓN: CONSULTA / INVERSORES. || ESTATUS: Correcto. || DETALLES: 25 filas consultadas.
---------------------------------------------------------------------------------------------------------------------------------------------------- 
[2020 M03 14 10:38:39] INFO  || ACCIÓN: CONSULTA / PANELES. || ESTATUS: Correcto. || DETALLES: 10 filas consultadas.
---------------------------------------------------------------------------------------------------------------------------------------------------- 
[2020 M03 14 10:38:39] INFO  || ACCIÓN: CONSULTA / INVERSORES. || ESTATUS: Correcto. || DETALLES: 25 filas consultadas.
---------------------------------------------------------------------------------------------------------------------------------------------------- 
[2020 M03 14 10:38:39] INFO  || ACCIÓN: CONSULTA / PANELES. || ESTATUS: Correcto. || DETALLES: 10 filas consultadas.
---------------------------------------------------------------------------------------------------------------------------------------------------- 
[2020 M03 14 10:38:39] INFO  || ACCIÓN: CONSULTA / INVERSORES. || ESTATUS: Correcto. || DETALLES: 25 filas consultadas.
---------------------------------------------------------------------------------------------------------------------------------------------------- 
[2020 M03 14 10:38:39] INFO  || ACCIÓN: CONSULTA / PANELES. || ESTATUS: Correcto. || DETALLES: 10 filas consultadas.
---------------------------------------------------------------------------------------------------------------------------------------------------- 
[2020 M03 14 10:38:39] INFO  || ACCIÓN: CONSULTA / INVERSORES. || ESTATUS: Correcto. || DETALLES: 25 filas consultadas.
---------------------------------------------------------------------------------------------------------------------------------------------------- 
[2020 M03 14 10:38:39] INFO  || ACCIÓN: CONSULTA / PANELES. || ESTATUS: Correcto. || DETALLES: 10 filas consultadas.
---------------------------------------------------------------------------------------------------------------------------------------------------- 
[2020 M03 14 10:38:39] INFO  || ACCIÓN: CONSULTA / INVERSORES. || ESTATUS: Correcto. || DETALLES: 25 filas consultadas.
---------------------------------------------------------------------------------------------------------------------------------------------------- 
[2020 M03 14 10:38:39] INFO  || ACCIÓN: CONSULTA / PANELES. || ESTATUS: Correcto. || DETALLES: 10 filas consultadas.
---------------------------------------------------------------------------------------------------------------------------------------------------- 
[2020 M03 14 10:38:39] INFO  || ACCIÓN: CONSULTA / INVERSORES. || ESTATUS: Correcto. || DETALLES: 25 filas consultadas.
---------------------------------------------------------------------------------------------------------------------------------------------------- 
[2020 M03 14 10:38:39] INFO  || ACCIÓN: CONSULTA / PANELES. || ESTATUS: Correcto. || DETALLES: 10 filas consultadas.
---------------------------------------------------------------------------------------------------------------------------------------------------- 
[2020 M03 14 10:38:39] INFO  || ACCIÓN: CONSULTA / INVERSORES. || ESTATUS: Correcto. || DETALLES: 25 filas consultadas.
---------------------------------------------------------------------------------------------------------------------------------------------------- 
[2020 M03 14 10:38:39] INFO  || ACCIÓN: CONSULTA / PANELES. || ESTATUS: Correcto. || DETALLES: 10 filas consultadas.
---------------------------------------------------------------------------------------------------------------------------------------------------- 
[2020 M03 14 10:38:39] INFO  || ACCIÓN: CONSULTA / INVERSORES. || ESTATUS: Correcto. || DETALLES: 25 filas consultadas.
---------------------------------------------------------------------------------------------------------------------------------------------------- 
[2020 M03 14 10:38:39] INFO  || ACCIÓN: CONSULTA / PANELES. || ESTATUS: Correcto. || DETALLES: 10 filas consultadas.
---------------------------------------------------------------------------------------------------------------------------------------------------- 
[2020 M03 14 10:38:39] INFO  || ACCIÓN: CONSULTA / INVERSORES. || ESTATUS: Correcto. || DETALLES: 25 filas consultadas.
---------------------------------------------------------------------------------------------------------------------------------------------------- 
[2020 M03 14 10:38:39] INFO  || ACCIÓN: CONSULTA / PANELES. || ESTATUS: Correcto. || DETALLES: 10 filas consultadas.
---------------------------------------------------------------------------------------------------------------------------------------------------- 
[2020 M03 14 10:38:39] INFO  || ACCIÓN: CONSULTA / INVERSORES. || ESTATUS: Correcto. || DETALLES: 25 filas consultadas.
---------------------------------------------------------------------------------------------------------------------------------------------------- 
[2020 M03 14 10:38:39] INFO  || ACCIÓN: CONSULTA / PANELES. || ESTATUS: Correcto. || DETALLES: 10 filas consultadas.
---------------------------------------------------------------------------------------------------------------------------------------------------- 
[2020 M03 14 10:38:39] INFO  || ACCIÓN: CONSULTA / INVERSORES. || ESTATUS: Correcto. || DETALLES: 25 filas consultadas.
---------------------------------------------------------------------------------------------------------------------------------------------------- 
[2020 M03 14 10:38:39] INFO  || ACCIÓN: CONSULTA / PANELES. || ESTATUS: Correcto. || DETALLES: 10 filas consultadas.
---------------------------------------------------------------------------------------------------------------------------------------------------- 
[2020 M03 14 10:38:39] INFO  || ACCIÓN: CONSULTA / INVERSORES. || ESTATUS: Correcto. || DETALLES: 25 filas consultadas.
---------------------------------------------------------------------------------------------------------------------------------------------------- 
[2020 M03 14 10:38:39] INFO  || ACCIÓN: CONSULTA / PANELES. || ESTATUS: Correcto. || DETALLES: 10 filas consultadas.
---------------------------------------------------------------------------------------------------------------------------------------------------- 
[2020 M03 14 10:38:39] INFO  || ACCIÓN: CONSULTA / INVERSORES. || ESTATUS: Correcto. || DETALLES: 25 filas consultadas.
---------------------------------------------------------------------------------------------------------------------------------------------------- 
[2020 M03 14 10:38:39] INFO  || ACCIÓN: CONSULTA / PANELES. || ESTATUS: Correcto. || DETALLES: 10 filas consultadas.
---------------------------------------------------------------------------------------------------------------------------------------------------- 
[2020 M03 14 10:38:39] INFO  || ACCIÓN: CONSULTA / INVERSORES. || ESTATUS: Correcto. || DETALLES: 25 filas consultadas.
---------------------------------------------------------------------------------------------------------------------------------------------------- 
[2020 M03 14 10:38:39] INFO  || ACCIÓN: CONSULTA / PANELES. || ESTATUS: Correcto. || DETALLES: 10 filas consultadas.
---------------------------------------------------------------------------------------------------------------------------------------------------- 
[2020 M03 14 10:38:39] INFO  || ACCIÓN: CONSULTA / INVERSORES. || ESTATUS: Correcto. || DETALLES: 25 filas consultadas.
---------------------------------------------------------------------------------------------------------------------------------------------------- 
[2020 M03 14 10:38:39] INFO  || ACCIÓN: CONSULTA / PANELES. || ESTATUS: Correcto. || DETALLES: 10 filas consultadas.
---------------------------------------------------------------------------------------------------------------------------------------------------- 
[2020 M03 14 10:38:39] INFO  || ACCIÓN: CONSULTA / INVERSORES. || ESTATUS: Correcto. || DETALLES: 25 filas consultadas.
---------------------------------------------------------------------------------------------------------------------------------------------------- 
[2020 M03 14 10:38:39] INFO  || ACCIÓN: CONSULTA / PANELES. || ESTATUS: Correcto. || DETALLES: 10 filas consultadas.
---------------------------------------------------------------------------------------------------------------------------------------------------- 
[2020 M03 14 10:38:39] INFO  || ACCIÓN: CONSULTA / INVERSORES. || ESTATUS: Correcto. || DETALLES: 25 filas consultadas.
---------------------------------------------------------------------------------------------------------------------------------------------------- 
[2020 M03 14 10:38:39] INFO  || ACCIÓN: CONSULTA / PANELES. || ESTATUS: Correcto. || DETALLES: 10 filas consultadas.
---------------------------------------------------------------------------------------------------------------------------------------------------- 
[2020 M03 14 10:38:39] INFO  || ACCIÓN: CONSULTA / INVERSORES. || ESTATUS: Correcto. || DETALLES: 25 filas consultadas.
---------------------------------------------------------------------------------------------------------------------------------------------------- 
[2020 M03 14 10:38:39] INFO  || ACCIÓN: CONSULTA / PANELES. || ESTATUS: Correcto. || DETALLES: 10 filas consultadas.
---------------------------------------------------------------------------------------------------------------------------------------------------- 
[2020 M03 14 10:38:39] INFO  || ACCIÓN: CONSULTA / INVERSORES. || ESTATUS: Correcto. || DETALLES: 25 filas consultadas.
---------------------------------------------------------------------------------------------------------------------------------------------------- 
[2020 M03 14 10:38:39] INFO  || ACCIÓN: CONSULTA / PANELES. || ESTATUS: Correcto. || DETALLES: 10 filas consultadas.
---------------------------------------------------------------------------------------------------------------------------------------------------- 
[2020 M03 14 10:38:39] INFO  || ACCIÓN: CONSULTA / INVERSORES. || ESTATUS: Correcto. || DETALLES: 25 filas consultadas.
---------------------------------------------------------------------------------------------------------------------------------------------------- 
[2020 M03 14 10:38:39] INFO  || ACCIÓN: CONSULTA / PANELES. || ESTATUS: Correcto. || DETALLES: 10 filas consultadas.
---------------------------------------------------------------------------------------------------------------------------------------------------- 
[2020 M03 14 10:38:39] INFO  || ACCIÓN: CONSULTA / INVERSORES. || ESTATUS: Correcto. || DETALLES: 25 filas consultadas.
---------------------------------------------------------------------------------------------------------------------------------------------------- 
[2020 M03 14 10:38:39] INFO  || ACCIÓN: CONSULTA / PANELES. || ESTATUS: Correcto. || DETALLES: 10 filas consultadas.
---------------------------------------------------------------------------------------------------------------------------------------------------- 
[2020 M03 14 10:38:39] INFO  || ACCIÓN: CONSULTA / INVERSORES. || ESTATUS: Correcto. || DETALLES: 25 filas consultadas.
---------------------------------------------------------------------------------------------------------------------------------------------------- 
[2020 M03 14 10:38:39] INFO  || ACCIÓN: CONSULTA / PANELES. || ESTATUS: Correcto. || DETALLES: 10 filas consultadas.
---------------------------------------------------------------------------------------------------------------------------------------------------- 
[2020 M03 14 10:38:39] INFO  || ACCIÓN: CONSULTA / INVERSORES. || ESTATUS: Correcto. || DETALLES: 25 filas consultadas.
---------------------------------------------------------------------------------------------------------------------------------------------------- 
[2020 M03 14 10:38:39] INFO  || ACCIÓN: CONSULTA / PANELES. || ESTATUS: Correcto. || DETALLES: 10 filas consultadas.
---------------------------------------------------------------------------------------------------------------------------------------------------- 
[2020 M03 14 10:38:39] INFO  || ACCIÓN: CONSULTA / INVERSORES. || ESTATUS: Correcto. || DETALLES: 25 filas consultadas.
---------------------------------------------------------------------------------------------------------------------------------------------------- 
[2020 M03 14 10:38:39] INFO  || ACCIÓN: CONSULTA / PANELES. || ESTATUS: Correcto. || DETALLES: 10 filas consultadas.
---------------------------------------------------------------------------------------------------------------------------------------------------- 
[2020 M03 14 10:38:39] INFO  || ACCIÓN: CONSULTA / INVERSORES. || ESTATUS: Correcto. || DETALLES: 25 filas consultadas.
---------------------------------------------------------------------------------------------------------------------------------------------------- 
[2020 M03 14 10:38:39] INFO  || ACCIÓN: CONSULTA / PANELES. || ESTATUS: Correcto. || DETALLES: 10 filas consultadas.
---------------------------------------------------------------------------------------------------------------------------------------------------- 
[2020 M03 14 10:38:39] INFO  || ACCIÓN: CONSULTA / INVERSORES. || ESTATUS: Correcto. || DETALLES: 25 filas consultadas.
---------------------------------------------------------------------------------------------------------------------------------------------------- 
[2020 M03 14 10:38:39] INFO  || ACCIÓN: CONSULTA / PANELES. || ESTATUS: Correcto. || DETALLES: 10 filas consultadas.
---------------------------------------------------------------------------------------------------------------------------------------------------- 
[2020 M03 14 10:38:39] INFO  || ACCIÓN: CONSULTA / INVERSORES. || ESTATUS: Correcto. || DETALLES: 25 filas consultadas.
---------------------------------------------------------------------------------------------------------------------------------------------------- 
[2020 M03 14 10:38:39] INFO  || ACCIÓN: CONSULTA / PANELES. || ESTATUS: Correcto. || DETALLES: 10 filas consultadas.
---------------------------------------------------------------------------------------------------------------------------------------------------- 
[2020 M03 14 10:38:39] INFO  || ACCIÓN: CONSULTA / INVERSORES. || ESTATUS: Correcto. || DETALLES: 25 filas consultadas.
---------------------------------------------------------------------------------------------------------------------------------------------------- 
[2020 M03 14 10:38:39] INFO  || ACCIÓN: CONSULTA / PANELES. || ESTATUS: Correcto. || DETALLES: 10 filas consultadas.
---------------------------------------------------------------------------------------------------------------------------------------------------- 
[2020 M03 14 10:38:39] INFO  || ACCIÓN: CONSULTA / INVERSORES. || ESTATUS: Correcto. || DETALLES: 25 filas consultadas.
---------------------------------------------------------------------------------------------------------------------------------------------------- 
[2020 M03 14 10:38:39] INFO  || ACCIÓN: CONSULTA / PANELES. || ESTATUS: Correcto. || DETALLES: 10 filas consultadas.
---------------------------------------------------------------------------------------------------------------------------------------------------- 
[2020 M03 14 10:38:39] INFO  || ACCIÓN: CONSULTA / INVERSORES. || ESTATUS: Correcto. || DETALLES: 25 filas consultadas.
---------------------------------------------------------------------------------------------------------------------------------------------------- 
[2020 M03 14 10:38:39] INFO  || ACCIÓN: CONSULTA / PANELES. || ESTATUS: Correcto. || DETALLES: 10 filas consultadas.
---------------------------------------------------------------------------------------------------------------------------------------------------- 
[2020 M03 14 10:38:39] INFO  || ACCIÓN: CONSULTA / INVERSORES. || ESTATUS: Correcto. || DETALLES: 25 filas consultadas.
---------------------------------------------------------------------------------------------------------------------------------------------------- 
[2020 M03 14 10:38:39] INFO  || ACCIÓN: CONSULTA / PANELES. || ESTATUS: Correcto. || DETALLES: 10 filas consultadas.
---------------------------------------------------------------------------------------------------------------------------------------------------- 
[2020 M03 14 10:38:39] INFO  || ACCIÓN: CONSULTA / INVERSORES. || ESTATUS: Correcto. || DETALLES: 25 filas consultadas.
---------------------------------------------------------------------------------------------------------------------------------------------------- 
[2020 M03 14 10:38:39] INFO  || ACCIÓN: CONSULTA / PANELES. || ESTATUS: Correcto. || DETALLES: 10 filas consultadas.
---------------------------------------------------------------------------------------------------------------------------------------------------- 
[2020 M03 14 10:38:39] INFO  || ACCIÓN: CONSULTA / INVERSORES. || ESTATUS: Correcto. || DETALLES: 25 filas consultadas.
---------------------------------------------------------------------------------------------------------------------------------------------------- 
[2020 M03 14 10:38:39] INFO  || ACCIÓN: CONSULTA / PANELES. || ESTATUS: Correcto. || DETALLES: 10 filas consultadas.
---------------------------------------------------------------------------------------------------------------------------------------------------- 
[2020 M03 14 10:38:39] INFO  || ACCIÓN: CONSULTA / INVERSORES. || ESTATUS: Correcto. || DETALLES: 25 filas consultadas.
---------------------------------------------------------------------------------------------------------------------------------------------------- 
[2020 M03 14 10:38:39] INFO  || ACCIÓN: CONSULTA / PANELES. || ESTATUS: Correcto. || DETALLES: 10 filas consultadas.
---------------------------------------------------------------------------------------------------------------------------------------------------- 
[2020 M03 14 10:38:39] INFO  || ACCIÓN: CONSULTA / INVERSORES. || ESTATUS: Correcto. || DETALLES: 25 filas consultadas.
---------------------------------------------------------------------------------------------------------------------------------------------------- 
[2020 M03 14 10:38:39] INFO  || ACCIÓN: CONSULTA / PANELES. || ESTATUS: Correcto. || DETALLES: 10 filas consultadas.
---------------------------------------------------------------------------------------------------------------------------------------------------- 
[2020 M03 14 10:38:39] INFO  || ACCIÓN: CONSULTA / INVERSORES. || ESTATUS: Correcto. || DETALLES: 25 filas consultadas.
---------------------------------------------------------------------------------------------------------------------------------------------------- 
[2020 M03 14 10:38:39] INFO  || ACCIÓN: CONSULTA / PANELES. || ESTATUS: Correcto. || DETALLES: 10 filas consultadas.
---------------------------------------------------------------------------------------------------------------------------------------------------- 
[2020 M03 14 10:38:39] INFO  || ACCIÓN: CONSULTA / INVERSORES. || ESTATUS: Correcto. || DETALLES: 25 filas consultadas.
---------------------------------------------------------------------------------------------------------------------------------------------------- 
[2020 M03 14 10:38:39] INFO  || ACCIÓN: CONSULTA / PANELES. || ESTATUS: Correcto. || DETALLES: 10 filas consultadas.
---------------------------------------------------------------------------------------------------------------------------------------------------- 
[2020 M03 14 10:38:39] INFO  || ACCIÓN: CONSULTA / INVERSORES. || ESTATUS: Correcto. || DETALLES: 25 filas consultadas.
---------------------------------------------------------------------------------------------------------------------------------------------------- 
[2020 M03 14 10:38:39] INFO  || ACCIÓN: CONSULTA / PANELES. || ESTATUS: Correcto. || DETALLES: 10 filas consultadas.
---------------------------------------------------------------------------------------------------------------------------------------------------- 
[2020 M03 14 10:38:39] INFO  || ACCIÓN: CONSULTA / INVERSORES. || ESTATUS: Correcto. || DETALLES: 25 filas consultadas.
---------------------------------------------------------------------------------------------------------------------------------------------------- 
[2020 M03 14 10:38:39] INFO  || ACCIÓN: CONSULTA / PANELES. || ESTATUS: Correcto. || DETALLES: 10 filas consultadas.
---------------------------------------------------------------------------------------------------------------------------------------------------- 
[2020 M03 14 10:38:39] INFO  || ACCIÓN: CONSULTA / INVERSORES. || ESTATUS: Correcto. || DETALLES: 25 filas consultadas.
---------------------------------------------------------------------------------------------------------------------------------------------------- 
[2020 M03 14 10:38:39] INFO  || ACCIÓN: CONSULTA / PANELES. || ESTATUS: Correcto. || DETALLES: 10 filas consultadas.
---------------------------------------------------------------------------------------------------------------------------------------------------- 
[2020 M03 14 10:38:39] INFO  || ACCIÓN: CONSULTA / INVERSORES. || ESTATUS: Correcto. || DETALLES: 25 filas consultadas.
---------------------------------------------------------------------------------------------------------------------------------------------------- 
[2020 M03 14 10:38:39] INFO  || ACCIÓN: CONSULTA / PANELES. || ESTATUS: Correcto. || DETALLES: 10 filas consultadas.
---------------------------------------------------------------------------------------------------------------------------------------------------- 
[2020 M03 14 10:38:39] INFO  || ACCIÓN: CONSULTA / INVERSORES. || ESTATUS: Correcto. || DETALLES: 25 filas consultadas.
---------------------------------------------------------------------------------------------------------------------------------------------------- 
[2020 M03 14 10:38:39] INFO  || ACCIÓN: CONSULTA / PANELES. || ESTATUS: Correcto. || DETALLES: 10 filas consultadas.
---------------------------------------------------------------------------------------------------------------------------------------------------- 
[2020 M03 14 10:38:39] INFO  || ACCIÓN: CONSULTA / INVERSORES. || ESTATUS: Correcto. || DETALLES: 25 filas consultadas.
---------------------------------------------------------------------------------------------------------------------------------------------------- 
[2020 M03 14 10:38:39] INFO  || ACCIÓN: CONSULTA / PANELES. || ESTATUS: Correcto. || DETALLES: 10 filas consultadas.
---------------------------------------------------------------------------------------------------------------------------------------------------- 
[2020 M03 14 10:38:39] INFO  || ACCIÓN: CONSULTA / INVERSORES. || ESTATUS: Correcto. || DETALLES: 25 filas consultadas.
---------------------------------------------------------------------------------------------------------------------------------------------------- 
[2020 M03 14 10:38:39] INFO  || ACCIÓN: CONSULTA / PANELES. || ESTATUS: Correcto. || DETALLES: 10 filas consultadas.
---------------------------------------------------------------------------------------------------------------------------------------------------- 
[2020 M03 14 10:38:39] INFO  || ACCIÓN: CONSULTA / INVERSORES. || ESTATUS: Correcto. || DETALLES: 25 filas consultadas.
---------------------------------------------------------------------------------------------------------------------------------------------------- 
[2020 M03 14 10:38:39] INFO  || ACCIÓN: CONSULTA / PANELES. || ESTATUS: Correcto. || DETALLES: 10 filas consultadas.
---------------------------------------------------------------------------------------------------------------------------------------------------- 
[2020 M03 14 10:38:39] INFO  || ACCIÓN: CONSULTA / INVERSORES. || ESTATUS: Correcto. || DETALLES: 25 filas consultadas.
---------------------------------------------------------------------------------------------------------------------------------------------------- 
[2020 M03 14 10:38:39] INFO  || ACCIÓN: CONSULTA / PANELES. || ESTATUS: Correcto. || DETALLES: 10 filas consultadas.
---------------------------------------------------------------------------------------------------------------------------------------------------- 
[2020 M03 14 10:38:39] INFO  || ACCIÓN: CONSULTA / INVERSORES. || ESTATUS: Correcto. || DETALLES: 25 filas consultadas.
---------------------------------------------------------------------------------------------------------------------------------------------------- 
[2020 M03 14 10:38:39] INFO  || ACCIÓN: CONSULTA / PANELES. || ESTATUS: Correcto. || DETALLES: 10 filas consultadas.
---------------------------------------------------------------------------------------------------------------------------------------------------- 
[2020 M03 14 10:38:39] INFO  || ACCIÓN: CONSULTA / INVERSORES. || ESTATUS: Correcto. || DETALLES: 25 filas consultadas.
---------------------------------------------------------------------------------------------------------------------------------------------------- 
[2020 M03 14 10:38:39] INFO  || ACCIÓN: CONSULTA / PANELES. || ESTATUS: Correcto. || DETALLES: 10 filas consultadas.
---------------------------------------------------------------------------------------------------------------------------------------------------- 
[2020 M03 14 10:38:39] INFO  || ACCIÓN: CONSULTA / INVERSORES. || ESTATUS: Correcto. || DETALLES: 25 filas consultadas.
---------------------------------------------------------------------------------------------------------------------------------------------------- 
[2020 M03 14 10:38:39] INFO  || ACCIÓN: CONSULTA / PANELES. || ESTATUS: Correcto. || DETALLES: 10 filas consultadas.
---------------------------------------------------------------------------------------------------------------------------------------------------- 
[2020 M03 14 10:38:39] INFO  || ACCIÓN: CONSULTA / INVERSORES. || ESTATUS: Correcto. || DETALLES: 25 filas consultadas.
---------------------------------------------------------------------------------------------------------------------------------------------------- 
[2020 M03 14 11:20:00] INFO  || ACCIÓN: CONSULTA / PANELES. || ESTATUS: Correcto. || DETALLES: 10 filas consultadas.
---------------------------------------------------------------------------------------------------------------------------------------------------- 
[2020 M03 14 11:20:00] INFO  || ACCIÓN: CONSULTA / INVERSORES. || ESTATUS: Correcto. || DETALLES: 25 filas consultadas.
---------------------------------------------------------------------------------------------------------------------------------------------------- 
[2020 M03 14 11:20:00] INFO  || ACCIÓN: CONSULTA / PANELES. || ESTATUS: Correcto. || DETALLES: 10 filas consultadas.
---------------------------------------------------------------------------------------------------------------------------------------------------- 
[2020 M03 14 11:20:00] INFO  || ACCIÓN: CONSULTA / INVERSORES. || ESTATUS: Correcto. || DETALLES: 25 filas consultadas.
---------------------------------------------------------------------------------------------------------------------------------------------------- 
[2020 M03 14 11:20:00] INFO  || ACCIÓN: CONSULTA / PANELES. || ESTATUS: Correcto. || DETALLES: 10 filas consultadas.
---------------------------------------------------------------------------------------------------------------------------------------------------- 
[2020 M03 14 11:20:00] INFO  || ACCIÓN: CONSULTA / INVERSORES. || ESTATUS: Correcto. || DETALLES: 25 filas consultadas.
---------------------------------------------------------------------------------------------------------------------------------------------------- 
[2020 M03 14 11:20:00] INFO  || ACCIÓN: CONSULTA / PANELES. || ESTATUS: Correcto. || DETALLES: 10 filas consultadas.
---------------------------------------------------------------------------------------------------------------------------------------------------- 
[2020 M03 14 11:20:00] INFO  || ACCIÓN: CONSULTA / INVERSORES. || ESTATUS: Correcto. || DETALLES: 25 filas consultadas.
---------------------------------------------------------------------------------------------------------------------------------------------------- 
[2020 M03 14 11:20:00] INFO  || ACCIÓN: CONSULTA / PANELES. || ESTATUS: Correcto. || DETALLES: 10 filas consultadas.
---------------------------------------------------------------------------------------------------------------------------------------------------- 
[2020 M03 14 11:20:00] INFO  || ACCIÓN: CONSULTA / INVERSORES. || ESTATUS: Correcto. || DETALLES: 25 filas consultadas.
---------------------------------------------------------------------------------------------------------------------------------------------------- 
[2020 M03 14 11:20:00] INFO  || ACCIÓN: CONSULTA / PANELES. || ESTATUS: Correcto. || DETALLES: 10 filas consultadas.
---------------------------------------------------------------------------------------------------------------------------------------------------- 
[2020 M03 14 11:20:00] INFO  || ACCIÓN: CONSULTA / INVERSORES. || ESTATUS: Correcto. || DETALLES: 25 filas consultadas.
---------------------------------------------------------------------------------------------------------------------------------------------------- 
[2020 M03 14 11:20:00] INFO  || ACCIÓN: CONSULTA / PANELES. || ESTATUS: Correcto. || DETALLES: 10 filas consultadas.
---------------------------------------------------------------------------------------------------------------------------------------------------- 
[2020 M03 14 11:20:00] INFO  || ACCIÓN: CONSULTA / INVERSORES. || ESTATUS: Correcto. || DETALLES: 25 filas consultadas.
---------------------------------------------------------------------------------------------------------------------------------------------------- 
[2020 M03 14 11:20:00] INFO  || ACCIÓN: CONSULTA / PANELES. || ESTATUS: Correcto. || DETALLES: 10 filas consultadas.
---------------------------------------------------------------------------------------------------------------------------------------------------- 
[2020 M03 14 11:20:00] INFO  || ACCIÓN: CONSULTA / INVERSORES. || ESTATUS: Correcto. || DETALLES: 25 filas consultadas.
---------------------------------------------------------------------------------------------------------------------------------------------------- 
[2020 M03 14 11:20:00] INFO  || ACCIÓN: CONSULTA / PANELES. || ESTATUS: Correcto. || DETALLES: 10 filas consultadas.
---------------------------------------------------------------------------------------------------------------------------------------------------- 
[2020 M03 14 11:20:00] INFO  || ACCIÓN: CONSULTA / INVERSORES. || ESTATUS: Correcto. || DETALLES: 25 filas consultadas.
---------------------------------------------------------------------------------------------------------------------------------------------------- 
[2020 M03 14 11:20:00] INFO  || ACCIÓN: CONSULTA / PANELES. || ESTATUS: Correcto. || DETALLES: 10 filas consultadas.
---------------------------------------------------------------------------------------------------------------------------------------------------- 
[2020 M03 14 11:20:00] INFO  || ACCIÓN: CONSULTA / INVERSORES. || ESTATUS: Correcto. || DETALLES: 25 filas consultadas.
---------------------------------------------------------------------------------------------------------------------------------------------------- 
[2020 M03 14 11:20:00] INFO  || ACCIÓN: CONSULTA / PANELES. || ESTATUS: Correcto. || DETALLES: 10 filas consultadas.
---------------------------------------------------------------------------------------------------------------------------------------------------- 
[2020 M03 14 11:20:00] INFO  || ACCIÓN: CONSULTA / INVERSORES. || ESTATUS: Correcto. || DETALLES: 25 filas consultadas.
---------------------------------------------------------------------------------------------------------------------------------------------------- 
[2020 M03 14 11:20:00] INFO  || ACCIÓN: CONSULTA / PANELES. || ESTATUS: Correcto. || DETALLES: 10 filas consultadas.
---------------------------------------------------------------------------------------------------------------------------------------------------- 
[2020 M03 14 11:20:00] INFO  || ACCIÓN: CONSULTA / INVERSORES. || ESTATUS: Correcto. || DETALLES: 25 filas consultadas.
---------------------------------------------------------------------------------------------------------------------------------------------------- 
[2020 M03 14 11:34:04] INFO  || ACCIÓN: CONSULTA / PANELES. || ESTATUS: Correcto. || DETALLES: 10 filas consultadas.
---------------------------------------------------------------------------------------------------------------------------------------------------- 
[2020 M03 14 11:34:04] INFO  || ACCIÓN: CONSULTA / INVERSORES. || ESTATUS: Correcto. || DETALLES: 25 filas consultadas.
---------------------------------------------------------------------------------------------------------------------------------------------------- 
[2020 M03 14 11:34:04] INFO  || ACCIÓN: CONSULTA / PANELES. || ESTATUS: Correcto. || DETALLES: 10 filas consultadas.
---------------------------------------------------------------------------------------------------------------------------------------------------- 
[2020 M03 14 11:34:04] INFO  || ACCIÓN: CONSULTA / INVERSORES. || ESTATUS: Correcto. || DETALLES: 25 filas consultadas.
---------------------------------------------------------------------------------------------------------------------------------------------------- 
[2020 M03 14 11:34:04] INFO  || ACCIÓN: CONSULTA / PANELES. || ESTATUS: Correcto. || DETALLES: 10 filas consultadas.
---------------------------------------------------------------------------------------------------------------------------------------------------- 
[2020 M03 14 11:34:04] INFO  || ACCIÓN: CONSULTA / INVERSORES. || ESTATUS: Correcto. || DETALLES: 25 filas consultadas.
---------------------------------------------------------------------------------------------------------------------------------------------------- 
[2020 M03 14 11:34:04] INFO  || ACCIÓN: CONSULTA / PANELES. || ESTATUS: Correcto. || DETALLES: 10 filas consultadas.
---------------------------------------------------------------------------------------------------------------------------------------------------- 
[2020 M03 14 11:34:04] INFO  || ACCIÓN: CONSULTA / INVERSORES. || ESTATUS: Correcto. || DETALLES: 25 filas consultadas.
---------------------------------------------------------------------------------------------------------------------------------------------------- 
[2020 M03 14 11:34:04] INFO  || ACCIÓN: CONSULTA / PANELES. || ESTATUS: Correcto. || DETALLES: 10 filas consultadas.
---------------------------------------------------------------------------------------------------------------------------------------------------- 
[2020 M03 14 11:34:04] INFO  || ACCIÓN: CONSULTA / INVERSORES. || ESTATUS: Correcto. || DETALLES: 25 filas consultadas.
---------------------------------------------------------------------------------------------------------------------------------------------------- 
[2020 M03 14 11:34:04] INFO  || ACCIÓN: CONSULTA / PANELES. || ESTATUS: Correcto. || DETALLES: 10 filas consultadas.
---------------------------------------------------------------------------------------------------------------------------------------------------- 
[2020 M03 14 11:34:04] INFO  || ACCIÓN: CONSULTA / INVERSORES. || ESTATUS: Correcto. || DETALLES: 25 filas consultadas.
---------------------------------------------------------------------------------------------------------------------------------------------------- 
[2020 M03 14 11:34:04] INFO  || ACCIÓN: CONSULTA / PANELES. || ESTATUS: Correcto. || DETALLES: 10 filas consultadas.
---------------------------------------------------------------------------------------------------------------------------------------------------- 
[2020 M03 14 11:34:04] INFO  || ACCIÓN: CONSULTA / INVERSORES. || ESTATUS: Correcto. || DETALLES: 25 filas consultadas.
---------------------------------------------------------------------------------------------------------------------------------------------------- 
[2020 M03 14 11:34:04] INFO  || ACCIÓN: CONSULTA / PANELES. || ESTATUS: Correcto. || DETALLES: 10 filas consultadas.
---------------------------------------------------------------------------------------------------------------------------------------------------- 
[2020 M03 14 11:34:04] INFO  || ACCIÓN: CONSULTA / INVERSORES. || ESTATUS: Correcto. || DETALLES: 25 filas consultadas.
---------------------------------------------------------------------------------------------------------------------------------------------------- 
[2020 M03 14 11:34:04] INFO  || ACCIÓN: CONSULTA / PANELES. || ESTATUS: Correcto. || DETALLES: 10 filas consultadas.
---------------------------------------------------------------------------------------------------------------------------------------------------- 
[2020 M03 14 11:34:04] INFO  || ACCIÓN: CONSULTA / INVERSORES. || ESTATUS: Correcto. || DETALLES: 25 filas consultadas.
---------------------------------------------------------------------------------------------------------------------------------------------------- 
[2020 M03 14 11:34:04] INFO  || ACCIÓN: CONSULTA / PANELES. || ESTATUS: Correcto. || DETALLES: 10 filas consultadas.
---------------------------------------------------------------------------------------------------------------------------------------------------- 
[2020 M03 14 11:34:04] INFO  || ACCIÓN: CONSULTA / INVERSORES. || ESTATUS: Correcto. || DETALLES: 25 filas consultadas.
---------------------------------------------------------------------------------------------------------------------------------------------------- 
[2020 M03 14 11:34:04] INFO  || ACCIÓN: CONSULTA / PANELES. || ESTATUS: Correcto. || DETALLES: 10 filas consultadas.
---------------------------------------------------------------------------------------------------------------------------------------------------- 
[2020 M03 14 11:34:04] INFO  || ACCIÓN: CONSULTA / INVERSORES. || ESTATUS: Correcto. || DETALLES: 25 filas consultadas.
---------------------------------------------------------------------------------------------------------------------------------------------------- 
[2020 M03 14 11:34:04] INFO  || ACCIÓN: CONSULTA / PANELES. || ESTATUS: Correcto. || DETALLES: 10 filas consultadas.
---------------------------------------------------------------------------------------------------------------------------------------------------- 
[2020 M03 14 11:34:04] INFO  || ACCIÓN: CONSULTA / INVERSORES. || ESTATUS: Correcto. || DETALLES: 25 filas consultadas.
---------------------------------------------------------------------------------------------------------------------------------------------------- 
[2020 M03 14 11:34:04] INFO  || ACCIÓN: CONSULTA / PANELES. || ESTATUS: Correcto. || DETALLES: 10 filas consultadas.
---------------------------------------------------------------------------------------------------------------------------------------------------- 
[2020 M03 14 11:34:04] INFO  || ACCIÓN: CONSULTA / INVERSORES. || ESTATUS: Correcto. || DETALLES: 25 filas consultadas.
---------------------------------------------------------------------------------------------------------------------------------------------------- 
[2020 M03 14 11:41:57] INFO  || ACCIÓN: CONSULTA / PANELES. || ESTATUS: Correcto. || DETALLES: 10 filas consultadas.
---------------------------------------------------------------------------------------------------------------------------------------------------- 
[2020 M03 14 11:41:57] INFO  || ACCIÓN: CONSULTA / INVERSORES. || ESTATUS: Correcto. || DETALLES: 25 filas consultadas.
---------------------------------------------------------------------------------------------------------------------------------------------------- 
[2020 M03 14 11:41:57] INFO  || ACCIÓN: CONSULTA / PANELES. || ESTATUS: Correcto. || DETALLES: 10 filas consultadas.
---------------------------------------------------------------------------------------------------------------------------------------------------- 
[2020 M03 14 11:41:57] INFO  || ACCIÓN: CONSULTA / INVERSORES. || ESTATUS: Correcto. || DETALLES: 25 filas consultadas.
---------------------------------------------------------------------------------------------------------------------------------------------------- 
[2020 M03 14 11:41:57] INFO  || ACCIÓN: CONSULTA / PANELES. || ESTATUS: Correcto. || DETALLES: 10 filas consultadas.
---------------------------------------------------------------------------------------------------------------------------------------------------- 
[2020 M03 14 11:41:57] INFO  || ACCIÓN: CONSULTA / INVERSORES. || ESTATUS: Correcto. || DETALLES: 25 filas consultadas.
---------------------------------------------------------------------------------------------------------------------------------------------------- 
[2020 M03 14 11:41:57] INFO  || ACCIÓN: CONSULTA / PANELES. || ESTATUS: Correcto. || DETALLES: 10 filas consultadas.
---------------------------------------------------------------------------------------------------------------------------------------------------- 
[2020 M03 14 11:41:57] INFO  || ACCIÓN: CONSULTA / INVERSORES. || ESTATUS: Correcto. || DETALLES: 25 filas consultadas.
---------------------------------------------------------------------------------------------------------------------------------------------------- 
[2020 M03 14 11:41:57] INFO  || ACCIÓN: CONSULTA / PANELES. || ESTATUS: Correcto. || DETALLES: 10 filas consultadas.
---------------------------------------------------------------------------------------------------------------------------------------------------- 
[2020 M03 14 11:41:57] INFO  || ACCIÓN: CONSULTA / INVERSORES. || ESTATUS: Correcto. || DETALLES: 25 filas consultadas.
---------------------------------------------------------------------------------------------------------------------------------------------------- 
[2020 M03 14 11:41:57] INFO  || ACCIÓN: CONSULTA / PANELES. || ESTATUS: Correcto. || DETALLES: 10 filas consultadas.
---------------------------------------------------------------------------------------------------------------------------------------------------- 
[2020 M03 14 11:41:57] INFO  || ACCIÓN: CONSULTA / INVERSORES. || ESTATUS: Correcto. || DETALLES: 25 filas consultadas.
---------------------------------------------------------------------------------------------------------------------------------------------------- 
[2020 M03 14 11:41:57] INFO  || ACCIÓN: CONSULTA / PANELES. || ESTATUS: Correcto. || DETALLES: 10 filas consultadas.
---------------------------------------------------------------------------------------------------------------------------------------------------- 
[2020 M03 14 11:41:57] INFO  || ACCIÓN: CONSULTA / INVERSORES. || ESTATUS: Correcto. || DETALLES: 25 filas consultadas.
---------------------------------------------------------------------------------------------------------------------------------------------------- 
[2020 M03 14 11:41:57] INFO  || ACCIÓN: CONSULTA / PANELES. || ESTATUS: Correcto. || DETALLES: 10 filas consultadas.
---------------------------------------------------------------------------------------------------------------------------------------------------- 
[2020 M03 14 11:41:57] INFO  || ACCIÓN: CONSULTA / INVERSORES. || ESTATUS: Correcto. || DETALLES: 25 filas consultadas.
---------------------------------------------------------------------------------------------------------------------------------------------------- 
[2020 M03 14 11:44:40] INFO  || ACCIÓN: CONSULTA / PANELES. || ESTATUS: Correcto. || DETALLES: 10 filas consultadas.
---------------------------------------------------------------------------------------------------------------------------------------------------- 
[2020 M03 14 11:44:40] INFO  || ACCIÓN: CONSULTA / INVERSORES. || ESTATUS: Correcto. || DETALLES: 25 filas consultadas.
---------------------------------------------------------------------------------------------------------------------------------------------------- 
[2020 M03 14 11:44:40] INFO  || ACCIÓN: CONSULTA / PANELES. || ESTATUS: Correcto. || DETALLES: 10 filas consultadas.
---------------------------------------------------------------------------------------------------------------------------------------------------- 
[2020 M03 14 11:44:40] INFO  || ACCIÓN: CONSULTA / INVERSORES. || ESTATUS: Correcto. || DETALLES: 25 filas consultadas.
---------------------------------------------------------------------------------------------------------------------------------------------------- 
[2020 M03 14 11:44:40] INFO  || ACCIÓN: CONSULTA / PANELES. || ESTATUS: Correcto. || DETALLES: 10 filas consultadas.
---------------------------------------------------------------------------------------------------------------------------------------------------- 
[2020 M03 14 11:44:40] INFO  || ACCIÓN: CONSULTA / INVERSORES. || ESTATUS: Correcto. || DETALLES: 25 filas consultadas.
---------------------------------------------------------------------------------------------------------------------------------------------------- 
[2020 M03 14 11:44:40] INFO  || ACCIÓN: CONSULTA / PANELES. || ESTATUS: Correcto. || DETALLES: 10 filas consultadas.
---------------------------------------------------------------------------------------------------------------------------------------------------- 
[2020 M03 14 11:44:40] INFO  || ACCIÓN: CONSULTA / INVERSORES. || ESTATUS: Correcto. || DETALLES: 25 filas consultadas.
---------------------------------------------------------------------------------------------------------------------------------------------------- 
[2020 M03 14 11:44:40] INFO  || ACCIÓN: CONSULTA / PANELES. || ESTATUS: Correcto. || DETALLES: 10 filas consultadas.
---------------------------------------------------------------------------------------------------------------------------------------------------- 
[2020 M03 14 11:44:40] INFO  || ACCIÓN: CONSULTA / INVERSORES. || ESTATUS: Correcto. || DETALLES: 25 filas consultadas.
---------------------------------------------------------------------------------------------------------------------------------------------------- 
[2020 M03 14 11:44:40] INFO  || ACCIÓN: CONSULTA / PANELES. || ESTATUS: Correcto. || DETALLES: 10 filas consultadas.
---------------------------------------------------------------------------------------------------------------------------------------------------- 
[2020 M03 14 11:44:40] INFO  || ACCIÓN: CONSULTA / INVERSORES. || ESTATUS: Correcto. || DETALLES: 25 filas consultadas.
---------------------------------------------------------------------------------------------------------------------------------------------------- 
[2020 M03 14 11:54:52] INFO  || ACCIÓN: INSERTAR / USUARIOS. || ESTATUS: Correcto. || DETALLES: 1 fila insertada.
---------------------------------------------------------------------------------------------------------------------------------------------------- 
[2020 M03 14 11:54:52] INFO  || ACCIÓN: VALIDAR / USUARIOS. || ESTATUS: Correcto. || DETALLES: Token de usuario generado, acceso a: Yael.
---------------------------------------------------------------------------------------------------------------------------------------------------- 
[2020 M03 14 11:54:52] INFO  || ACCIÓN: CONSULTA / PANELES. || ESTATUS: Correcto. || DETALLES: 10 filas consultadas.
---------------------------------------------------------------------------------------------------------------------------------------------------- 
[2020 M03 14 11:54:52] INFO  || ACCIÓN: CONSULTA / INVERSORES. || ESTATUS: Correcto. || DETALLES: 25 filas consultadas.
---------------------------------------------------------------------------------------------------------------------------------------------------- 
[2020 M03 14 11:54:52] INFO  || ACCIÓN: CONSULTA / PANELES. || ESTATUS: Correcto. || DETALLES: 10 filas consultadas.
---------------------------------------------------------------------------------------------------------------------------------------------------- 
[2020 M03 14 11:54:52] INFO  || ACCIÓN: CONSULTA / INVERSORES. || ESTATUS: Correcto. || DETALLES: 25 filas consultadas.
---------------------------------------------------------------------------------------------------------------------------------------------------- 
[2020 M03 14 11:54:52] INFO  || ACCIÓN: CONSULTA / PANELES. || ESTATUS: Correcto. || DETALLES: 10 filas consultadas.
---------------------------------------------------------------------------------------------------------------------------------------------------- 
[2020 M03 14 11:54:52] INFO  || ACCIÓN: CONSULTA / INVERSORES. || ESTATUS: Correcto. || DETALLES: 25 filas consultadas.
---------------------------------------------------------------------------------------------------------------------------------------------------- 
[2020 M03 14 11:54:52] INFO  || ACCIÓN: CONSULTA / PANELES. || ESTATUS: Correcto. || DETALLES: 10 filas consultadas.
---------------------------------------------------------------------------------------------------------------------------------------------------- 
[2020 M03 14 11:54:52] INFO  || ACCIÓN: CONSULTA / INVERSORES. || ESTATUS: Correcto. || DETALLES: 25 filas consultadas.
---------------------------------------------------------------------------------------------------------------------------------------------------- 
[2020 M03 14 11:54:52] INFO  || ACCIÓN: CONSULTA / PANELES. || ESTATUS: Correcto. || DETALLES: 10 filas consultadas.
---------------------------------------------------------------------------------------------------------------------------------------------------- 
[2020 M03 14 11:54:52] INFO  || ACCIÓN: CONSULTA / INVERSORES. || ESTATUS: Correcto. || DETALLES: 25 filas consultadas.
---------------------------------------------------------------------------------------------------------------------------------------------------- 
[2020 M03 14 11:54:52] INFO  || ACCIÓN: CONSULTA / PANELES. || ESTATUS: Correcto. || DETALLES: 10 filas consultadas.
---------------------------------------------------------------------------------------------------------------------------------------------------- 
[2020 M03 14 11:54:52] INFO  || ACCIÓN: CONSULTA / INVERSORES. || ESTATUS: Correcto. || DETALLES: 25 filas consultadas.
---------------------------------------------------------------------------------------------------------------------------------------------------- 
[2020 M03 14 12:12:57] INFO  || ACCIÓN: CONSULTA / PANELES. || ESTATUS: Correcto. || DETALLES: 10 filas consultadas.
---------------------------------------------------------------------------------------------------------------------------------------------------- 
[2020 M03 14 12:12:57] INFO  || ACCIÓN: CONSULTA / INVERSORES. || ESTATUS: Correcto. || DETALLES: 25 filas consultadas.
---------------------------------------------------------------------------------------------------------------------------------------------------- 
[2020 M03 14 12:12:57] INFO  || ACCIÓN: CONSULTA / PANELES. || ESTATUS: Correcto. || DETALLES: 10 filas consultadas.
---------------------------------------------------------------------------------------------------------------------------------------------------- 
[2020 M03 14 12:12:57] INFO  || ACCIÓN: CONSULTA / INVERSORES. || ESTATUS: Correcto. || DETALLES: 25 filas consultadas.
---------------------------------------------------------------------------------------------------------------------------------------------------- 
[2020 M03 14 12:18:48] INFO  || ACCIÓN: CONSULTA / PANELES. || ESTATUS: Correcto. || DETALLES: 10 filas consultadas.
---------------------------------------------------------------------------------------------------------------------------------------------------- 
[2020 M03 14 12:18:48] INFO  || ACCIÓN: CONSULTA / INVERSORES. || ESTATUS: Correcto. || DETALLES: 25 filas consultadas.
---------------------------------------------------------------------------------------------------------------------------------------------------- 
[2020 M03 14 12:18:48] INFO  || ACCIÓN: CONSULTA / PANELES. || ESTATUS: Correcto. || DETALLES: 10 filas consultadas.
---------------------------------------------------------------------------------------------------------------------------------------------------- 
[2020 M03 14 12:18:48] INFO  || ACCIÓN: CONSULTA / INVERSORES. || ESTATUS: Correcto. || DETALLES: 25 filas consultadas.
---------------------------------------------------------------------------------------------------------------------------------------------------- 
[2020 M03 14 12:18:48] INFO  || ACCIÓN: CONSULTA / PANELES. || ESTATUS: Correcto. || DETALLES: 10 filas consultadas.
---------------------------------------------------------------------------------------------------------------------------------------------------- 
[2020 M03 14 12:18:48] INFO  || ACCIÓN: CONSULTA / INVERSORES. || ESTATUS: Correcto. || DETALLES: 25 filas consultadas.
---------------------------------------------------------------------------------------------------------------------------------------------------- 
[2020 M03 14 12:18:48] INFO  || ACCIÓN: CONSULTA / PANELES. || ESTATUS: Correcto. || DETALLES: 10 filas consultadas.
---------------------------------------------------------------------------------------------------------------------------------------------------- 
[2020 M03 14 12:18:48] INFO  || ACCIÓN: CONSULTA / INVERSORES. || ESTATUS: Correcto. || DETALLES: 25 filas consultadas.
---------------------------------------------------------------------------------------------------------------------------------------------------- 
[2020 M03 14 12:18:48] INFO  || ACCIÓN: CONSULTA / PANELES. || ESTATUS: Correcto. || DETALLES: 10 filas consultadas.
---------------------------------------------------------------------------------------------------------------------------------------------------- 
[2020 M03 14 12:18:48] INFO  || ACCIÓN: CONSULTA / INVERSORES. || ESTATUS: Correcto. || DETALLES: 25 filas consultadas.
---------------------------------------------------------------------------------------------------------------------------------------------------- 
[2020 M03 14 12:18:48] INFO  || ACCIÓN: CONSULTA / PANELES. || ESTATUS: Correcto. || DETALLES: 10 filas consultadas.
---------------------------------------------------------------------------------------------------------------------------------------------------- 
[2020 M03 14 12:18:48] INFO  || ACCIÓN: CONSULTA / INVERSORES. || ESTATUS: Correcto. || DETALLES: 25 filas consultadas.
---------------------------------------------------------------------------------------------------------------------------------------------------- 
[2020 M03 14 12:18:48] INFO  || ACCIÓN: CONSULTA / PANELES. || ESTATUS: Correcto. || DETALLES: 10 filas consultadas.
---------------------------------------------------------------------------------------------------------------------------------------------------- 
[2020 M03 14 12:18:48] INFO  || ACCIÓN: CONSULTA / INVERSORES. || ESTATUS: Correcto. || DETALLES: 25 filas consultadas.
---------------------------------------------------------------------------------------------------------------------------------------------------- 
[2020 M03 14 12:18:48] INFO  || ACCIÓN: CONSULTA / PANELES. || ESTATUS: Correcto. || DETALLES: 10 filas consultadas.
---------------------------------------------------------------------------------------------------------------------------------------------------- 
[2020 M03 14 12:18:48] INFO  || ACCIÓN: CONSULTA / INVERSORES. || ESTATUS: Correcto. || DETALLES: 25 filas consultadas.
---------------------------------------------------------------------------------------------------------------------------------------------------- 
[2020 M03 14 12:18:48] INFO  || ACCIÓN: CONSULTA / PANELES. || ESTATUS: Correcto. || DETALLES: 10 filas consultadas.
---------------------------------------------------------------------------------------------------------------------------------------------------- 
[2020 M03 14 12:18:48] INFO  || ACCIÓN: CONSULTA / INVERSORES. || ESTATUS: Correcto. || DETALLES: 25 filas consultadas.
---------------------------------------------------------------------------------------------------------------------------------------------------- 
[2020 M03 14 12:18:48] INFO  || ACCIÓN: CONSULTA / PANELES. || ESTATUS: Correcto. || DETALLES: 10 filas consultadas.
---------------------------------------------------------------------------------------------------------------------------------------------------- 
[2020 M03 14 12:18:48] INFO  || ACCIÓN: CONSULTA / INVERSORES. || ESTATUS: Correcto. || DETALLES: 25 filas consultadas.
---------------------------------------------------------------------------------------------------------------------------------------------------- 
[2020 M03 14 12:18:48] INFO  || ACCIÓN: CONSULTA / PANELES. || ESTATUS: Correcto. || DETALLES: 10 filas consultadas.
---------------------------------------------------------------------------------------------------------------------------------------------------- 
[2020 M03 14 12:18:48] INFO  || ACCIÓN: CONSULTA / INVERSORES. || ESTATUS: Correcto. || DETALLES: 25 filas consultadas.
---------------------------------------------------------------------------------------------------------------------------------------------------- 
[2020 M03 14 12:18:48] INFO  || ACCIÓN: CONSULTA / PANELES. || ESTATUS: Correcto. || DETALLES: 10 filas consultadas.
---------------------------------------------------------------------------------------------------------------------------------------------------- 
[2020 M03 14 12:18:48] INFO  || ACCIÓN: CONSULTA / INVERSORES. || ESTATUS: Correcto. || DETALLES: 25 filas consultadas.
---------------------------------------------------------------------------------------------------------------------------------------------------- 
[2020 M03 14 12:18:48] INFO  || ACCIÓN: CONSULTA / PANELES. || ESTATUS: Correcto. || DETALLES: 10 filas consultadas.
---------------------------------------------------------------------------------------------------------------------------------------------------- 
[2020 M03 14 12:18:48] INFO  || ACCIÓN: CONSULTA / INVERSORES. || ESTATUS: Correcto. || DETALLES: 25 filas consultadas.
---------------------------------------------------------------------------------------------------------------------------------------------------- 
[2020 M03 14 12:18:48] INFO  || ACCIÓN: CONSULTA / PANELES. || ESTATUS: Correcto. || DETALLES: 10 filas consultadas.
---------------------------------------------------------------------------------------------------------------------------------------------------- 
[2020 M03 14 12:18:48] INFO  || ACCIÓN: CONSULTA / INVERSORES. || ESTATUS: Correcto. || DETALLES: 25 filas consultadas.
---------------------------------------------------------------------------------------------------------------------------------------------------- 
[2020 M03 14 12:18:48] INFO  || ACCIÓN: CONSULTA / PANELES. || ESTATUS: Correcto. || DETALLES: 10 filas consultadas.
---------------------------------------------------------------------------------------------------------------------------------------------------- 
[2020 M03 14 12:18:48] INFO  || ACCIÓN: CONSULTA / INVERSORES. || ESTATUS: Correcto. || DETALLES: 25 filas consultadas.
---------------------------------------------------------------------------------------------------------------------------------------------------- 
[2020 M03 14 12:18:48] INFO  || ACCIÓN: CONSULTA / PANELES. || ESTATUS: Correcto. || DETALLES: 10 filas consultadas.
---------------------------------------------------------------------------------------------------------------------------------------------------- 
[2020 M03 14 12:18:48] INFO  || ACCIÓN: CONSULTA / INVERSORES. || ESTATUS: Correcto. || DETALLES: 25 filas consultadas.
---------------------------------------------------------------------------------------------------------------------------------------------------- 
[2020 M03 14 12:18:48] INFO  || ACCIÓN: CONSULTA / PANELES. || ESTATUS: Correcto. || DETALLES: 10 filas consultadas.
---------------------------------------------------------------------------------------------------------------------------------------------------- 
[2020 M03 14 12:18:48] INFO  || ACCIÓN: CONSULTA / INVERSORES. || ESTATUS: Correcto. || DETALLES: 25 filas consultadas.
---------------------------------------------------------------------------------------------------------------------------------------------------- 
[2020 M03 14 12:18:48] INFO  || ACCIÓN: CONSULTA / PANELES. || ESTATUS: Correcto. || DETALLES: 10 filas consultadas.
---------------------------------------------------------------------------------------------------------------------------------------------------- 
[2020 M03 14 12:18:48] INFO  || ACCIÓN: CONSULTA / INVERSORES. || ESTATUS: Correcto. || DETALLES: 25 filas consultadas.
---------------------------------------------------------------------------------------------------------------------------------------------------- 
[2020 M03 14 12:18:48] INFO  || ACCIÓN: CONSULTA / PANELES. || ESTATUS: Correcto. || DETALLES: 10 filas consultadas.
---------------------------------------------------------------------------------------------------------------------------------------------------- 
[2020 M03 14 12:18:48] INFO  || ACCIÓN: CONSULTA / INVERSORES. || ESTATUS: Correcto. || DETALLES: 25 filas consultadas.
---------------------------------------------------------------------------------------------------------------------------------------------------- 
[2020 M03 14 12:18:48] INFO  || ACCIÓN: CONSULTA / PANELES. || ESTATUS: Correcto. || DETALLES: 10 filas consultadas.
---------------------------------------------------------------------------------------------------------------------------------------------------- 
[2020 M03 14 12:18:48] INFO  || ACCIÓN: CONSULTA / INVERSORES. || ESTATUS: Correcto. || DETALLES: 25 filas consultadas.
---------------------------------------------------------------------------------------------------------------------------------------------------- 
[2020 M03 14 12:18:48] INFO  || ACCIÓN: CONSULTA / PANELES. || ESTATUS: Correcto. || DETALLES: 10 filas consultadas.
---------------------------------------------------------------------------------------------------------------------------------------------------- 
[2020 M03 14 12:18:48] INFO  || ACCIÓN: CONSULTA / INVERSORES. || ESTATUS: Correcto. || DETALLES: 25 filas consultadas.
---------------------------------------------------------------------------------------------------------------------------------------------------- 
[2020 M03 14 12:18:48] INFO  || ACCIÓN: CONSULTA / PANELES. || ESTATUS: Correcto. || DETALLES: 10 filas consultadas.
---------------------------------------------------------------------------------------------------------------------------------------------------- 
[2020 M03 14 12:18:48] INFO  || ACCIÓN: CONSULTA / INVERSORES. || ESTATUS: Correcto. || DETALLES: 25 filas consultadas.
---------------------------------------------------------------------------------------------------------------------------------------------------- 
[2020 M03 14 12:18:48] INFO  || ACCIÓN: CONSULTA / PANELES. || ESTATUS: Correcto. || DETALLES: 10 filas consultadas.
---------------------------------------------------------------------------------------------------------------------------------------------------- 
[2020 M03 14 12:18:48] INFO  || ACCIÓN: CONSULTA / INVERSORES. || ESTATUS: Correcto. || DETALLES: 25 filas consultadas.
---------------------------------------------------------------------------------------------------------------------------------------------------- 
[2020 M03 14 12:18:48] INFO  || ACCIÓN: CONSULTA / PANELES. || ESTATUS: Correcto. || DETALLES: 10 filas consultadas.
---------------------------------------------------------------------------------------------------------------------------------------------------- 
[2020 M03 14 12:18:48] INFO  || ACCIÓN: CONSULTA / INVERSORES. || ESTATUS: Correcto. || DETALLES: 25 filas consultadas.
---------------------------------------------------------------------------------------------------------------------------------------------------- 
[2020 M03 14 12:18:48] INFO  || ACCIÓN: CONSULTA / PANELES. || ESTATUS: Correcto. || DETALLES: 10 filas consultadas.
---------------------------------------------------------------------------------------------------------------------------------------------------- 
[2020 M03 14 12:18:48] INFO  || ACCIÓN: CONSULTA / INVERSORES. || ESTATUS: Correcto. || DETALLES: 25 filas consultadas.
---------------------------------------------------------------------------------------------------------------------------------------------------- 
[2020 M03 14 12:18:48] INFO  || ACCIÓN: CONSULTA / PANELES. || ESTATUS: Correcto. || DETALLES: 10 filas consultadas.
---------------------------------------------------------------------------------------------------------------------------------------------------- 
[2020 M03 14 12:18:48] INFO  || ACCIÓN: CONSULTA / INVERSORES. || ESTATUS: Correcto. || DETALLES: 25 filas consultadas.
---------------------------------------------------------------------------------------------------------------------------------------------------- 
[2020 M03 14 12:18:48] INFO  || ACCIÓN: CONSULTA / PANELES. || ESTATUS: Correcto. || DETALLES: 10 filas consultadas.
---------------------------------------------------------------------------------------------------------------------------------------------------- 
[2020 M03 14 12:18:48] INFO  || ACCIÓN: CONSULTA / INVERSORES. || ESTATUS: Correcto. || DETALLES: 25 filas consultadas.
---------------------------------------------------------------------------------------------------------------------------------------------------- 
[2020 M03 14 12:18:48] INFO  || ACCIÓN: CONSULTA / PANELES. || ESTATUS: Correcto. || DETALLES: 10 filas consultadas.
---------------------------------------------------------------------------------------------------------------------------------------------------- 
[2020 M03 14 12:18:48] INFO  || ACCIÓN: CONSULTA / INVERSORES. || ESTATUS: Correcto. || DETALLES: 25 filas consultadas.
---------------------------------------------------------------------------------------------------------------------------------------------------- 
[2020 M03 14 12:45:03] INFO  || ACCIÓN: CONSULTA / PANELES. || ESTATUS: Correcto. || DETALLES: 10 filas consultadas.
---------------------------------------------------------------------------------------------------------------------------------------------------- 
[2020 M03 14 12:45:03] INFO  || ACCIÓN: CONSULTA / INVERSORES. || ESTATUS: Correcto. || DETALLES: 25 filas consultadas.
---------------------------------------------------------------------------------------------------------------------------------------------------- 
[2020 M03 14 12:45:03] INFO  || ACCIÓN: CONSULTA / PANELES. || ESTATUS: Correcto. || DETALLES: 10 filas consultadas.
---------------------------------------------------------------------------------------------------------------------------------------------------- 
[2020 M03 14 12:45:03] INFO  || ACCIÓN: CONSULTA / INVERSORES. || ESTATUS: Correcto. || DETALLES: 25 filas consultadas.
---------------------------------------------------------------------------------------------------------------------------------------------------- 
[2020 M03 14 12:45:03] INFO  || ACCIÓN: CONSULTA / PANELES. || ESTATUS: Correcto. || DETALLES: 10 filas consultadas.
---------------------------------------------------------------------------------------------------------------------------------------------------- 
[2020 M03 14 12:45:03] INFO  || ACCIÓN: CONSULTA / INVERSORES. || ESTATUS: Correcto. || DETALLES: 25 filas consultadas.
---------------------------------------------------------------------------------------------------------------------------------------------------- 
[2020 M03 14 12:45:03] INFO  || ACCIÓN: CONSULTA / PANELES. || ESTATUS: Correcto. || DETALLES: 10 filas consultadas.
---------------------------------------------------------------------------------------------------------------------------------------------------- 
[2020 M03 14 12:45:03] INFO  || ACCIÓN: CONSULTA / INVERSORES. || ESTATUS: Correcto. || DETALLES: 25 filas consultadas.
>>>>>>> bffc1cd7abf6beb1a6f4718aee3f80d59817d0fe
---------------------------------------------------------------------------------------------------------------------------------------------------- 
