[2020 M03 11 12:46:56] INFO  || ACCIÓN: INSERTAR / CLIENTE. || ESTATUS: Correcto. || DETALLES: 1 fila insertada.
---------------------------------------------------------------------------------------------------------------------------------------------------- 
[2020 M03 11 16:30:36] INFO  || ACCIÓN: INSERTAR / CLIENTE. || ESTATUS: Correcto. || DETALLES: 1 fila insertada.
---------------------------------------------------------------------------------------------------------------------------------------------------- 
[2020 M03 11 17:00:22] INFO  || ACCIÓN: INSERTAR / CLIENTE. || ESTATUS: Correcto. || DETALLES: 1 fila insertada.
---------------------------------------------------------------------------------------------------------------------------------------------------- 
[2020 M03 11 17:00:59] INFO  || ACCIÓN: INSERTAR / CLIENTE. || ESTATUS: Correcto. || DETALLES: 1 fila insertada.
---------------------------------------------------------------------------------------------------------------------------------------------------- 
[2020 M03 11 17:04:11] INFO  || ACCIÓN: ELIMINAR / CLIENTE. || ESTATUS: Correcto. || DETALLES: 1 fila eliminada.
---------------------------------------------------------------------------------------------------------------------------------------------------- 
[2020 M03 11 17:05:01] INFO  || ACCIÓN: ELIMINAR / CLIENTE. || ESTATUS: Correcto. || DETALLES: 1 fila eliminada.
---------------------------------------------------------------------------------------------------------------------------------------------------- 
[2020 M03 11 17:05:36] INFO  || ACCIÓN: ELIMINAR / CLIENTE. || ESTATUS: Correcto. || DETALLES: 1 fila eliminada.
---------------------------------------------------------------------------------------------------------------------------------------------------- 
[2020 M03 11 17:19:51] INFO  || ACCIÓN: ELIMINAR / CLIENTE. || ESTATUS: Correcto. || DETALLES: 1 fila eliminada.
---------------------------------------------------------------------------------------------------------------------------------------------------- 
[2020 M03 11 17:19:51] INFO  || ACCIÓN: ELIMINAR / CLIENTE. || ESTATUS: Correcto. || DETALLES: 1 fila eliminada.
---------------------------------------------------------------------------------------------------------------------------------------------------- 
[2020 M03 11 17:19:51] INFO  || ACCIÓN: ELIMINAR / CLIENTE. || ESTATUS: Correcto. || DETALLES: 1 fila eliminada.
---------------------------------------------------------------------------------------------------------------------------------------------------- 
[2020 M03 11 17:19:51] INFO  || ACCIÓN: ELIMINAR / CLIENTE. || ESTATUS: Correcto. || DETALLES: 1 fila eliminada.
---------------------------------------------------------------------------------------------------------------------------------------------------- 
[2020 M03 11 17:19:51] INFO  || ACCIÓN: ELIMINAR / CLIENTE. || ESTATUS: Correcto. || DETALLES: 1 fila eliminada.
---------------------------------------------------------------------------------------------------------------------------------------------------- 
[2020 M03 11 17:19:51] INFO  || ACCIÓN: ELIMINAR / CLIENTE. || ESTATUS: Correcto. || DETALLES: 1 fila eliminada.
---------------------------------------------------------------------------------------------------------------------------------------------------- 
[2020 M03 11 17:49:23] INFO  || ACCIÓN: CONSULTA / CLIENTES. || ESTATUS: Correcto. || DETALLES: 3 filas consultadas.
---------------------------------------------------------------------------------------------------------------------------------------------------- 
[2020 M03 11 17:58:19] INFO  || ACCIÓN: EDITAR / CLIENTES. || ESTATUS: Correcto. || DETALLES: 1 fila editada.
---------------------------------------------------------------------------------------------------------------------------------------------------- 
[2020 M03 11 18:15:48] INFO  || ACCIÓN: BUSQUEDA / CLIENTES POR ID. || ESTATUS: Correcto. || DETALLES: 0 filas consultadas.
---------------------------------------------------------------------------------------------------------------------------------------------------- 
[2020 M03 11 18:17:16] INFO  || ACCIÓN: BUSQUEDA / CLIENTES POR ID. || ESTATUS: Correcto. || DETALLES: 0 filas consultadas.
---------------------------------------------------------------------------------------------------------------------------------------------------- 
[2020 M03 11 18:17:16] INFO  || ACCIÓN: BUSQUEDA / CLIENTES POR ID. || ESTATUS: Correcto. || DETALLES: 0 filas consultadas.
---------------------------------------------------------------------------------------------------------------------------------------------------- 
[2020 M03 11 18:42:25] INFO  || ACCIÓN: BUSQUEDA / CLIENTES POR ID. || ESTATUS: Correcto. || DETALLES: 1 filas consultadas.
---------------------------------------------------------------------------------------------------------------------------------------------------- 
