[2020 M03 18 0:23:20] INFO  || ACCIÓN: CONSULTA / PANELES. || ESTATUS: Correcto. || DETALLES: 10 filas consultadas.
---------------------------------------------------------------------------------------------------------------------------------------------------- 
[2020 M03 18 0:23:20] INFO  || ACCIÓN: CONSULTA / INVERSORES. || ESTATUS: Correcto. || DETALLES: 25 filas consultadas.
---------------------------------------------------------------------------------------------------------------------------------------------------- 
[2020 M03 18 0:23:20] INFO  || ACCIÓN: BUSQUEDA / CLIENTES POR USUARIO. || ESTATUS: Correcto. || DETALLES: 7 filas consultadas.
---------------------------------------------------------------------------------------------------------------------------------------------------- 
[2020 M03 18 0:28:17] INFO  || ACCIÓN: CONSULTA / PANELES. || ESTATUS: Correcto. || DETALLES: 10 filas consultadas.
---------------------------------------------------------------------------------------------------------------------------------------------------- 
[2020 M03 18 0:28:17] INFO  || ACCIÓN: CONSULTA / INVERSORES. || ESTATUS: Correcto. || DETALLES: 25 filas consultadas.
---------------------------------------------------------------------------------------------------------------------------------------------------- 
[2020 M03 18 0:28:17] INFO  || ACCIÓN: BUSQUEDA / CLIENTES POR USUARIO. || ESTATUS: Correcto. || DETALLES: 7 filas consultadas.
---------------------------------------------------------------------------------------------------------------------------------------------------- 
[2020 M03 18 0:28:17] INFO  || ACCIÓN: CONSULTA / PANELES. || ESTATUS: Correcto. || DETALLES: 10 filas consultadas.
---------------------------------------------------------------------------------------------------------------------------------------------------- 
[2020 M03 18 0:28:17] INFO  || ACCIÓN: CONSULTA / INVERSORES. || ESTATUS: Correcto. || DETALLES: 25 filas consultadas.
---------------------------------------------------------------------------------------------------------------------------------------------------- 
[2020 M03 18 0:28:17] INFO  || ACCIÓN: BUSQUEDA / CLIENTES POR USUARIO. || ESTATUS: Correcto. || DETALLES: 7 filas consultadas.
---------------------------------------------------------------------------------------------------------------------------------------------------- 
[2020 M03 18 0:28:17] INFO  || ACCIÓN: CONSULTA / PANELES. || ESTATUS: Correcto. || DETALLES: 10 filas consultadas.
---------------------------------------------------------------------------------------------------------------------------------------------------- 
[2020 M03 18 0:28:17] INFO  || ACCIÓN: CONSULTA / INVERSORES. || ESTATUS: Correcto. || DETALLES: 25 filas consultadas.
---------------------------------------------------------------------------------------------------------------------------------------------------- 
[2020 M03 18 0:28:17] INFO  || ACCIÓN: BUSQUEDA / CLIENTES POR USUARIO. || ESTATUS: Correcto. || DETALLES: 7 filas consultadas.
---------------------------------------------------------------------------------------------------------------------------------------------------- 
[2020 M03 18 10:24:35] INFO  || ACCIÓN: VALIDAR / USUARIOS. || ESTATUS: Correcto. || DETALLES: Token de usuario generado, acceso a: Benny Yael.
---------------------------------------------------------------------------------------------------------------------------------------------------- 
[2020 M03 18 10:24:35] INFO  || ACCIÓN: CONSULTA / PANELES. || ESTATUS: Correcto. || DETALLES: 10 filas consultadas.
---------------------------------------------------------------------------------------------------------------------------------------------------- 
[2020 M03 18 10:24:35] INFO  || ACCIÓN: CONSULTA / INVERSORES. || ESTATUS: Correcto. || DETALLES: 25 filas consultadas.
---------------------------------------------------------------------------------------------------------------------------------------------------- 
[2020 M03 18 10:24:35] INFO  || ACCIÓN: BUSQUEDA / CLIENTES POR USUARIO. || ESTATUS: Correcto. || DETALLES: 7 filas consultadas.
---------------------------------------------------------------------------------------------------------------------------------------------------- 
[2020 M03 18 10:24:35] INFO  || ACCIÓN: CONSULTA / PANELES. || ESTATUS: Correcto. || DETALLES: 10 filas consultadas.
---------------------------------------------------------------------------------------------------------------------------------------------------- 
[2020 M03 18 10:24:35] INFO  || ACCIÓN: CONSULTA / INVERSORES. || ESTATUS: Correcto. || DETALLES: 25 filas consultadas.
---------------------------------------------------------------------------------------------------------------------------------------------------- 
[2020 M03 18 10:24:35] INFO  || ACCIÓN: BUSQUEDA / CLIENTES POR USUARIO. || ESTATUS: Correcto. || DETALLES: 7 filas consultadas.
---------------------------------------------------------------------------------------------------------------------------------------------------- 
[2020 M03 18 10:36:29] INFO  || ACCIÓN: CONSULTA / PANELES. || ESTATUS: Correcto. || DETALLES: 10 filas consultadas.
---------------------------------------------------------------------------------------------------------------------------------------------------- 
[2020 M03 18 10:36:29] INFO  || ACCIÓN: CONSULTA / INVERSORES. || ESTATUS: Correcto. || DETALLES: 25 filas consultadas.
---------------------------------------------------------------------------------------------------------------------------------------------------- 
[2020 M03 18 10:36:29] INFO  || ACCIÓN: BUSQUEDA / CLIENTES POR USUARIO. || ESTATUS: Correcto. || DETALLES: 7 filas consultadas.
---------------------------------------------------------------------------------------------------------------------------------------------------- 
[2020 M03 18 10:36:29] INFO  || ACCIÓN: CONSULTA / PANELES. || ESTATUS: Correcto. || DETALLES: 10 filas consultadas.
---------------------------------------------------------------------------------------------------------------------------------------------------- 
[2020 M03 18 10:36:29] INFO  || ACCIÓN: CONSULTA / INVERSORES. || ESTATUS: Correcto. || DETALLES: 25 filas consultadas.
---------------------------------------------------------------------------------------------------------------------------------------------------- 
[2020 M03 18 10:36:29] INFO  || ACCIÓN: BUSQUEDA / CLIENTES POR USUARIO. || ESTATUS: Correcto. || DETALLES: 7 filas consultadas.
---------------------------------------------------------------------------------------------------------------------------------------------------- 
[2020 M03 18 11:59:15] INFO  || ACCIÓN: CONSULTA / PANELES. || ESTATUS: Correcto. || DETALLES: 10 filas consultadas.
---------------------------------------------------------------------------------------------------------------------------------------------------- 
[2020 M03 18 11:59:15] INFO  || ACCIÓN: CONSULTA / INVERSORES. || ESTATUS: Correcto. || DETALLES: 25 filas consultadas.
---------------------------------------------------------------------------------------------------------------------------------------------------- 
[2020 M03 18 11:59:15] INFO  || ACCIÓN: BUSQUEDA / CLIENTES POR USUARIO. || ESTATUS: Correcto. || DETALLES: 7 filas consultadas.
---------------------------------------------------------------------------------------------------------------------------------------------------- 
[2020 M03 18 12:09:26] INFO  || ACCIÓN: CONSULTA / PANELES. || ESTATUS: Correcto. || DETALLES: 10 filas consultadas.
---------------------------------------------------------------------------------------------------------------------------------------------------- 
[2020 M03 18 12:09:26] INFO  || ACCIÓN: CONSULTA / INVERSORES. || ESTATUS: Correcto. || DETALLES: 25 filas consultadas.
---------------------------------------------------------------------------------------------------------------------------------------------------- 
[2020 M03 18 12:09:26] INFO  || ACCIÓN: BUSQUEDA / CLIENTES POR USUARIO. || ESTATUS: Correcto. || DETALLES: 7 filas consultadas.
---------------------------------------------------------------------------------------------------------------------------------------------------- 
[2020 M03 18 12:09:26] INFO  || ACCIÓN: CONSULTA / PANELES. || ESTATUS: Correcto. || DETALLES: 10 filas consultadas.
---------------------------------------------------------------------------------------------------------------------------------------------------- 
[2020 M03 18 12:09:26] INFO  || ACCIÓN: CONSULTA / INVERSORES. || ESTATUS: Correcto. || DETALLES: 25 filas consultadas.
---------------------------------------------------------------------------------------------------------------------------------------------------- 
[2020 M03 18 12:09:26] INFO  || ACCIÓN: BUSQUEDA / CLIENTES POR USUARIO. || ESTATUS: Correcto. || DETALLES: 7 filas consultadas.
---------------------------------------------------------------------------------------------------------------------------------------------------- 
[2020 M03 18 12:09:26] INFO  || ACCIÓN: CONSULTA / PANELES. || ESTATUS: Correcto. || DETALLES: 10 filas consultadas.
---------------------------------------------------------------------------------------------------------------------------------------------------- 
[2020 M03 18 12:09:26] INFO  || ACCIÓN: CONSULTA / INVERSORES. || ESTATUS: Correcto. || DETALLES: 25 filas consultadas.
---------------------------------------------------------------------------------------------------------------------------------------------------- 
[2020 M03 18 12:09:26] INFO  || ACCIÓN: BUSQUEDA / CLIENTES POR USUARIO. || ESTATUS: Correcto. || DETALLES: 7 filas consultadas.
---------------------------------------------------------------------------------------------------------------------------------------------------- 
[2020 M03 18 13:43:35] INFO  || ACCIÓN: CONSULTA / PANELES. || ESTATUS: Correcto. || DETALLES: 10 filas consultadas.
---------------------------------------------------------------------------------------------------------------------------------------------------- 
[2020 M03 18 13:43:35] INFO  || ACCIÓN: CONSULTA / INVERSORES. || ESTATUS: Correcto. || DETALLES: 25 filas consultadas.
---------------------------------------------------------------------------------------------------------------------------------------------------- 
[2020 M03 18 13:43:35] INFO  || ACCIÓN: BUSQUEDA / CLIENTES POR USUARIO. || ESTATUS: Correcto. || DETALLES: 7 filas consultadas.
---------------------------------------------------------------------------------------------------------------------------------------------------- 
[2020 M03 18 13:43:35] INFO  || ACCIÓN: CONSULTA / PANELES. || ESTATUS: Correcto. || DETALLES: 10 filas consultadas.
---------------------------------------------------------------------------------------------------------------------------------------------------- 
[2020 M03 18 13:43:35] INFO  || ACCIÓN: CONSULTA / INVERSORES. || ESTATUS: Correcto. || DETALLES: 25 filas consultadas.
---------------------------------------------------------------------------------------------------------------------------------------------------- 
[2020 M03 18 13:43:35] INFO  || ACCIÓN: BUSQUEDA / CLIENTES POR USUARIO. || ESTATUS: Correcto. || DETALLES: 7 filas consultadas.
---------------------------------------------------------------------------------------------------------------------------------------------------- 
[2020 M03 18 16:39:25] INFO  || ACCIÓN: VALIDAR / USUARIOS. || ESTATUS: Correcto. || DETALLES: Token de usuario generado, acceso a: Benny Yael.
---------------------------------------------------------------------------------------------------------------------------------------------------- 
[2020 M03 18 16:39:25] INFO  || ACCIÓN: CONSULTA / PANELES. || ESTATUS: Correcto. || DETALLES: 10 filas consultadas.
---------------------------------------------------------------------------------------------------------------------------------------------------- 
[2020 M03 18 16:39:25] INFO  || ACCIÓN: CONSULTA / INVERSORES. || ESTATUS: Correcto. || DETALLES: 25 filas consultadas.
---------------------------------------------------------------------------------------------------------------------------------------------------- 
[2020 M03 18 16:39:25] INFO  || ACCIÓN: BUSQUEDA / CLIENTES POR USUARIO. || ESTATUS: Correcto. || DETALLES: 7 filas consultadas.
---------------------------------------------------------------------------------------------------------------------------------------------------- 
[2020 M03 18 17:54:32] INFO  || ACCIÓN: CONSULTA / PANELES. || ESTATUS: Correcto. || DETALLES: 10 filas consultadas.
---------------------------------------------------------------------------------------------------------------------------------------------------- 
[2020 M03 18 17:54:32] INFO  || ACCIÓN: CONSULTA / INVERSORES. || ESTATUS: Correcto. || DETALLES: 25 filas consultadas.
---------------------------------------------------------------------------------------------------------------------------------------------------- 
[2020 M03 18 17:54:32] INFO  || ACCIÓN: BUSQUEDA / CLIENTES POR USUARIO. || ESTATUS: Correcto. || DETALLES: 7 filas consultadas.
---------------------------------------------------------------------------------------------------------------------------------------------------- 
[2020 M03 18 18:29:04] INFO  || ACCIÓN: CONSULTA / PANELES. || ESTATUS: Correcto. || DETALLES: 10 filas consultadas.
---------------------------------------------------------------------------------------------------------------------------------------------------- 
[2020 M03 18 18:29:04] INFO  || ACCIÓN: CONSULTA / INVERSORES. || ESTATUS: Correcto. || DETALLES: 25 filas consultadas.
---------------------------------------------------------------------------------------------------------------------------------------------------- 
[2020 M03 18 18:29:04] INFO  || ACCIÓN: BUSQUEDA / CLIENTES POR USUARIO. || ESTATUS: Correcto. || DETALLES: 7 filas consultadas.
---------------------------------------------------------------------------------------------------------------------------------------------------- 
[2020 M03 18 18:54:23] INFO  || ACCIÓN: CONSULTA / PANELES. || ESTATUS: Correcto. || DETALLES: 10 filas consultadas.
---------------------------------------------------------------------------------------------------------------------------------------------------- 
[2020 M03 18 18:54:23] INFO  || ACCIÓN: CONSULTA / INVERSORES. || ESTATUS: Correcto. || DETALLES: 25 filas consultadas.
---------------------------------------------------------------------------------------------------------------------------------------------------- 
[2020 M03 18 18:54:23] INFO  || ACCIÓN: BUSQUEDA / CLIENTES POR USUARIO. || ESTATUS: Correcto. || DETALLES: 7 filas consultadas.
---------------------------------------------------------------------------------------------------------------------------------------------------- 
[2020 M03 18 18:54:23] INFO  || ACCIÓN: CONSULTA / PANELES. || ESTATUS: Correcto. || DETALLES: 10 filas consultadas.
---------------------------------------------------------------------------------------------------------------------------------------------------- 
[2020 M03 18 18:54:23] INFO  || ACCIÓN: CONSULTA / INVERSORES. || ESTATUS: Correcto. || DETALLES: 25 filas consultadas.
---------------------------------------------------------------------------------------------------------------------------------------------------- 
[2020 M03 18 18:54:23] INFO  || ACCIÓN: BUSQUEDA / CLIENTES POR USUARIO. || ESTATUS: Correcto. || DETALLES: 7 filas consultadas.
---------------------------------------------------------------------------------------------------------------------------------------------------- 
[2020 M03 18 23:19:54] INFO  || ACCIÓN: VALIDAR / USUARIOS. || ESTATUS: Correcto. || DETALLES: Token de usuario generado, acceso a: Benny Yael.
---------------------------------------------------------------------------------------------------------------------------------------------------- 
[2020 M03 18 23:19:54] INFO  || ACCIÓN: CONSULTA / PANELES. || ESTATUS: Correcto. || DETALLES: 10 filas consultadas.
---------------------------------------------------------------------------------------------------------------------------------------------------- 
[2020 M03 18 23:19:54] INFO  || ACCIÓN: CONSULTA / INVERSORES. || ESTATUS: Correcto. || DETALLES: 25 filas consultadas.
---------------------------------------------------------------------------------------------------------------------------------------------------- 
[2020 M03 18 23:19:54] INFO  || ACCIÓN: BUSQUEDA / CLIENTES POR USUARIO. || ESTATUS: Correcto. || DETALLES: 7 filas consultadas.
---------------------------------------------------------------------------------------------------------------------------------------------------- 
[2020 M03 18 23:33:43] INFO  || ACCIÓN: CONSULTA / PANELES. || ESTATUS: Correcto. || DETALLES: 10 filas consultadas.
---------------------------------------------------------------------------------------------------------------------------------------------------- 
[2020 M03 18 23:33:43] INFO  || ACCIÓN: CONSULTA / INVERSORES. || ESTATUS: Correcto. || DETALLES: 25 filas consultadas.
---------------------------------------------------------------------------------------------------------------------------------------------------- 
[2020 M03 18 23:33:43] INFO  || ACCIÓN: BUSQUEDA / CLIENTES POR USUARIO. || ESTATUS: Correcto. || DETALLES: 7 filas consultadas.
---------------------------------------------------------------------------------------------------------------------------------------------------- 
[2020 M03 18 23:44:21] INFO  || ACCIÓN: CONSULTA / PANELES. || ESTATUS: Correcto. || DETALLES: 10 filas consultadas.
---------------------------------------------------------------------------------------------------------------------------------------------------- 
[2020 M03 18 23:44:21] INFO  || ACCIÓN: CONSULTA / INVERSORES. || ESTATUS: Correcto. || DETALLES: 25 filas consultadas.
---------------------------------------------------------------------------------------------------------------------------------------------------- 
[2020 M03 18 23:44:21] INFO  || ACCIÓN: BUSQUEDA / CLIENTES POR USUARIO. || ESTATUS: Correcto. || DETALLES: 7 filas consultadas.
---------------------------------------------------------------------------------------------------------------------------------------------------- 
