[2020 M03 19 0:03:33] INFO  || ACCIÓN: CONSULTA / PANELES. || ESTATUS: Correcto. || DETALLES: 10 filas consultadas.
---------------------------------------------------------------------------------------------------------------------------------------------------- 
[2020 M03 19 0:03:33] INFO  || ACCIÓN: CONSULTA / INVERSORES. || ESTATUS: Correcto. || DETALLES: 25 filas consultadas.
---------------------------------------------------------------------------------------------------------------------------------------------------- 
[2020 M03 19 0:03:33] INFO  || ACCIÓN: BUSQUEDA / CLIENTES POR USUARIO. || ESTATUS: Correcto. || DETALLES: 7 filas consultadas.
---------------------------------------------------------------------------------------------------------------------------------------------------- 
[2020 M03 19 0:03:33] INFO  || ACCIÓN: CONSULTA / PANELES. || ESTATUS: Correcto. || DETALLES: 10 filas consultadas.
---------------------------------------------------------------------------------------------------------------------------------------------------- 
[2020 M03 19 0:03:33] INFO  || ACCIÓN: CONSULTA / INVERSORES. || ESTATUS: Correcto. || DETALLES: 25 filas consultadas.
---------------------------------------------------------------------------------------------------------------------------------------------------- 
[2020 M03 19 0:03:33] INFO  || ACCIÓN: BUSQUEDA / CLIENTES POR USUARIO. || ESTATUS: Correcto. || DETALLES: 7 filas consultadas.
---------------------------------------------------------------------------------------------------------------------------------------------------- 
[2020 M03 19 0:03:33] INFO  || ACCIÓN: CONSULTA / PANELES. || ESTATUS: Correcto. || DETALLES: 10 filas consultadas.
---------------------------------------------------------------------------------------------------------------------------------------------------- 
[2020 M03 19 0:03:33] INFO  || ACCIÓN: CONSULTA / INVERSORES. || ESTATUS: Correcto. || DETALLES: 25 filas consultadas.
---------------------------------------------------------------------------------------------------------------------------------------------------- 
[2020 M03 19 0:03:33] INFO  || ACCIÓN: BUSQUEDA / CLIENTES POR USUARIO. || ESTATUS: Correcto. || DETALLES: 7 filas consultadas.
---------------------------------------------------------------------------------------------------------------------------------------------------- 
[2020 M03 19 0:25:43] INFO  || ACCIÓN: CONSULTA / PANELES. || ESTATUS: Correcto. || DETALLES: 10 filas consultadas.
---------------------------------------------------------------------------------------------------------------------------------------------------- 
[2020 M03 19 0:25:43] INFO  || ACCIÓN: CONSULTA / INVERSORES. || ESTATUS: Correcto. || DETALLES: 25 filas consultadas.
---------------------------------------------------------------------------------------------------------------------------------------------------- 
[2020 M03 19 0:25:43] INFO  || ACCIÓN: BUSQUEDA / CLIENTES POR USUARIO. || ESTATUS: Correcto. || DETALLES: 7 filas consultadas.
---------------------------------------------------------------------------------------------------------------------------------------------------- 
[2020 M03 19 0:25:43] INFO  || ACCIÓN: CONSULTA / PANELES. || ESTATUS: Correcto. || DETALLES: 10 filas consultadas.
---------------------------------------------------------------------------------------------------------------------------------------------------- 
[2020 M03 19 0:25:43] INFO  || ACCIÓN: CONSULTA / INVERSORES. || ESTATUS: Correcto. || DETALLES: 25 filas consultadas.
---------------------------------------------------------------------------------------------------------------------------------------------------- 
[2020 M03 19 0:25:43] INFO  || ACCIÓN: BUSQUEDA / CLIENTES POR USUARIO. || ESTATUS: Correcto. || DETALLES: 7 filas consultadas.
---------------------------------------------------------------------------------------------------------------------------------------------------- 
[19 de marzo de 2020 14:00:09] INFO  || ACCIÓN: VALIDAR / USUARIOS. || ESTATUS: Correcto. || DETALLES: Token de usuario generado, acceso a: Benny Yael.
---------------------------------------------------------------------------------------------------------------------------------------------------- 
[19 de marzo de 2020 16:35:42] INFO  || ACCIÓN: VALIDAR / USUARIOS. || ESTATUS: Correcto. || DETALLES: Token de usuario generado, acceso a: Benny Yael.
---------------------------------------------------------------------------------------------------------------------------------------------------- 
[19 de marzo de 2020 16:35:42] INFO  || ACCIÓN: BUSQUEDA / CLIENTES POR USUARIO. || ESTATUS: Correcto. || DETALLES: 7 filas consultadas.
---------------------------------------------------------------------------------------------------------------------------------------------------- 
[19 de marzo de 2020 16:35:42] INFO  || ACCIÓN: CONSULTA / PANELES. || ESTATUS: Correcto. || DETALLES: 10 filas consultadas.
---------------------------------------------------------------------------------------------------------------------------------------------------- 
[19 de marzo de 2020 16:35:42] INFO  || ACCIÓN: CONSULTA / INVERSORES. || ESTATUS: Correcto. || DETALLES: 25 filas consultadas.
---------------------------------------------------------------------------------------------------------------------------------------------------- 
[19 de marzo de 2020 16:35:42] INFO  || ACCIÓN: BUSQUEDA / CLIENTES POR USUARIO. || ESTATUS: Correcto. || DETALLES: 7 filas consultadas.
---------------------------------------------------------------------------------------------------------------------------------------------------- 
[19 de marzo de 2020 16:47:48] INFO  || ACCIÓN: CONSULTA / PANELES. || ESTATUS: Correcto. || DETALLES: 10 filas consultadas.
---------------------------------------------------------------------------------------------------------------------------------------------------- 
[19 de marzo de 2020 16:47:48] INFO  || ACCIÓN: CONSULTA / INVERSORES. || ESTATUS: Correcto. || DETALLES: 25 filas consultadas.
---------------------------------------------------------------------------------------------------------------------------------------------------- 
[19 de marzo de 2020 16:47:48] INFO  || ACCIÓN: BUSQUEDA / CLIENTES POR USUARIO. || ESTATUS: Correcto. || DETALLES: 7 filas consultadas.
---------------------------------------------------------------------------------------------------------------------------------------------------- 
