<<<<<<< HEAD
[10 de marzo de 2020 13:26:32] INFO  || ACCIÓN: VALIDAR / USUARIOS. || ESTATUS: Correcto. || DETALLES: Token de usuario generado, acceso a: Ulises.
---------------------------------------------------------------------------------------------------------------------------------------------------- 
[10 de marzo de 2020 13:26:32] INFO  || ACCIÓN: VALIDAR / USUARIOS. || ESTATUS: Correcto. || DETALLES: Token de usuario generado, acceso a: Guillermo.
---------------------------------------------------------------------------------------------------------------------------------------------------- 
[10 de marzo de 2020 14:00:53] INFO  || ACCIÓN: VALIDAR / USUARIOS. || ESTATUS: Correcto. || DETALLES: Token de usuario generado, acceso a: Ulises.
=======
[2020 M03 10 10:21:13] INFO  || ACCIÓN: INSERTAR / USUARIOS. || ESTATUS: Correcto. || DETALLES: 1 fila insertada.
---------------------------------------------------------------------------------------------------------------------------------------------------- 
[2020 M03 10 12:10:53] INFO  || ACCIÓN: VALIDAR / USUARIOS. || ESTATUS: Correcto. || DETALLES: 1 fila insertada.
---------------------------------------------------------------------------------------------------------------------------------------------------- 
[2020 M03 10 12:11:19] INFO  || ACCIÓN: VALIDAR / USUARIOS. || ESTATUS: Correcto. || DETALLES: 1 fila insertada.
---------------------------------------------------------------------------------------------------------------------------------------------------- 
[2020 M03 10 12:21:05] INFO  || ACCIÓN: VALIDAR / USUARIOS. || ESTATUS: Correcto. || DETALLES: Token de usuario generado, acceso a: Ulises.
---------------------------------------------------------------------------------------------------------------------------------------------------- 
[2020 M03 10 12:21:05] INFO  || ACCIÓN: VALIDAR / USUARIOS. || ESTATUS: Correcto. || DETALLES: Token de usuario generado, acceso a: Ulises.
---------------------------------------------------------------------------------------------------------------------------------------------------- 
[2020 M03 10 12:24:19] INFO  || ACCIÓN: VALIDAR / USUARIOS. || ESTATUS: Correcto. || DETALLES: Token de usuario generado, acceso a: Ulises.
---------------------------------------------------------------------------------------------------------------------------------------------------- 
[2020 M03 10 13:47:30] INFO  || ACCIÓN: INSERTAR / CLIENTES. || ESTATUS: Correcto. || DETALLES: 1 fila insertada.
---------------------------------------------------------------------------------------------------------------------------------------------------- 
[2020 M03 10 17:29:15] INFO  || ACCIÓN: INSERTAR / CLIENTE. || ESTATUS: Correcto. || DETALLES: 1 fila insertada.
---------------------------------------------------------------------------------------------------------------------------------------------------- 
[2020 M03 10 17:29:15] INFO  || ACCIÓN: INSERTAR / CLIENTES. || ESTATUS: Correcto. || DETALLES: 1 fila insertada.
---------------------------------------------------------------------------------------------------------------------------------------------------- 
[2020 M03 10 17:37:33] INFO  || ACCIÓN: INSERTAR / CLIENTE. || ESTATUS: Correcto. || DETALLES: 1 fila insertada.
---------------------------------------------------------------------------------------------------------------------------------------------------- 
[2020 M03 10 17:37:33] INFO  || ACCIÓN: INSERTAR / CLIENTES. || ESTATUS: Correcto. || DETALLES: 1 fila insertada.
---------------------------------------------------------------------------------------------------------------------------------------------------- 
[2020 M03 10 17:39:33] INFO  || ACCIÓN: INSERTAR / CLIENTE. || ESTATUS: Correcto. || DETALLES: 1 fila insertada.
---------------------------------------------------------------------------------------------------------------------------------------------------- 
[2020 M03 10 17:39:33] INFO  || ACCIÓN: INSERTAR / CLIENTES. || ESTATUS: Correcto. || DETALLES: 1 fila insertada.
---------------------------------------------------------------------------------------------------------------------------------------------------- 
[2020 M03 10 17:40:14] INFO  || ACCIÓN: INSERTAR / CLIENTE. || ESTATUS: Correcto. || DETALLES: 1 fila insertada.
---------------------------------------------------------------------------------------------------------------------------------------------------- 
[2020 M03 10 17:40:14] INFO  || ACCIÓN: INSERTAR / CLIENTES. || ESTATUS: Correcto. || DETALLES: 1 fila insertada.
---------------------------------------------------------------------------------------------------------------------------------------------------- 
[2020 M03 10 17:41:07] INFO  || ACCIÓN: INSERTAR / CLIENTE. || ESTATUS: Correcto. || DETALLES: 1 fila insertada.
---------------------------------------------------------------------------------------------------------------------------------------------------- 
[2020 M03 10 17:41:07] INFO  || ACCIÓN: INSERTAR / CLIENTES. || ESTATUS: Correcto. || DETALLES: 1 fila insertada.
---------------------------------------------------------------------------------------------------------------------------------------------------- 
[2020 M03 10 17:43:14] INFO  || ACCIÓN: INSERTAR / CLIENTE. || ESTATUS: Correcto. || DETALLES: 1 fila insertada.
---------------------------------------------------------------------------------------------------------------------------------------------------- 
[2020 M03 10 17:43:14] INFO  || ACCIÓN: INSERTAR / CLIENTES. || ESTATUS: Correcto. || DETALLES: 1 fila insertada.
---------------------------------------------------------------------------------------------------------------------------------------------------- 
[2020 M03 10 17:45:25] INFO  || ACCIÓN: INSERTAR / CLIENTE. || ESTATUS: Correcto. || DETALLES: 1 fila insertada.
---------------------------------------------------------------------------------------------------------------------------------------------------- 
[2020 M03 10 17:45:25] INFO  || ACCIÓN: INSERTAR / CLIENTES. || ESTATUS: Correcto. || DETALLES: 1 fila insertada.
---------------------------------------------------------------------------------------------------------------------------------------------------- 
[2020 M03 10 17:45:52] INFO  || ACCIÓN: INSERTAR / CLIENTE. || ESTATUS: Correcto. || DETALLES: 1 fila insertada.
---------------------------------------------------------------------------------------------------------------------------------------------------- 
[2020 M03 10 17:45:52] INFO  || ACCIÓN: INSERTAR / CLIENTES. || ESTATUS: Correcto. || DETALLES: 1 fila insertada.
---------------------------------------------------------------------------------------------------------------------------------------------------- 
[2020 M03 10 17:46:52] INFO  || ACCIÓN: INSERTAR / CLIENTE. || ESTATUS: Correcto. || DETALLES: 1 fila insertada.
---------------------------------------------------------------------------------------------------------------------------------------------------- 
[2020 M03 10 17:46:52] INFO  || ACCIÓN: INSERTAR / CLIENTES. || ESTATUS: Correcto. || DETALLES: 1 fila insertada.
---------------------------------------------------------------------------------------------------------------------------------------------------- 
[2020 M03 10 17:49:07] INFO  || ACCIÓN: INSERTAR / CLIENTE. || ESTATUS: Correcto. || DETALLES: 1 fila insertada.
---------------------------------------------------------------------------------------------------------------------------------------------------- 
[2020 M03 10 17:50:06] INFO  || ACCIÓN: INSERTAR / CLIENTE. || ESTATUS: Correcto. || DETALLES: 1 fila insertada.
---------------------------------------------------------------------------------------------------------------------------------------------------- 
[2020 M03 10 17:50:42] INFO  || ACCIÓN: INSERTAR / CLIENTE. || ESTATUS: Correcto. || DETALLES: 1 fila insertada.
>>>>>>> 85f3cd66e75b4fda68c9aeababe31224a7c3557f
---------------------------------------------------------------------------------------------------------------------------------------------------- 
