[2020 M03 10 10:26:50] ERROR || ACCIÓN: INSERTAR / USUARIOS. || ESTATUS: Error. || DETALLES: ER_DUP_ENTRY: Duplicate entry 'ulisesavila@gmail.com' for key 'vEmail'
{"code":"ER_DUP_ENTRY","errno":1062,"sqlMessage":"Duplicate entry 'ulisesavila@gmail.com' for key 'vEmail'","sqlState":"23000","index":0,"sql":"CALL SP_Usuario(0, NULL, NULL, 1, 'Ing', 'holiscrayolis', 'Veracruz', NULL, 'Ulises', 'Avila', 'Camacho', 1239873, 7340275938, 'ulisesavila@gmail.com', '2020-03-10 10:26:53-06:00', NULL, NULL)"}
Error: ER_DUP_ENTRY: Duplicate entry 'ulisesavila@gmail.com' for key 'vEmail'
    at Query.Sequence._packetToError (C:\xampp\htdocs\Sy_EteslaAPI\node_modules\mysql\lib\protocol\sequences\Sequence.js:47:14)
    at Query.ErrorPacket (C:\xampp\htdocs\Sy_EteslaAPI\node_modules\mysql\lib\protocol\sequences\Query.js:79:18)
    at Protocol._parsePacket (C:\xampp\htdocs\Sy_EteslaAPI\node_modules\mysql\lib\protocol\Protocol.js:291:23)
    at Parser._parsePacket (C:\xampp\htdocs\Sy_EteslaAPI\node_modules\mysql\lib\protocol\Parser.js:433:10)
    at Parser.write (C:\xampp\htdocs\Sy_EteslaAPI\node_modules\mysql\lib\protocol\Parser.js:43:10)
    at Protocol.write (C:\xampp\htdocs\Sy_EteslaAPI\node_modules\mysql\lib\protocol\Protocol.js:38:16)
    at Socket.<anonymous> (C:\xampp\htdocs\Sy_EteslaAPI\node_modules\mysql\lib\Connection.js:88:28)
    at Socket.<anonymous> (C:\xampp\htdocs\Sy_EteslaAPI\node_modules\mysql\lib\Connection.js:526:10)
    at Socket.emit (events.js:223:5)
    at addChunk (_stream_readable.js:309:12)
    --------------------
    at Protocol._enqueue (C:\xampp\htdocs\Sy_EteslaAPI\node_modules\mysql\lib\protocol\Protocol.js:144:48)
    at Connection.query (C:\xampp\htdocs\Sy_EteslaAPI\node_modules\mysql\lib\Connection.js:198:25)
    at C:\xampp\htdocs\Sy_EteslaAPI\src\Controller\usuarioController.js:16:22
    at new Promise (<anonymous>)
    at insertarBD (C:\xampp\htdocs\Sy_EteslaAPI\src\Controller\usuarioController.js:15:11)
    at Object.module.exports.insertar (C:\xampp\htdocs\Sy_EteslaAPI\src\Controller\usuarioController.js:51:23)
    at Object.module.exports.insertar (C:\xampp\htdocs\Sy_EteslaAPI\src\BL\usuarioBL.js:51:26)
    at processTicksAndRejections (internal/process/task_queues.js:94:5)
---------------------------------------------------------------------------------------------------------------------------------------------------- 
[2020 M03 10 10:28:07] ERROR || ACCIÓN: INSERTAR / USUARIOS. || ESTATUS: Error. || DETALLES: ER_DUP_ENTRY: Duplicate entry 'ulisesavila@gmail.com' for key 'vEmail'
{"code":"ER_DUP_ENTRY","errno":1062,"sqlMessage":"Duplicate entry 'ulisesavila@gmail.com' for key 'vEmail'","sqlState":"23000","index":0,"sql":"CALL SP_Usuario(0, NULL, NULL, 1, 'Ing', 'holiscrayolis', 'Veracruz', NULL, 'Ulises', 'Avila', 'Camacho', 1239873, 7340275938, 'ulisesavila@gmail.com', '2020-03-10 10:28:35-06:00', NULL, NULL)"}
Error: ER_DUP_ENTRY: Duplicate entry 'ulisesavila@gmail.com' for key 'vEmail'
    at Query.Sequence._packetToError (C:\xampp\htdocs\Sy_EteslaAPI\node_modules\mysql\lib\protocol\sequences\Sequence.js:47:14)
    at Query.ErrorPacket (C:\xampp\htdocs\Sy_EteslaAPI\node_modules\mysql\lib\protocol\sequences\Query.js:79:18)
    at Protocol._parsePacket (C:\xampp\htdocs\Sy_EteslaAPI\node_modules\mysql\lib\protocol\Protocol.js:291:23)
    at Parser._parsePacket (C:\xampp\htdocs\Sy_EteslaAPI\node_modules\mysql\lib\protocol\Parser.js:433:10)
    at Parser.write (C:\xampp\htdocs\Sy_EteslaAPI\node_modules\mysql\lib\protocol\Parser.js:43:10)
    at Protocol.write (C:\xampp\htdocs\Sy_EteslaAPI\node_modules\mysql\lib\protocol\Protocol.js:38:16)
    at Socket.<anonymous> (C:\xampp\htdocs\Sy_EteslaAPI\node_modules\mysql\lib\Connection.js:88:28)
    at Socket.<anonymous> (C:\xampp\htdocs\Sy_EteslaAPI\node_modules\mysql\lib\Connection.js:526:10)
    at Socket.emit (events.js:223:5)
    at addChunk (_stream_readable.js:309:12)
    --------------------
    at Protocol._enqueue (C:\xampp\htdocs\Sy_EteslaAPI\node_modules\mysql\lib\protocol\Protocol.js:144:48)
    at Connection.query (C:\xampp\htdocs\Sy_EteslaAPI\node_modules\mysql\lib\Connection.js:198:25)
    at C:\xampp\htdocs\Sy_EteslaAPI\src\Controller\usuarioController.js:16:22
    at new Promise (<anonymous>)
    at insertarBD (C:\xampp\htdocs\Sy_EteslaAPI\src\Controller\usuarioController.js:15:11)
    at Object.module.exports.insertar (C:\xampp\htdocs\Sy_EteslaAPI\src\Controller\usuarioController.js:51:23)
    at Object.module.exports.insertar (C:\xampp\htdocs\Sy_EteslaAPI\src\BL\usuarioBL.js:51:26)
    at processTicksAndRejections (internal/process/task_queues.js:94:5)
---------------------------------------------------------------------------------------------------------------------------------------------------- 
[2020 M03 10 10:28:07] ERROR || ACCIÓN: INSERTAR / USUARIOS. || ESTATUS: Error. || DETALLES: ER_DUP_ENTRY: Duplicate entry 'ulisesavila@gmail.com' for key 'vEmail'
{"code":"ER_DUP_ENTRY","errno":1062,"sqlMessage":"Duplicate entry 'ulisesavila@gmail.com' for key 'vEmail'","sqlState":"23000","index":0,"sql":"CALL SP_Usuario(0, NULL, NULL, 1, 'Ing', 'holiscrayolis', 'Veracruz', NULL, 'Ulises', 'Avila', 'Camacho', 1239873, 7340275938, 'ulisesavila@gmail.com', '2020-03-10 10:33:09-06:00', NULL, NULL)"}
Error: ER_DUP_ENTRY: Duplicate entry 'ulisesavila@gmail.com' for key 'vEmail'
    at Query.Sequence._packetToError (C:\xampp\htdocs\Sy_EteslaAPI\node_modules\mysql\lib\protocol\sequences\Sequence.js:47:14)
    at Query.ErrorPacket (C:\xampp\htdocs\Sy_EteslaAPI\node_modules\mysql\lib\protocol\sequences\Query.js:79:18)
    at Protocol._parsePacket (C:\xampp\htdocs\Sy_EteslaAPI\node_modules\mysql\lib\protocol\Protocol.js:291:23)
    at Parser._parsePacket (C:\xampp\htdocs\Sy_EteslaAPI\node_modules\mysql\lib\protocol\Parser.js:433:10)
    at Parser.write (C:\xampp\htdocs\Sy_EteslaAPI\node_modules\mysql\lib\protocol\Parser.js:43:10)
    at Protocol.write (C:\xampp\htdocs\Sy_EteslaAPI\node_modules\mysql\lib\protocol\Protocol.js:38:16)
    at Socket.<anonymous> (C:\xampp\htdocs\Sy_EteslaAPI\node_modules\mysql\lib\Connection.js:88:28)
    at Socket.<anonymous> (C:\xampp\htdocs\Sy_EteslaAPI\node_modules\mysql\lib\Connection.js:526:10)
    at Socket.emit (events.js:223:5)
    at addChunk (_stream_readable.js:309:12)
    --------------------
    at Protocol._enqueue (C:\xampp\htdocs\Sy_EteslaAPI\node_modules\mysql\lib\protocol\Protocol.js:144:48)
    at Connection.query (C:\xampp\htdocs\Sy_EteslaAPI\node_modules\mysql\lib\Connection.js:198:25)
    at C:\xampp\htdocs\Sy_EteslaAPI\src\Controller\usuarioController.js:16:22
    at new Promise (<anonymous>)
    at insertarBD (C:\xampp\htdocs\Sy_EteslaAPI\src\Controller\usuarioController.js:15:11)
    at Object.module.exports.insertar (C:\xampp\htdocs\Sy_EteslaAPI\src\Controller\usuarioController.js:51:23)
    at Object.module.exports.insertar (C:\xampp\htdocs\Sy_EteslaAPI\src\BL\usuarioBL.js:51:26)
    at processTicksAndRejections (internal/process/task_queues.js:94:5)
---------------------------------------------------------------------------------------------------------------------------------------------------- 
[2020 M03 10 12:01:51] ERROR || ACCIÓN: VALIDAR / USUARIOS. || ESTATUS: Error. || DETALLES: Las credenciales proporcionadas por el usuario no coinciden con los registros de la base de datos.
---------------------------------------------------------------------------------------------------------------------------------------------------- 
[2020 M03 10 12:03:40] ERROR || ACCIÓN: VALIDAR / USUARIOS. || ESTATUS: Error. || DETALLES: Las credenciales proporcionadas por el usuario no coinciden con los registros de la base de datos.
---------------------------------------------------------------------------------------------------------------------------------------------------- 
[2020 M03 10 12:04:45] ERROR || ACCIÓN: VALIDAR / USUARIOS. || ESTATUS: Error. || DETALLES: Las credenciales proporcionadas por el usuario no coinciden con los registros de la base de datos.
---------------------------------------------------------------------------------------------------------------------------------------------------- 
[2020 M03 10 12:21:05] ERROR || ACCIÓN: VALIDAR / USUARIOS. || ESTATUS: Error. || DETALLES: Las credenciales proporcionadas por el usuario no coinciden con los registros de la base de datos.
---------------------------------------------------------------------------------------------------------------------------------------------------- 
[2020 M03 10 12:24:03] ERROR || ACCIÓN: VALIDAR / USUARIOS. || ESTATUS: Error. || DETALLES: ER_SP_WRONG_NO_OF_ARGS: Incorrect number of arguments for PROCEDURE eteslamx_eteslapanelessolares_sy.SP_Usuario; expected 17, got 16
{"code":"ER_SP_WRONG_NO_OF_ARGS","errno":1318,"sqlMessage":"Incorrect number of arguments for PROCEDURE eteslamx_eteslapanelessolares_sy.SP_Usuario; expected 17, got 16","sqlState":"42000","index":0,"sql":"CALL SP_Usuario(4, NULL, NULL, NULL, NULL, 'holiscrayolis', NULL, NULL, NULL, NULL, NULL, NULL, NULL, 'ulisesavila@gmail.com', NULL, NULL)"}
Error: ER_SP_WRONG_NO_OF_ARGS: Incorrect number of arguments for PROCEDURE eteslamx_eteslapanelessolares_sy.SP_Usuario; expected 17, got 16
    at Query.Sequence._packetToError (C:\xampp\htdocs\Sy_EteslaAPI\node_modules\mysql\lib\protocol\sequences\Sequence.js:47:14)
    at Query.ErrorPacket (C:\xampp\htdocs\Sy_EteslaAPI\node_modules\mysql\lib\protocol\sequences\Query.js:79:18)
    at Protocol._parsePacket (C:\xampp\htdocs\Sy_EteslaAPI\node_modules\mysql\lib\protocol\Protocol.js:291:23)
    at Parser._parsePacket (C:\xampp\htdocs\Sy_EteslaAPI\node_modules\mysql\lib\protocol\Parser.js:433:10)
    at Parser.write (C:\xampp\htdocs\Sy_EteslaAPI\node_modules\mysql\lib\protocol\Parser.js:43:10)
    at Protocol.write (C:\xampp\htdocs\Sy_EteslaAPI\node_modules\mysql\lib\protocol\Protocol.js:38:16)
    at Socket.<anonymous> (C:\xampp\htdocs\Sy_EteslaAPI\node_modules\mysql\lib\Connection.js:88:28)
    at Socket.<anonymous> (C:\xampp\htdocs\Sy_EteslaAPI\node_modules\mysql\lib\Connection.js:526:10)
    at Socket.emit (events.js:223:5)
    at addChunk (_stream_readable.js:309:12)
    --------------------
    at Protocol._enqueue (C:\xampp\htdocs\Sy_EteslaAPI\node_modules\mysql\lib\protocol\Protocol.js:144:48)
    at Connection.query (C:\xampp\htdocs\Sy_EteslaAPI\node_modules\mysql\lib\Connection.js:198:25)
    at C:\xampp\htdocs\Sy_EteslaAPI\src\Controller\usuarioController.js:37:22
    at new Promise (<anonymous>)
    at validarBD (C:\xampp\htdocs\Sy_EteslaAPI\src\Controller\usuarioController.js:36:11)
    at Object.module.exports.validar (C:\xampp\htdocs\Sy_EteslaAPI\src\Controller\usuarioController.js:64:23)
    at Object.module.exports.validar (C:\xampp\htdocs\Sy_EteslaAPI\src\BL\usuarioBL.js:61:25)
    at C:\xampp\htdocs\Sy_EteslaAPI\src\Routes\web.js:37:12
    at Layer.handle [as handle_request] (C:\xampp\htdocs\Sy_EteslaAPI\node_modules\express\lib\router\layer.js:95:5)
    at next (C:\xampp\htdocs\Sy_EteslaAPI\node_modules\express\lib\router\route.js:137:13)
---------------------------------------------------------------------------------------------------------------------------------------------------- 
[2020 M03 10 12:24:19] ERROR || ACCIÓN: VALIDAR / USUARIOS. || ESTATUS: Error. || DETALLES: Las credenciales proporcionadas por el usuario no coinciden con los registros de la base de datos.
---------------------------------------------------------------------------------------------------------------------------------------------------- 
[2020 M03 10 16:36:46] ERROR || ACCIÓN: Insertar Vendedor_Cliente || ESTATUS: Error. || DETALLES: Ocurrió un error al insertar la relación de vendedor con cliente en la base de datos.
---------------------------------------------------------------------------------------------------------------------------------------------------- 
[2020 M03 10 17:17:06] ERROR || ACCIÓN: INSERTAR / CLIENTES. || ESTATUS: Error. || DETALLES: ER_DUP_ENTRY: Duplicate entry 'petroncio2@gmail.com' for key 'vEmail'
{"code":"ER_DUP_ENTRY","errno":1062,"sqlMessage":"Duplicate entry 'petroncio2@gmail.com' for key 'vEmail'","sqlState":"23000","index":0,"sql":"CALL SP_Cliente(0, NULL, 100.1, NULL, 'Petroncio', 'Gomez', 'Camacho', '1239873', '7340275938', 'petroncio2@gmail.com', '2020-03-10 17:20:22-06:00', NULL, NULL, NULL, 'Calle del olvido', 'Boca del Rio', 'Veracruz')"}
Error: ER_DUP_ENTRY: Duplicate entry 'petroncio2@gmail.com' for key 'vEmail'
    at Query.Sequence._packetToError (C:\xampp\htdocs\Sy_EteslaAPI\node_modules\mysql\lib\protocol\sequences\Sequence.js:47:14)
    at Query.ErrorPacket (C:\xampp\htdocs\Sy_EteslaAPI\node_modules\mysql\lib\protocol\sequences\Query.js:79:18)
    at Protocol._parsePacket (C:\xampp\htdocs\Sy_EteslaAPI\node_modules\mysql\lib\protocol\Protocol.js:291:23)
    at Parser._parsePacket (C:\xampp\htdocs\Sy_EteslaAPI\node_modules\mysql\lib\protocol\Parser.js:433:10)
    at Parser.write (C:\xampp\htdocs\Sy_EteslaAPI\node_modules\mysql\lib\protocol\Parser.js:43:10)
    at Protocol.write (C:\xampp\htdocs\Sy_EteslaAPI\node_modules\mysql\lib\protocol\Protocol.js:38:16)
    at Socket.<anonymous> (C:\xampp\htdocs\Sy_EteslaAPI\node_modules\mysql\lib\Connection.js:88:28)
    at Socket.<anonymous> (C:\xampp\htdocs\Sy_EteslaAPI\node_modules\mysql\lib\Connection.js:526:10)
    at Socket.emit (events.js:223:5)
    at addChunk (_stream_readable.js:309:12)
    --------------------
    at Protocol._enqueue (C:\xampp\htdocs\Sy_EteslaAPI\node_modules\mysql\lib\protocol\Protocol.js:144:48)
    at Connection.query (C:\xampp\htdocs\Sy_EteslaAPI\node_modules\mysql\lib\Connection.js:198:25)
    at C:\xampp\htdocs\Sy_EteslaAPI\src\Controller\clienteController.js:15:22
    at new Promise (<anonymous>)
    at insertarBD (C:\xampp\htdocs\Sy_EteslaAPI\src\Controller\clienteController.js:14:11)
    at Object.module.exports.insertar (C:\xampp\htdocs\Sy_EteslaAPI\src\Controller\clienteController.js:103:23)
    at Object.module.exports.insertar (C:\xampp\htdocs\Sy_EteslaAPI\src\BL\clienteBL.js:37:26)
    at processTicksAndRejections (internal/process/task_queues.js:94:5)
---------------------------------------------------------------------------------------------------------------------------------------------------- 
[2020 M03 10 17:34:33] ERROR || ACCIÓN: INSERTAR / CLIENTES. || ESTATUS: Error. || DETALLES: ER_DUP_ENTRY: Duplicate entry 'petroncio8@gmail.com' for key 'vEmail'
{"code":"ER_DUP_ENTRY","errno":1062,"sqlMessage":"Duplicate entry 'petroncio8@gmail.com' for key 'vEmail'","sqlState":"23000","index":0,"sql":"CALL SP_Cliente(0, NULL, 100.1, NULL, 'Petroncio', 'Gomez', 'Camacho', '1239873', '7340275938', 'petroncio8@gmail.com', '2020-03-10 17:34:36-06:00', NULL, NULL, NULL, 'Calle del olvido', 'Boca del Rio', 'Veracruz')"}
Error: ER_DUP_ENTRY: Duplicate entry 'petroncio8@gmail.com' for key 'vEmail'
    at Query.Sequence._packetToError (C:\xampp\htdocs\Sy_EteslaAPI\node_modules\mysql\lib\protocol\sequences\Sequence.js:47:14)
    at Query.ErrorPacket (C:\xampp\htdocs\Sy_EteslaAPI\node_modules\mysql\lib\protocol\sequences\Query.js:79:18)
    at Protocol._parsePacket (C:\xampp\htdocs\Sy_EteslaAPI\node_modules\mysql\lib\protocol\Protocol.js:291:23)
    at Parser._parsePacket (C:\xampp\htdocs\Sy_EteslaAPI\node_modules\mysql\lib\protocol\Parser.js:433:10)
    at Parser.write (C:\xampp\htdocs\Sy_EteslaAPI\node_modules\mysql\lib\protocol\Parser.js:43:10)
    at Protocol.write (C:\xampp\htdocs\Sy_EteslaAPI\node_modules\mysql\lib\protocol\Protocol.js:38:16)
    at Socket.<anonymous> (C:\xampp\htdocs\Sy_EteslaAPI\node_modules\mysql\lib\Connection.js:88:28)
    at Socket.<anonymous> (C:\xampp\htdocs\Sy_EteslaAPI\node_modules\mysql\lib\Connection.js:526:10)
    at Socket.emit (events.js:223:5)
    at addChunk (_stream_readable.js:309:12)
    --------------------
    at Protocol._enqueue (C:\xampp\htdocs\Sy_EteslaAPI\node_modules\mysql\lib\protocol\Protocol.js:144:48)
    at Connection.query (C:\xampp\htdocs\Sy_EteslaAPI\node_modules\mysql\lib\Connection.js:198:25)
    at C:\xampp\htdocs\Sy_EteslaAPI\src\Controller\clienteController.js:13:22
    at new Promise (<anonymous>)
    at insertarBD (C:\xampp\htdocs\Sy_EteslaAPI\src\Controller\clienteController.js:12:11)
    at Object.module.exports.insertar (C:\xampp\htdocs\Sy_EteslaAPI\src\Controller\clienteController.js:101:23)
    at Object.module.exports.insertar (C:\xampp\htdocs\Sy_EteslaAPI\src\BL\clienteBL.js:37:26)
    at processTicksAndRejections (internal/process/task_queues.js:94:5)
---------------------------------------------------------------------------------------------------------------------------------------------------- 
[2020 M03 10 17:34:33] ERROR || ACCIÓN: INSERTAR / CLIENTE. || ESTATUS: Error. || DETALLES: 
---------------------------------------------------------------------------------------------------------------------------------------------------- 
[2020 M03 10 17:34:33] ERROR || ACCIÓN: INSERTAR / CLIENTES. || ESTATUS: Error. || DETALLES: ER_DUP_ENTRY: Duplicate entry 'petroncio9@gmail.com' for key 'vEmail'
{"code":"ER_DUP_ENTRY","errno":1062,"sqlMessage":"Duplicate entry 'petroncio9@gmail.com' for key 'vEmail'","sqlState":"23000","index":0,"sql":"CALL SP_Cliente(0, NULL, 100.1, NULL, 'Petroncio', 'Gomez', 'Camacho', '1239873', '7340275938', 'petroncio9@gmail.com', '2020-03-10 17:34:58-06:00', NULL, NULL, NULL, 'Calle del olvido', 'Boca del Rio', 'Veracruz')"}
Error: ER_DUP_ENTRY: Duplicate entry 'petroncio9@gmail.com' for key 'vEmail'
    at Query.Sequence._packetToError (C:\xampp\htdocs\Sy_EteslaAPI\node_modules\mysql\lib\protocol\sequences\Sequence.js:47:14)
    at Query.ErrorPacket (C:\xampp\htdocs\Sy_EteslaAPI\node_modules\mysql\lib\protocol\sequences\Query.js:79:18)
    at Protocol._parsePacket (C:\xampp\htdocs\Sy_EteslaAPI\node_modules\mysql\lib\protocol\Protocol.js:291:23)
    at Parser._parsePacket (C:\xampp\htdocs\Sy_EteslaAPI\node_modules\mysql\lib\protocol\Parser.js:433:10)
    at Parser.write (C:\xampp\htdocs\Sy_EteslaAPI\node_modules\mysql\lib\protocol\Parser.js:43:10)
    at Protocol.write (C:\xampp\htdocs\Sy_EteslaAPI\node_modules\mysql\lib\protocol\Protocol.js:38:16)
    at Socket.<anonymous> (C:\xampp\htdocs\Sy_EteslaAPI\node_modules\mysql\lib\Connection.js:88:28)
    at Socket.<anonymous> (C:\xampp\htdocs\Sy_EteslaAPI\node_modules\mysql\lib\Connection.js:526:10)
    at Socket.emit (events.js:223:5)
    at addChunk (_stream_readable.js:309:12)
    --------------------
    at Protocol._enqueue (C:\xampp\htdocs\Sy_EteslaAPI\node_modules\mysql\lib\protocol\Protocol.js:144:48)
    at Connection.query (C:\xampp\htdocs\Sy_EteslaAPI\node_modules\mysql\lib\Connection.js:198:25)
    at C:\xampp\htdocs\Sy_EteslaAPI\src\Controller\clienteController.js:13:22
    at new Promise (<anonymous>)
    at insertarBD (C:\xampp\htdocs\Sy_EteslaAPI\src\Controller\clienteController.js:12:11)
    at Object.module.exports.insertar (C:\xampp\htdocs\Sy_EteslaAPI\src\Controller\clienteController.js:101:23)
    at Object.module.exports.insertar (C:\xampp\htdocs\Sy_EteslaAPI\src\BL\clienteBL.js:37:26)
    at processTicksAndRejections (internal/process/task_queues.js:94:5)
---------------------------------------------------------------------------------------------------------------------------------------------------- 
[2020 M03 10 17:34:33] ERROR || ACCIÓN: INSERTAR / CLIENTE. || ESTATUS: Error. || DETALLES: 
---------------------------------------------------------------------------------------------------------------------------------------------------- 
[2020 M03 10 17:37:33] ERROR || ACCIÓN: INSERTAR / CLIENTES. || ESTATUS: Error. || DETALLES: ER_DUP_ENTRY: Duplicate entry 'petroncio10@gmail.com' for key 'vEmail'
{"code":"ER_DUP_ENTRY","errno":1062,"sqlMessage":"Duplicate entry 'petroncio10@gmail.com' for key 'vEmail'","sqlState":"23000","index":0,"sql":"CALL SP_Cliente(0, NULL, 100.1, NULL, 'Petroncio', 'Gomez', 'Camacho', '1239873', '7340275938', 'petroncio10@gmail.com', '2020-03-10 17:37:36-06:00', NULL, NULL, NULL, 'Calle del olvido', 'Boca del Rio', 'Veracruz')"}
Error: ER_DUP_ENTRY: Duplicate entry 'petroncio10@gmail.com' for key 'vEmail'
    at Query.Sequence._packetToError (C:\xampp\htdocs\Sy_EteslaAPI\node_modules\mysql\lib\protocol\sequences\Sequence.js:47:14)
    at Query.ErrorPacket (C:\xampp\htdocs\Sy_EteslaAPI\node_modules\mysql\lib\protocol\sequences\Query.js:79:18)
    at Protocol._parsePacket (C:\xampp\htdocs\Sy_EteslaAPI\node_modules\mysql\lib\protocol\Protocol.js:291:23)
    at Parser._parsePacket (C:\xampp\htdocs\Sy_EteslaAPI\node_modules\mysql\lib\protocol\Parser.js:433:10)
    at Parser.write (C:\xampp\htdocs\Sy_EteslaAPI\node_modules\mysql\lib\protocol\Parser.js:43:10)
    at Protocol.write (C:\xampp\htdocs\Sy_EteslaAPI\node_modules\mysql\lib\protocol\Protocol.js:38:16)
    at Socket.<anonymous> (C:\xampp\htdocs\Sy_EteslaAPI\node_modules\mysql\lib\Connection.js:88:28)
    at Socket.<anonymous> (C:\xampp\htdocs\Sy_EteslaAPI\node_modules\mysql\lib\Connection.js:526:10)
    at Socket.emit (events.js:223:5)
    at addChunk (_stream_readable.js:309:12)
    --------------------
    at Protocol._enqueue (C:\xampp\htdocs\Sy_EteslaAPI\node_modules\mysql\lib\protocol\Protocol.js:144:48)
    at Connection.query (C:\xampp\htdocs\Sy_EteslaAPI\node_modules\mysql\lib\Connection.js:198:25)
    at C:\xampp\htdocs\Sy_EteslaAPI\src\Controller\clienteController.js:13:22
    at new Promise (<anonymous>)
    at insertarBD (C:\xampp\htdocs\Sy_EteslaAPI\src\Controller\clienteController.js:12:11)
    at Object.module.exports.insertar (C:\xampp\htdocs\Sy_EteslaAPI\src\Controller\clienteController.js:101:23)
    at Object.module.exports.insertar (C:\xampp\htdocs\Sy_EteslaAPI\src\BL\clienteBL.js:37:26)
    at processTicksAndRejections (internal/process/task_queues.js:94:5)
---------------------------------------------------------------------------------------------------------------------------------------------------- 
[2020 M03 10 17:39:33] ERROR || ACCIÓN: INSERTAR / CLIENTES. || ESTATUS: Error. || DETALLES: ER_DUP_ENTRY: Duplicate entry 'petroncio11@gmail.com' for key 'vEmail'
{"code":"ER_DUP_ENTRY","errno":1062,"sqlMessage":"Duplicate entry 'petroncio11@gmail.com' for key 'vEmail'","sqlState":"23000","index":0,"sql":"CALL SP_Cliente(0, NULL, 100.1, NULL, 'Petroncio', 'Gomez', 'Camacho', '1239873', '7340275938', 'petroncio11@gmail.com', '2020-03-10 17:39:36-06:00', NULL, NULL, NULL, 'Calle del olvido', 'Boca del Rio', 'Veracruz')"}
Error: ER_DUP_ENTRY: Duplicate entry 'petroncio11@gmail.com' for key 'vEmail'
    at Query.Sequence._packetToError (C:\xampp\htdocs\Sy_EteslaAPI\node_modules\mysql\lib\protocol\sequences\Sequence.js:47:14)
    at Query.ErrorPacket (C:\xampp\htdocs\Sy_EteslaAPI\node_modules\mysql\lib\protocol\sequences\Query.js:79:18)
    at Protocol._parsePacket (C:\xampp\htdocs\Sy_EteslaAPI\node_modules\mysql\lib\protocol\Protocol.js:291:23)
    at Parser._parsePacket (C:\xampp\htdocs\Sy_EteslaAPI\node_modules\mysql\lib\protocol\Parser.js:433:10)
    at Parser.write (C:\xampp\htdocs\Sy_EteslaAPI\node_modules\mysql\lib\protocol\Parser.js:43:10)
    at Protocol.write (C:\xampp\htdocs\Sy_EteslaAPI\node_modules\mysql\lib\protocol\Protocol.js:38:16)
    at Socket.<anonymous> (C:\xampp\htdocs\Sy_EteslaAPI\node_modules\mysql\lib\Connection.js:88:28)
    at Socket.<anonymous> (C:\xampp\htdocs\Sy_EteslaAPI\node_modules\mysql\lib\Connection.js:526:10)
    at Socket.emit (events.js:223:5)
    at addChunk (_stream_readable.js:309:12)
    --------------------
    at Protocol._enqueue (C:\xampp\htdocs\Sy_EteslaAPI\node_modules\mysql\lib\protocol\Protocol.js:144:48)
    at Connection.query (C:\xampp\htdocs\Sy_EteslaAPI\node_modules\mysql\lib\Connection.js:198:25)
    at C:\xampp\htdocs\Sy_EteslaAPI\src\Controller\clienteController.js:13:22
    at new Promise (<anonymous>)
    at insertarBD (C:\xampp\htdocs\Sy_EteslaAPI\src\Controller\clienteController.js:12:11)
    at Object.module.exports.insertar (C:\xampp\htdocs\Sy_EteslaAPI\src\Controller\clienteController.js:101:23)
    at Object.module.exports.insertar (C:\xampp\htdocs\Sy_EteslaAPI\src\BL\clienteBL.js:37:26)
    at processTicksAndRejections (internal/process/task_queues.js:94:5)
---------------------------------------------------------------------------------------------------------------------------------------------------- 
[2020 M03 10 17:49:07] ERROR || ACCIÓN: INSERTAR / CLIENTES. || ESTATUS: Error. || DETALLES: ER_DUP_ENTRY: Duplicate entry 'petroncio18@gmail.com' for key 'vEmail'
{"code":"ER_DUP_ENTRY","errno":1062,"sqlMessage":"Duplicate entry 'petroncio18@gmail.com' for key 'vEmail'","sqlState":"23000","index":0,"sql":"CALL SP_Cliente(0, NULL, 100.1, NULL, 'Petroncio', 'Gomez', 'Camacho', '1239873', '7340275938', 'petroncio18@gmail.com', '2020-03-10 17:49:14-06:00', NULL, NULL, NULL, 'Calle del olvido', 'Boca del Rio', 'Veracruz')"}
Error: ER_DUP_ENTRY: Duplicate entry 'petroncio18@gmail.com' for key 'vEmail'
    at Query.Sequence._packetToError (C:\xampp\htdocs\Sy_EteslaAPI\node_modules\mysql\lib\protocol\sequences\Sequence.js:47:14)
    at Query.ErrorPacket (C:\xampp\htdocs\Sy_EteslaAPI\node_modules\mysql\lib\protocol\sequences\Query.js:79:18)
    at Protocol._parsePacket (C:\xampp\htdocs\Sy_EteslaAPI\node_modules\mysql\lib\protocol\Protocol.js:291:23)
    at Parser._parsePacket (C:\xampp\htdocs\Sy_EteslaAPI\node_modules\mysql\lib\protocol\Parser.js:433:10)
    at Parser.write (C:\xampp\htdocs\Sy_EteslaAPI\node_modules\mysql\lib\protocol\Parser.js:43:10)
    at Protocol.write (C:\xampp\htdocs\Sy_EteslaAPI\node_modules\mysql\lib\protocol\Protocol.js:38:16)
    at Socket.<anonymous> (C:\xampp\htdocs\Sy_EteslaAPI\node_modules\mysql\lib\Connection.js:88:28)
    at Socket.<anonymous> (C:\xampp\htdocs\Sy_EteslaAPI\node_modules\mysql\lib\Connection.js:526:10)
    at Socket.emit (events.js:223:5)
    at addChunk (_stream_readable.js:309:12)
    --------------------
    at Protocol._enqueue (C:\xampp\htdocs\Sy_EteslaAPI\node_modules\mysql\lib\protocol\Protocol.js:144:48)
    at Connection.query (C:\xampp\htdocs\Sy_EteslaAPI\node_modules\mysql\lib\Connection.js:198:25)
    at C:\xampp\htdocs\Sy_EteslaAPI\src\Controller\clienteController.js:13:22
    at new Promise (<anonymous>)
    at insertarBD (C:\xampp\htdocs\Sy_EteslaAPI\src\Controller\clienteController.js:12:11)
    at Object.module.exports.insertar (C:\xampp\htdocs\Sy_EteslaAPI\src\Controller\clienteController.js:101:23)
    at Object.module.exports.insertar (C:\xampp\htdocs\Sy_EteslaAPI\src\BL\clienteBL.js:37:26)
    at processTicksAndRejections (internal/process/task_queues.js:94:5)
---------------------------------------------------------------------------------------------------------------------------------------------------- 
